==================Pipeline Sequential INIT on ./pipeline_logs/BP-3x3_2A_2H_1L_TEAM-pipeline-2020-12-02 04:56:30.398245================
==================Pipeline Starts on ./pipeline_logs/BP-3x3_2A_2H_1L_TEAM-pipeline-2020-12-02 04:56:30.398370================
Solving team problem
Projecting team problem
{'/home/eliranab/FDMAP/Resources/problems/BP-3x3_2A_2H_1L_TEAM_agent1.pomdpx': 250, '/home/eliranab/FDMAP/Resources/problems/BP-3x3_2A_2H_1L_TEAM_agent2.pomdpx': 250}
Projection took 6.564469
Solving BP-3x3_2A_2H_1L_TEAM_agent1 with precision 250.000000
Solving BP-3x3_2A_2H_1L_TEAM_agent2 with precision 250.000000
Aligning
['/home/eliranab/FDMAP/Resources/graphs/BP-3x3_2A_2H_1L_TEAM_agent2.dot', '/home/eliranab/FDMAP/Resources/graphs/BP-3x3_2A_2H_1L_TEAM_agent1.dot']
Took 12.269149
Simulating
===Start sim for horizon 200===
Won 882 out of 882 nonempty games, 100 percent
Won 1000 out of 1000 games, 100 percent
With empty states, avg accumulated discounted reward: 125.233589
Without empty states, avg accumulated discounted reward: 141.988196
Max steps in win: 110
Avg steps in win: 43
==================Pipeline Finished on ./pipeline_logs/BP-3x3_2A_2H_1L_TEAM-pipeline-2020-12-02 04:56:30.398370================
