==================Pipeline Sequential INIT on ./pipeline_logs/BP-2x1_2A_1H_0L_TEAM-pipeline-2020-12-01 05:02:03.973274================
==================Pipeline Sequential INIT on ./pipeline_logs/BP-2x2_2A_0H_2L_TEAM-pipeline-2020-12-01 05:02:03.973378================
==================Pipeline Sequential INIT on ./pipeline_logs/BP-2x2_3A_0H_2L_TEAM-pipeline-2020-12-01 05:02:03.973409================
==================Pipeline Sequential INIT on ./pipeline_logs/BP-3x2_3A_0H_2L_TEAM-pipeline-2020-12-01 05:02:03.973427================
==================Pipeline Sequential INIT on ./pipeline_logs/BP-3x2_3A_0H_3L_TEAM-pipeline-2020-12-01 05:02:03.973443================
==================Pipeline Sequential INIT on ./pipeline_logs/BP-3x1_2A_1H_1L_TEAM-pipeline-2020-12-01 05:02:03.973459================
==================Pipeline Sequential INIT on ./pipeline_logs/BPPEN-3x1_2A_1H_1L_TEAM-pipeline-2020-12-01 05:02:03.973474================
==================Pipeline Sequential INIT on ./pipeline_logs/BPPEN-2x2_2A_0H_2L_TEAM-pipeline-2020-12-01 05:02:03.973490================
==================Pipeline Sequential INIT on ./pipeline_logs/BPPEN-2x2_2A_0H_3L_TEAM-pipeline-2020-12-01 05:02:03.973505================
==================Pipeline Starts on ./pipeline_logs/BP-2x1_2A_1H_0L_TEAM-pipeline-2020-12-01 05:02:03.973526================
Solving team problem
Projecting team problem
{'/home/eliranab/FDMAP/Resources/problems/BP-2x1_2A_1H_0L_TEAM_agent1.pomdpx': 2, '/home/eliranab/FDMAP/Resources/problems/BP-2x1_2A_1H_0L_TEAM_agent2.pomdpx': 2}
Projection took 5.573399
Solving BP-2x1_2A_1H_0L_TEAM_agent1 with precision 2.000000
Solving BP-2x1_2A_1H_0L_TEAM_agent2 with precision 2.000000
Aligning
['/home/eliranab/FDMAP/Resources/graphs/BP-2x1_2A_1H_0L_TEAM_agent2.dot', '/home/eliranab/FDMAP/Resources/graphs/BP-2x1_2A_1H_0L_TEAM_agent1.dot']
Took 0.153010
Simulating
===Start sim for horizon 200===
Won 488 out of 488 nonempty games, 100 percent
Won 1000 out of 1000 games, 100 percent
With empty states, avg accumulated discounted reward: 418.899419
Without empty states, avg accumulated discounted reward: 858.400449
Max steps in win: 19
Avg steps in win: 4
==================Pipeline Finished on ./pipeline_logs/BP-2x1_2A_1H_0L_TEAM-pipeline-2020-12-01 05:02:03.973526================
==================Pipeline Starts on ./pipeline_logs/BP-2x2_2A_0H_2L_TEAM-pipeline-2020-12-01 05:02:16.522605================
Solving team problem
Projecting team problem
{'/home/eliranab/FDMAP/Resources/problems/BP-2x2_2A_0H_2L_TEAM_agent1.pomdpx': 2, '/home/eliranab/FDMAP/Resources/problems/BP-2x2_2A_0H_2L_TEAM_agent2.pomdpx': 2}
Projection took 7.744006
Solving BP-2x2_2A_0H_2L_TEAM_agent1 with precision 2.000000
Solving BP-2x2_2A_0H_2L_TEAM_agent2 with precision 2.000000
Aligning
['/home/eliranab/FDMAP/Resources/graphs/BP-2x2_2A_0H_2L_TEAM_agent2.dot', '/home/eliranab/FDMAP/Resources/graphs/BP-2x2_2A_0H_2L_TEAM_agent1.dot']
Took 0.400385
Simulating
===Start sim for horizon 200===
Won 743 out of 743 nonempty games, 100 percent
Won 1000 out of 1000 games, 100 percent
With empty states, avg accumulated discounted reward: 365.408802
Without empty states, avg accumulated discounted reward: 491.801887
Max steps in win: 25
Avg steps in win: 9
==================Pipeline Finished on ./pipeline_logs/BP-2x2_2A_0H_2L_TEAM-pipeline-2020-12-01 05:02:16.522605================
==================Pipeline Starts on ./pipeline_logs/BP-2x2_3A_0H_2L_TEAM-pipeline-2020-12-01 05:02:56.779169================
Solving team problem
==================Pipeline ERROR on ./pipeline_logs/BP-2x2_3A_0H_2L_TEAM-pipeline-2020-12-01 05:02:56.779169: ================
==================Pipeline Starts on ./pipeline_logs/BP-3x2_3A_0H_2L_TEAM-pipeline-2020-12-01 05:02:56.805022================
Solving team problem
Projecting team problem
{'/home/eliranab/FDMAP/Resources/problems/BP-3x2_3A_0H_2L_TEAM_agent1.pomdpx': 2, '/home/eliranab/FDMAP/Resources/problems/BP-3x2_3A_0H_2L_TEAM_agent2.pomdpx': 2, '/home/eliranab/FDMAP/Resources/problems/BP-3x2_3A_0H_2L_TEAM_agent3.pomdpx': 2}
Projection took 9.323016
Solving BP-3x2_3A_0H_2L_TEAM_agent1 with precision 2.000000
Solving BP-3x2_3A_0H_2L_TEAM_agent2 with precision 2.000000
Solving BP-3x2_3A_0H_2L_TEAM_agent3 with precision 2.000000
Aligning
['/home/eliranab/FDMAP/Resources/graphs/BP-3x2_3A_0H_2L_TEAM_agent3.dot', '/home/eliranab/FDMAP/Resources/graphs/BP-3x2_3A_0H_2L_TEAM_agent2.dot', '/home/eliranab/FDMAP/Resources/graphs/BP-3x2_3A_0H_2L_TEAM_agent1.dot']
Took 2.987647
Simulating
===Start sim for horizon 200===
Won 745 out of 745 nonempty games, 100 percent
Won 1000 out of 1000 games, 100 percent
With empty states, avg accumulated discounted reward: 265.704472
Without empty states, avg accumulated discounted reward: 356.650298
Max steps in win: 40
Avg steps in win: 13
==================Pipeline Finished on ./pipeline_logs/BP-3x2_3A_0H_2L_TEAM-pipeline-2020-12-01 05:02:56.805022================
==================Pipeline Starts on ./pipeline_logs/BP-3x2_3A_0H_3L_TEAM-pipeline-2020-12-01 05:11:45.405288================
Solving team problem
Projecting team problem
{'/home/eliranab/FDMAP/Resources/problems/BP-3x2_3A_0H_3L_TEAM_agent1.pomdpx': 2, '/home/eliranab/FDMAP/Resources/problems/BP-3x2_3A_0H_3L_TEAM_agent2.pomdpx': 2, '/home/eliranab/FDMAP/Resources/problems/BP-3x2_3A_0H_3L_TEAM_agent3.pomdpx': 2}
Projection took 10.627136
Solving BP-3x2_3A_0H_3L_TEAM_agent1 with precision 2.000000
Solving BP-3x2_3A_0H_3L_TEAM_agent2 with precision 2.000000
Solving BP-3x2_3A_0H_3L_TEAM_agent3 with precision 2.000000
Aligning
['/home/eliranab/FDMAP/Resources/graphs/BP-3x2_3A_0H_3L_TEAM_agent3.dot', '/home/eliranab/FDMAP/Resources/graphs/BP-3x2_3A_0H_3L_TEAM_agent2.dot', '/home/eliranab/FDMAP/Resources/graphs/BP-3x2_3A_0H_3L_TEAM_agent1.dot']
Took 67.679178
Simulating
===Start sim for horizon 200===
Won 749 out of 870 nonempty games, 86 percent
Won 879 out of 1000 games, 87 percent
With empty states, avg accumulated discounted reward: 311.206367
Without empty states, avg accumulated discounted reward: 357.708468
Max steps in win: 42
Avg steps in win: 17
==================Pipeline Finished on ./pipeline_logs/BP-3x2_3A_0H_3L_TEAM-pipeline-2020-12-01 05:11:45.405288================
==================Pipeline Starts on ./pipeline_logs/BP-3x1_2A_1H_1L_TEAM-pipeline-2020-12-01 07:46:02.345953================
Solving team problem
Projecting team problem
{'/home/eliranab/FDMAP/Resources/problems/BP-3x1_2A_1H_1L_TEAM_agent1.pomdpx': 2, '/home/eliranab/FDMAP/Resources/problems/BP-3x1_2A_1H_1L_TEAM_agent2.pomdpx': 2}
Projection took 3.955486
Solving BP-3x1_2A_1H_1L_TEAM_agent1 with precision 2.000000
Solving BP-3x1_2A_1H_1L_TEAM_agent2 with precision 2.000000
Aligning
['/home/eliranab/FDMAP/Resources/graphs/BP-3x1_2A_1H_1L_TEAM_agent2.dot', '/home/eliranab/FDMAP/Resources/graphs/BP-3x1_2A_1H_1L_TEAM_agent1.dot']
Took 0.287030
Simulating
===Start sim for horizon 200===
Won 52 out of 742 nonempty games, 7 percent
Won 310 out of 1000 games, 31 percent
With empty states, avg accumulated discounted reward: -1204.079271
Without empty states, avg accumulated discounted reward: -1622.748343
Max steps in win: 18
Avg steps in win: 7
==================Pipeline Finished on ./pipeline_logs/BP-3x1_2A_1H_1L_TEAM-pipeline-2020-12-01 07:46:02.345953================
==================Pipeline Starts on ./pipeline_logs/BPPEN-3x1_2A_1H_1L_TEAM-pipeline-2020-12-01 07:47:59.487915================
Solving team problem
Projecting team problem
{'/home/eliranab/FDMAP/Resources/problems/BPPEN-3x1_2A_1H_1L_TEAM_agent1.pomdpx': 2, '/home/eliranab/FDMAP/Resources/problems/BPPEN-3x1_2A_1H_1L_TEAM_agent2.pomdpx': 2}
Projection took 6.414004
Solving BPPEN-3x1_2A_1H_1L_TEAM_agent1 with precision 2.000000
Solving BPPEN-3x1_2A_1H_1L_TEAM_agent2 with precision 2.000000
Aligning
['/home/eliranab/FDMAP/Resources/graphs/BPPEN-3x1_2A_1H_1L_TEAM_agent2.dot', '/home/eliranab/FDMAP/Resources/graphs/BPPEN-3x1_2A_1H_1L_TEAM_agent1.dot']
Took 0.251174
Simulating
===Start sim for horizon 200===
Won 60 out of 727 nonempty games, 8 percent
Won 333 out of 1000 games, 33 percent
With empty states, avg accumulated discounted reward: -1132.571995
Without empty states, avg accumulated discounted reward: -1557.870695
Max steps in win: 18
Avg steps in win: 7
==================Pipeline Finished on ./pipeline_logs/BPPEN-3x1_2A_1H_1L_TEAM-pipeline-2020-12-01 07:47:59.487915================
==================Pipeline Starts on ./pipeline_logs/BPPEN-2x2_2A_0H_2L_TEAM-pipeline-2020-12-01 07:50:02.915263================
Solving team problem
Projecting team problem
{'/home/eliranab/FDMAP/Resources/problems/BPPEN-2x2_2A_0H_2L_TEAM_agent1.pomdpx': 2, '/home/eliranab/FDMAP/Resources/problems/BPPEN-2x2_2A_0H_2L_TEAM_agent2.pomdpx': 2}
Projection took 8.551658
Solving BPPEN-2x2_2A_0H_2L_TEAM_agent1 with precision 2.000000
Solving BPPEN-2x2_2A_0H_2L_TEAM_agent2 with precision 2.000000
Aligning
['/home/eliranab/FDMAP/Resources/graphs/BPPEN-2x2_2A_0H_2L_TEAM_agent2.dot', '/home/eliranab/FDMAP/Resources/graphs/BPPEN-2x2_2A_0H_2L_TEAM_agent1.dot']
Took 0.222210
Simulating
===Start sim for horizon 200===
Won 750 out of 750 nonempty games, 100 percent
Won 1000 out of 1000 games, 100 percent
With empty states, avg accumulated discounted reward: 356.730850
Without empty states, avg accumulated discounted reward: 475.641133
Max steps in win: 25
Avg steps in win: 10
==================Pipeline Finished on ./pipeline_logs/BPPEN-2x2_2A_0H_2L_TEAM-pipeline-2020-12-01 07:50:02.915263================
==================Pipeline Starts on ./pipeline_logs/BPPEN-2x2_2A_0H_3L_TEAM-pipeline-2020-12-01 07:50:30.952812================
Solving team problem
Projecting team problem
{'/home/eliranab/FDMAP/Resources/problems/BPPEN-2x2_2A_0H_3L_TEAM_agent1.pomdpx': 2, '/home/eliranab/FDMAP/Resources/problems/BPPEN-2x2_2A_0H_3L_TEAM_agent2.pomdpx': 2}
Projection took 14.936365
Solving BPPEN-2x2_2A_0H_3L_TEAM_agent1 with precision 2.000000
Solving BPPEN-2x2_2A_0H_3L_TEAM_agent2 with precision 2.000000
Aligning
['/home/eliranab/FDMAP/Resources/graphs/BPPEN-2x2_2A_0H_3L_TEAM_agent2.dot', '/home/eliranab/FDMAP/Resources/graphs/BPPEN-2x2_2A_0H_3L_TEAM_agent1.dot']
Took 0.480305
Simulating
===Start sim for horizon 200===
Won 884 out of 884 nonempty games, 100 percent
Won 1000 out of 1000 games, 100 percent
With empty states, avg accumulated discounted reward: 530.899175
Without empty states, avg accumulated discounted reward: 600.564677
Max steps in win: 35
Avg steps in win: 14
==================Pipeline Finished on ./pipeline_logs/BPPEN-2x2_2A_0H_3L_TEAM-pipeline-2020-12-01 07:50:30.952812================
