==================Pipeline Sequential INIT on ./pipeline_logs/BP-3x3_2A_2H_1L_TEAM-pipeline-2020-12-01 11:09:55.636677================
==================Pipeline Starts on ./pipeline_logs/BP-3x3_2A_2H_1L_TEAM-pipeline-2020-12-01 11:09:55.644403================
Solving team problem
Projecting team problem
{'/home/eliranab/FDMAP/Resources/problems/BP-3x3_2A_2H_1L_TEAM_agent1.pomdpx': 250, '/home/eliranab/FDMAP/Resources/problems/BP-3x3_2A_2H_1L_TEAM_agent2.pomdpx': 250}
Projection took 6.637747
Solving BP-3x3_2A_2H_1L_TEAM_agent1 with precision 250.000000
Solving BP-3x3_2A_2H_1L_TEAM_agent2 with precision 250.000000
Aligning
['/home/eliranab/FDMAP/Resources/graphs/BP-3x3_2A_2H_1L_TEAM_agent2.dot', '/home/eliranab/FDMAP/Resources/graphs/BP-3x3_2A_2H_1L_TEAM_agent1.dot']
Took 16.699363
Simulating
===Start sim for horizon 200===
Won 525 out of 900 nonempty games, 58 percent
Won 625 out of 1000 games, 62 percent
With empty states, avg accumulated discounted reward: -685.268968
Without empty states, avg accumulated discounted reward: -761.409964
Max steps in win: 86
Avg steps in win: 33
==================Pipeline Finished on ./pipeline_logs/BP-3x3_2A_2H_1L_TEAM-pipeline-2020-12-01 11:09:55.644403================
