==================Pipeline Sequential INIT on ./pipeline_logs/RS-3x4_2C_2S_2P_TEAM-pipeline-2020-12-11 12:57:30.147076================
==================Pipeline Sequential INIT on ./pipeline_logs/RS-5x4_2C_2S_2P_TEAM-pipeline-2020-12-11 12:57:30.174728================
==================Pipeline Sequential INIT on ./pipeline_logs/RS-5x4_2C_2S_4P_TEAM-pipeline-2020-12-11 12:57:30.174755================
==================Pipeline Starts on ./pipeline_logs/RS-3x4_2C_2S_2P_TEAM-pipeline-2020-12-11 12:57:30.174773================
Solving team problem
Projecting team problem
{'/home/eliranab/FDMAP/Resources/problems/RS-3x4_2C_2S_2P_TEAM_car1.pomdpx': 50, '/home/eliranab/FDMAP/Resources/problems/RS-3x4_2C_2S_2P_TEAM_car2.pomdpx': 50}
Projection took 9.336051
Solving RS-3x4_2C_2S_2P_TEAM_car1 with precision 50.000000
Solving RS-3x4_2C_2S_2P_TEAM_car2 with precision 50.000000
Aligning
['/home/eliranab/FDMAP/Resources/graphs/RS-3x4_2C_2S_2P_TEAM_car2.dot', '/home/eliranab/FDMAP/Resources/graphs/RS-3x4_2C_2S_2P_TEAM_car1.dot']
Took 2.527066
Simulating
===Start sim for horizon 200===
Won 934 out of 943 nonempty games, 99 percent
Won 991 out of 1000 games, 99 percent
With empty states, avg accumulated discounted reward: 1030.024895
Without empty states, avg accumulated discounted reward: 1092.285148
Max steps in win: 33
Avg steps in win: 22
==================Pipeline Finished on ./pipeline_logs/RS-3x4_2C_2S_2P_TEAM-pipeline-2020-12-11 12:57:30.174773================
==================Pipeline Starts on ./pipeline_logs/RS-5x4_2C_2S_2P_TEAM-pipeline-2020-12-11 13:46:56.411386================
Solving team problem
Projecting team problem
{'/home/eliranab/FDMAP/Resources/problems/RS-5x4_2C_2S_2P_TEAM_car1.pomdpx': 50, '/home/eliranab/FDMAP/Resources/problems/RS-5x4_2C_2S_2P_TEAM_car2.pomdpx': 50}
Projection took 9.388907
Solving RS-5x4_2C_2S_2P_TEAM_car1 with precision 50.000000
Solving RS-5x4_2C_2S_2P_TEAM_car2 with precision 50.000000
Aligning
['/home/eliranab/FDMAP/Resources/graphs/RS-5x4_2C_2S_2P_TEAM_car2.dot', '/home/eliranab/FDMAP/Resources/graphs/RS-5x4_2C_2S_2P_TEAM_car1.dot']
Took 0.939244
Simulating
===Start sim for horizon 200===
Won 933 out of 941 nonempty games, 99 percent
Won 992 out of 1000 games, 99 percent
With empty states, avg accumulated discounted reward: 1157.953808
Without empty states, avg accumulated discounted reward: 1230.556651
Max steps in win: 27
Avg steps in win: 16
==================Pipeline Finished on ./pipeline_logs/RS-5x4_2C_2S_2P_TEAM-pipeline-2020-12-11 13:46:56.411386================
==================Pipeline Starts on ./pipeline_logs/RS-5x4_2C_2S_4P_TEAM-pipeline-2020-12-11 14:34:17.722598================
Solving team problem
Projecting team problem
{'/home/eliranab/FDMAP/Resources/problems/RS-5x4_2C_2S_4P_TEAM_car1.pomdpx': 50, '/home/eliranab/FDMAP/Resources/problems/RS-5x4_2C_2S_4P_TEAM_car2.pomdpx': 50}
Projection took 12.143384
Solving RS-5x4_2C_2S_4P_TEAM_car1 with precision 50.000000
Solving RS-5x4_2C_2S_4P_TEAM_car2 with precision 50.000000
Aligning
['/home/eliranab/FDMAP/Resources/graphs/RS-5x4_2C_2S_4P_TEAM_car2.dot', '/home/eliranab/FDMAP/Resources/graphs/RS-5x4_2C_2S_4P_TEAM_car1.dot']
Took 1.825423
Simulating
===Start sim for horizon 200===
Won 964 out of 985 nonempty games, 97 percent
Won 979 out of 1000 games, 97 percent
With empty states, avg accumulated discounted reward: 1121.123734
Without empty states, avg accumulated discounted reward: 1138.196684
Max steps in win: 33
Avg steps in win: 21
==================Pipeline Finished on ./pipeline_logs/RS-5x4_2C_2S_4P_TEAM-pipeline-2020-12-11 14:34:17.722598================
