==================Pipeline Sequential INIT on ./pipeline_logs/BP-3x3_2A_2H_1L_TEAM-pipeline-2020-12-01 13:13:05.211871================
==================Pipeline Starts on ./pipeline_logs/BP-3x3_2A_2H_1L_TEAM-pipeline-2020-12-01 13:13:05.211996================
Solving team problem
Projecting team problem
{'/home/eliranab/FDMAP/Resources/problems/BP-3x3_2A_2H_1L_TEAM_agent1.pomdpx': 200, '/home/eliranab/FDMAP/Resources/problems/BP-3x3_2A_2H_1L_TEAM_agent2.pomdpx': 200}
Projection took 12.179066
Solving BP-3x3_2A_2H_1L_TEAM_agent1 with precision 200.000000
Solving BP-3x3_2A_2H_1L_TEAM_agent2 with precision 200.000000
Aligning
['/home/eliranab/FDMAP/Resources/graphs/BP-3x3_2A_2H_1L_TEAM_agent2.dot', '/home/eliranab/FDMAP/Resources/graphs/BP-3x3_2A_2H_1L_TEAM_agent1.dot']
Took 3.571676
Simulating
===Start sim for horizon 200===
Won 116 out of 854 nonempty games, 13 percent
Won 262 out of 1000 games, 26 percent
With empty states, avg accumulated discounted reward: -1132.391849
Without empty states, avg accumulated discounted reward: -1325.985772
Max steps in win: 30
Avg steps in win: 12
==================Pipeline Finished on ./pipeline_logs/BP-3x3_2A_2H_1L_TEAM-pipeline-2020-12-01 13:13:05.211996================
