==================Pipeline Sequential INIT on ./pipeline_logs/BP-2x1_2A_1H_0L_TEAM-pipeline-2020-12-01 13:21:42.172693================
==================Pipeline Sequential INIT on ./pipeline_logs/BP-2x2_2A_0H_2L_TEAM-pipeline-2020-12-01 13:21:42.172806================
==================Pipeline Sequential INIT on ./pipeline_logs/BP-2x2_2A_0H_3L_TEAM-pipeline-2020-12-01 13:21:42.172822================
==================Pipeline Sequential INIT on ./pipeline_logs/BP-3x2_3A_0H_2L_TEAM-pipeline-2020-12-01 13:21:42.172833================
==================Pipeline Sequential INIT on ./pipeline_logs/BP-3x2_3A_0H_3L_TEAM-pipeline-2020-12-01 13:21:42.172844================
==================Pipeline Sequential INIT on ./pipeline_logs/BP-3x1_2A_1H_1L_TEAM-pipeline-2020-12-01 13:21:42.172854================
==================Pipeline Starts on ./pipeline_logs/BP-2x1_2A_1H_0L_TEAM-pipeline-2020-12-01 13:21:42.172869================
Solving team problem
Projecting team problem
{'/home/eliranab/FDMAP/Resources/problems/BP-2x1_2A_1H_0L_TEAM_agent1.pomdpx': 15, '/home/eliranab/FDMAP/Resources/problems/BP-2x1_2A_1H_0L_TEAM_agent2.pomdpx': 15}
Projection took 2.813593
Solving BP-2x1_2A_1H_0L_TEAM_agent1 with precision 15.000000
Solving BP-2x1_2A_1H_0L_TEAM_agent2 with precision 15.000000
Aligning
['/home/eliranab/FDMAP/Resources/graphs/BP-2x1_2A_1H_0L_TEAM_agent2.dot', '/home/eliranab/FDMAP/Resources/graphs/BP-2x1_2A_1H_0L_TEAM_agent1.dot']
Took 0.091904
Simulating
===Start sim for horizon 200===
Won 520 out of 520 nonempty games, 100 percent
Won 1000 out of 1000 games, 100 percent
With empty states, avg accumulated discounted reward: 448.186891
Without empty states, avg accumulated discounted reward: 861.897867
Max steps in win: 21
Avg steps in win: 4
==================Pipeline Finished on ./pipeline_logs/BP-2x1_2A_1H_0L_TEAM-pipeline-2020-12-01 13:21:42.172869================
==================Pipeline Starts on ./pipeline_logs/BP-2x2_2A_0H_2L_TEAM-pipeline-2020-12-01 13:21:48.954411================
Solving team problem
Projecting team problem
{'/home/eliranab/FDMAP/Resources/problems/BP-2x2_2A_0H_2L_TEAM_agent1.pomdpx': 15, '/home/eliranab/FDMAP/Resources/problems/BP-2x2_2A_0H_2L_TEAM_agent2.pomdpx': 15}
Projection took 4.146157
Solving BP-2x2_2A_0H_2L_TEAM_agent1 with precision 15.000000
Solving BP-2x2_2A_0H_2L_TEAM_agent2 with precision 15.000000
Aligning
['/home/eliranab/FDMAP/Resources/graphs/BP-2x2_2A_0H_2L_TEAM_agent2.dot', '/home/eliranab/FDMAP/Resources/graphs/BP-2x2_2A_0H_2L_TEAM_agent1.dot']
Took 0.230193
Simulating
===Start sim for horizon 200===
Won 761 out of 761 nonempty games, 100 percent
Won 1000 out of 1000 games, 100 percent
With empty states, avg accumulated discounted reward: 366.547013
Without empty states, avg accumulated discounted reward: 481.664931
Max steps in win: 25
Avg steps in win: 10
==================Pipeline Finished on ./pipeline_logs/BP-2x2_2A_0H_2L_TEAM-pipeline-2020-12-01 13:21:48.954411================
==================Pipeline Starts on ./pipeline_logs/BP-2x2_2A_0H_3L_TEAM-pipeline-2020-12-01 13:22:09.804872================
Solving team problem
Projecting team problem
{'/home/eliranab/FDMAP/Resources/problems/BP-2x2_2A_0H_3L_TEAM_agent1.pomdpx': 15, '/home/eliranab/FDMAP/Resources/problems/BP-2x2_2A_0H_3L_TEAM_agent2.pomdpx': 15}
Projection took 4.998063
Solving BP-2x2_2A_0H_3L_TEAM_agent1 with precision 15.000000
Solving BP-2x2_2A_0H_3L_TEAM_agent2 with precision 15.000000
Aligning
['/home/eliranab/FDMAP/Resources/graphs/BP-2x2_2A_0H_3L_TEAM_agent2.dot', '/home/eliranab/FDMAP/Resources/graphs/BP-2x2_2A_0H_3L_TEAM_agent1.dot']
Took 0.523532
Simulating
===Start sim for horizon 200===
Won 881 out of 881 nonempty games, 100 percent
Won 1000 out of 1000 games, 100 percent
With empty states, avg accumulated discounted reward: 511.069623
Without empty states, avg accumulated discounted reward: 580.101729
Max steps in win: 36
Avg steps in win: 14
==================Pipeline Finished on ./pipeline_logs/BP-2x2_2A_0H_3L_TEAM-pipeline-2020-12-01 13:22:09.804872================
==================Pipeline Starts on ./pipeline_logs/BP-3x2_3A_0H_2L_TEAM-pipeline-2020-12-01 13:24:52.465825================
Solving team problem
Projecting team problem
{'/home/eliranab/FDMAP/Resources/problems/BP-3x2_3A_0H_2L_TEAM_agent1.pomdpx': 15, '/home/eliranab/FDMAP/Resources/problems/BP-3x2_3A_0H_2L_TEAM_agent2.pomdpx': 15, '/home/eliranab/FDMAP/Resources/problems/BP-3x2_3A_0H_2L_TEAM_agent3.pomdpx': 15}
Projection took 4.990039
Solving BP-3x2_3A_0H_2L_TEAM_agent1 with precision 15.000000
Solving BP-3x2_3A_0H_2L_TEAM_agent2 with precision 15.000000
Solving BP-3x2_3A_0H_2L_TEAM_agent3 with precision 15.000000
Aligning
['/home/eliranab/FDMAP/Resources/graphs/BP-3x2_3A_0H_2L_TEAM_agent3.dot', '/home/eliranab/FDMAP/Resources/graphs/BP-3x2_3A_0H_2L_TEAM_agent2.dot', '/home/eliranab/FDMAP/Resources/graphs/BP-3x2_3A_0H_2L_TEAM_agent1.dot']
Took 2.387281
Simulating
===Start sim for horizon 200===
Won 739 out of 739 nonempty games, 100 percent
Won 1000 out of 1000 games, 100 percent
With empty states, avg accumulated discounted reward: 274.423650
Without empty states, avg accumulated discounted reward: 371.344588
Max steps in win: 30
Avg steps in win: 12
==================Pipeline Finished on ./pipeline_logs/BP-3x2_3A_0H_2L_TEAM-pipeline-2020-12-01 13:24:52.465825================
==================Pipeline Starts on ./pipeline_logs/BP-3x2_3A_0H_3L_TEAM-pipeline-2020-12-01 13:28:53.585856================
Solving team problem
Projecting team problem
{'/home/eliranab/FDMAP/Resources/problems/BP-3x2_3A_0H_3L_TEAM_agent1.pomdpx': 15, '/home/eliranab/FDMAP/Resources/problems/BP-3x2_3A_0H_3L_TEAM_agent2.pomdpx': 15, '/home/eliranab/FDMAP/Resources/problems/BP-3x2_3A_0H_3L_TEAM_agent3.pomdpx': 15}
Projection took 6.256974
Solving BP-3x2_3A_0H_3L_TEAM_agent1 with precision 15.000000
Solving BP-3x2_3A_0H_3L_TEAM_agent2 with precision 15.000000
Solving BP-3x2_3A_0H_3L_TEAM_agent3 with precision 15.000000
Aligning
['/home/eliranab/FDMAP/Resources/graphs/BP-3x2_3A_0H_3L_TEAM_agent3.dot', '/home/eliranab/FDMAP/Resources/graphs/BP-3x2_3A_0H_3L_TEAM_agent2.dot', '/home/eliranab/FDMAP/Resources/graphs/BP-3x2_3A_0H_3L_TEAM_agent1.dot']
Took 113.908300
Simulating
===Start sim for horizon 200===
Won 882 out of 882 nonempty games, 100 percent
Won 1000 out of 1000 games, 100 percent
With empty states, avg accumulated discounted reward: 392.963046
Without empty states, avg accumulated discounted reward: 445.536333
Max steps in win: 49
Avg steps in win: 19
==================Pipeline Finished on ./pipeline_logs/BP-3x2_3A_0H_3L_TEAM-pipeline-2020-12-01 13:28:53.585856================
==================Pipeline Starts on ./pipeline_logs/BP-3x1_2A_1H_1L_TEAM-pipeline-2020-12-01 15:15:06.104569================
Solving team problem
Projecting team problem
{'/home/eliranab/FDMAP/Resources/problems/BP-3x1_2A_1H_1L_TEAM_agent1.pomdpx': 15, '/home/eliranab/FDMAP/Resources/problems/BP-3x1_2A_1H_1L_TEAM_agent2.pomdpx': 15}
Projection took 4.022757
Solving BP-3x1_2A_1H_1L_TEAM_agent1 with precision 15.000000
Solving BP-3x1_2A_1H_1L_TEAM_agent2 with precision 15.000000
Aligning
['/home/eliranab/FDMAP/Resources/graphs/BP-3x1_2A_1H_1L_TEAM_agent2.dot', '/home/eliranab/FDMAP/Resources/graphs/BP-3x1_2A_1H_1L_TEAM_agent1.dot']
Took 0.334151
Simulating
===Start sim for horizon 200===
Won 693 out of 738 nonempty games, 93 percent
Won 955 out of 1000 games, 95 percent
With empty states, avg accumulated discounted reward: 492.283965
Without empty states, avg accumulated discounted reward: 667.051444
Max steps in win: 40
Avg steps in win: 14
==================Pipeline Finished on ./pipeline_logs/BP-3x1_2A_1H_1L_TEAM-pipeline-2020-12-01 15:15:06.104569================
