==================Pipeline Sequential INIT on ./pipeline_logs/BP-2x1_2A_1H_0L_TEAM-pipeline-2020-12-01 15:19:03.564529================
==================Pipeline Sequential INIT on ./pipeline_logs/BP-2x2_2A_0H_2L_TEAM-pipeline-2020-12-01 15:19:03.564629================
==================Pipeline Sequential INIT on ./pipeline_logs/BP-2x2_2A_0H_3L_TEAM-pipeline-2020-12-01 15:19:03.564645================
==================Pipeline Sequential INIT on ./pipeline_logs/BP-3x2_3A_0H_2L_TEAM-pipeline-2020-12-01 15:19:03.564656================
==================Pipeline Sequential INIT on ./pipeline_logs/BP-3x2_3A_0H_3L_TEAM-pipeline-2020-12-01 15:19:03.564666================
==================Pipeline Sequential INIT on ./pipeline_logs/BP-3x1_2A_1H_1L_TEAM-pipeline-2020-12-01 15:19:03.564675================
==================Pipeline Starts on ./pipeline_logs/BP-2x1_2A_1H_0L_TEAM-pipeline-2020-12-01 15:19:03.564690================
Solving team problem
Projecting team problem
{'/home/eliranab/FDMAP/Resources/problems/BP-2x1_2A_1H_0L_TEAM_agent1.pomdpx': 15, '/home/eliranab/FDMAP/Resources/problems/BP-2x1_2A_1H_0L_TEAM_agent2.pomdpx': 15}
Projection took 2.793394
Solving BP-2x1_2A_1H_0L_TEAM_agent1 with precision 15.000000
Solving BP-2x1_2A_1H_0L_TEAM_agent2 with precision 15.000000
Aligning
['/home/eliranab/FDMAP/Resources/graphs/BP-2x1_2A_1H_0L_TEAM_agent2.dot', '/home/eliranab/FDMAP/Resources/graphs/BP-2x1_2A_1H_0L_TEAM_agent1.dot']
Took 0.091293
Simulating
===Start sim for horizon 200===
Won 500 out of 500 nonempty games, 100 percent
Won 1000 out of 1000 games, 100 percent
With empty states, avg accumulated discounted reward: 430.768687
Without empty states, avg accumulated discounted reward: 861.537373
Max steps in win: 23
Avg steps in win: 4
==================Pipeline Finished on ./pipeline_logs/BP-2x1_2A_1H_0L_TEAM-pipeline-2020-12-01 15:19:03.564690================
==================Pipeline Starts on ./pipeline_logs/BP-2x2_2A_0H_2L_TEAM-pipeline-2020-12-01 15:19:10.285850================
Solving team problem
Projecting team problem
{'/home/eliranab/FDMAP/Resources/problems/BP-2x2_2A_0H_2L_TEAM_agent1.pomdpx': 15, '/home/eliranab/FDMAP/Resources/problems/BP-2x2_2A_0H_2L_TEAM_agent2.pomdpx': 15}
Projection took 3.952121
Solving BP-2x2_2A_0H_2L_TEAM_agent1 with precision 15.000000
Solving BP-2x2_2A_0H_2L_TEAM_agent2 with precision 15.000000
Aligning
['/home/eliranab/FDMAP/Resources/graphs/BP-2x2_2A_0H_2L_TEAM_agent2.dot', '/home/eliranab/FDMAP/Resources/graphs/BP-2x2_2A_0H_2L_TEAM_agent1.dot']
Took 0.249019
Simulating
===Start sim for horizon 200===
Won 776 out of 776 nonempty games, 100 percent
Won 1000 out of 1000 games, 100 percent
With empty states, avg accumulated discounted reward: 366.816870
Without empty states, avg accumulated discounted reward: 472.702152
Max steps in win: 27
Avg steps in win: 10
==================Pipeline Finished on ./pipeline_logs/BP-2x2_2A_0H_2L_TEAM-pipeline-2020-12-01 15:19:10.285850================
==================Pipeline Starts on ./pipeline_logs/BP-2x2_2A_0H_3L_TEAM-pipeline-2020-12-01 15:19:31.479730================
Solving team problem
Projecting team problem
{'/home/eliranab/FDMAP/Resources/problems/BP-2x2_2A_0H_3L_TEAM_agent1.pomdpx': 15, '/home/eliranab/FDMAP/Resources/problems/BP-2x2_2A_0H_3L_TEAM_agent2.pomdpx': 15}
Projection took 5.035043
Solving BP-2x2_2A_0H_3L_TEAM_agent1 with precision 15.000000
Solving BP-2x2_2A_0H_3L_TEAM_agent2 with precision 15.000000
Aligning
['/home/eliranab/FDMAP/Resources/graphs/BP-2x2_2A_0H_3L_TEAM_agent2.dot', '/home/eliranab/FDMAP/Resources/graphs/BP-2x2_2A_0H_3L_TEAM_agent1.dot']
Took 0.561898
Simulating
===Start sim for horizon 200===
Won 895 out of 895 nonempty games, 100 percent
Won 1000 out of 1000 games, 100 percent
With empty states, avg accumulated discounted reward: 528.026387
Without empty states, avg accumulated discounted reward: 589.973617
Max steps in win: 38
Avg steps in win: 15
==================Pipeline Finished on ./pipeline_logs/BP-2x2_2A_0H_3L_TEAM-pipeline-2020-12-01 15:19:31.479730================
==================Pipeline Starts on ./pipeline_logs/BP-3x2_3A_0H_2L_TEAM-pipeline-2020-12-01 15:22:15.601616================
Solving team problem
Projecting team problem
{'/home/eliranab/FDMAP/Resources/problems/BP-3x2_3A_0H_2L_TEAM_agent1.pomdpx': 15, '/home/eliranab/FDMAP/Resources/problems/BP-3x2_3A_0H_2L_TEAM_agent2.pomdpx': 15, '/home/eliranab/FDMAP/Resources/problems/BP-3x2_3A_0H_2L_TEAM_agent3.pomdpx': 15}
Projection took 5.155393
Solving BP-3x2_3A_0H_2L_TEAM_agent1 with precision 15.000000
Solving BP-3x2_3A_0H_2L_TEAM_agent2 with precision 15.000000
Solving BP-3x2_3A_0H_2L_TEAM_agent3 with precision 15.000000
Aligning
['/home/eliranab/FDMAP/Resources/graphs/BP-3x2_3A_0H_2L_TEAM_agent3.dot', '/home/eliranab/FDMAP/Resources/graphs/BP-3x2_3A_0H_2L_TEAM_agent2.dot', '/home/eliranab/FDMAP/Resources/graphs/BP-3x2_3A_0H_2L_TEAM_agent1.dot']
Took 3.361342
Simulating
===Start sim for horizon 200===
Won 746 out of 746 nonempty games, 100 percent
Won 1000 out of 1000 games, 100 percent
With empty states, avg accumulated discounted reward: 278.653049
Without empty states, avg accumulated discounted reward: 373.529556
Max steps in win: 29
Avg steps in win: 12
==================Pipeline Finished on ./pipeline_logs/BP-3x2_3A_0H_2L_TEAM-pipeline-2020-12-01 15:22:15.601616================
==================Pipeline Starts on ./pipeline_logs/BP-3x2_3A_0H_3L_TEAM-pipeline-2020-12-01 15:26:22.410129================
Solving team problem
Projecting team problem
{'/home/eliranab/FDMAP/Resources/problems/BP-3x2_3A_0H_3L_TEAM_agent1.pomdpx': 15, '/home/eliranab/FDMAP/Resources/problems/BP-3x2_3A_0H_3L_TEAM_agent2.pomdpx': 15, '/home/eliranab/FDMAP/Resources/problems/BP-3x2_3A_0H_3L_TEAM_agent3.pomdpx': 15}
Projection took 11.596754
Solving BP-3x2_3A_0H_3L_TEAM_agent1 with precision 15.000000
Solving BP-3x2_3A_0H_3L_TEAM_agent2 with precision 15.000000
Solving BP-3x2_3A_0H_3L_TEAM_agent3 with precision 15.000000
Aligning
['/home/eliranab/FDMAP/Resources/graphs/BP-3x2_3A_0H_3L_TEAM_agent3.dot', '/home/eliranab/FDMAP/Resources/graphs/BP-3x2_3A_0H_3L_TEAM_agent2.dot', '/home/eliranab/FDMAP/Resources/graphs/BP-3x2_3A_0H_3L_TEAM_agent1.dot']
Took 151.637985
Simulating
===Start sim for horizon 200===
Won 872 out of 872 nonempty games, 100 percent
Won 1000 out of 1000 games, 100 percent
With empty states, avg accumulated discounted reward: 396.648553
Without empty states, avg accumulated discounted reward: 454.872194
Max steps in win: 44
Avg steps in win: 20
==================Pipeline Finished on ./pipeline_logs/BP-3x2_3A_0H_3L_TEAM-pipeline-2020-12-01 15:26:22.410129================
==================Pipeline Starts on ./pipeline_logs/BP-3x1_2A_1H_1L_TEAM-pipeline-2020-12-01 17:12:06.814039================
Solving team problem
Projecting team problem
{'/home/eliranab/FDMAP/Resources/problems/BP-3x1_2A_1H_1L_TEAM_agent1.pomdpx': 15, '/home/eliranab/FDMAP/Resources/problems/BP-3x1_2A_1H_1L_TEAM_agent2.pomdpx': 15}
Projection took 4.065460
Solving BP-3x1_2A_1H_1L_TEAM_agent1 with precision 15.000000
Solving BP-3x1_2A_1H_1L_TEAM_agent2 with precision 15.000000
Aligning
['/home/eliranab/FDMAP/Resources/graphs/BP-3x1_2A_1H_1L_TEAM_agent2.dot', '/home/eliranab/FDMAP/Resources/graphs/BP-3x1_2A_1H_1L_TEAM_agent1.dot']
Took 0.285134
Simulating
===Start sim for horizon 200===
Won 705 out of 751 nonempty games, 93 percent
Won 954 out of 1000 games, 95 percent
With empty states, avg accumulated discounted reward: 517.442248
Without empty states, avg accumulated discounted reward: 689.004324
Max steps in win: 54
Avg steps in win: 14
==================Pipeline Finished on ./pipeline_logs/BP-3x1_2A_1H_1L_TEAM-pipeline-2020-12-01 17:12:06.814039================
