==================Pipeline Sequential INIT on ./pipeline_logs/BP-3x3_2A_2H_1L_TEAM-pipeline-2020-12-01 17:05:54.568840================
==================Pipeline Starts on ./pipeline_logs/BP-3x3_2A_2H_1L_TEAM-pipeline-2020-12-01 17:05:54.568925================
Solving team problem
Projecting team problem
{'/home/eliranab/FDMAP/Resources/problems/BP-3x3_2A_2H_1L_TEAM_agent1.pomdpx': 150, '/home/eliranab/FDMAP/Resources/problems/BP-3x3_2A_2H_1L_TEAM_agent2.pomdpx': 150}
Projection took 6.438634
Solving BP-3x3_2A_2H_1L_TEAM_agent1 with precision 150.000000
Solving BP-3x3_2A_2H_1L_TEAM_agent2 with precision 150.000000
Aligning
['/home/eliranab/FDMAP/Resources/graphs/BP-3x3_2A_2H_1L_TEAM_agent2.dot', '/home/eliranab/FDMAP/Resources/graphs/BP-3x3_2A_2H_1L_TEAM_agent1.dot']
Took 6.795956
Simulating
===Start sim for horizon 200===
Won 835 out of 879 nonempty games, 94 percent
Won 956 out of 1000 games, 95 percent
With empty states, avg accumulated discounted reward: 15.918382
Without empty states, avg accumulated discounted reward: 18.109649
Max steps in win: 134
Avg steps in win: 42
==================Pipeline Finished on ./pipeline_logs/BP-3x3_2A_2H_1L_TEAM-pipeline-2020-12-01 17:05:54.568925================
