==================Pipeline Sequential INIT on ./pipeline_logs/BP-2x1_2A_1H_0L_TEAM-pipeline-2020-12-01 17:15:54.248376================
==================Pipeline Sequential INIT on ./pipeline_logs/BP-2x2_2A_0H_2L_TEAM-pipeline-2020-12-01 17:15:54.248481================
==================Pipeline Sequential INIT on ./pipeline_logs/BP-2x2_2A_0H_3L_TEAM-pipeline-2020-12-01 17:15:54.248497================
==================Pipeline Sequential INIT on ./pipeline_logs/BP-3x2_3A_0H_2L_TEAM-pipeline-2020-12-01 17:15:54.248507================
==================Pipeline Sequential INIT on ./pipeline_logs/BP-3x1_2A_1H_1L_TEAM-pipeline-2020-12-01 17:15:54.248517================
==================Pipeline Sequential INIT on ./pipeline_logs/BPPEN-3x1_2A_1H_1L_TEAM-pipeline-2020-12-01 17:15:54.248527================
==================Pipeline Sequential INIT on ./pipeline_logs/BPPEN-2x2_2A_0H_2L_TEAM-pipeline-2020-12-01 17:15:54.248537================
==================Pipeline Starts on ./pipeline_logs/BP-2x1_2A_1H_0L_TEAM-pipeline-2020-12-01 17:15:54.248551================
Solving team problem
Projecting team problem
{'/home/eliranab/FDMAP/Resources/problems/BP-2x1_2A_1H_0L_TEAM_agent1.pomdpx': 15, '/home/eliranab/FDMAP/Resources/problems/BP-2x1_2A_1H_0L_TEAM_agent2.pomdpx': 15}
Projection took 2.895077
Solving BP-2x1_2A_1H_0L_TEAM_agent1 with precision 15.000000
Solving BP-2x1_2A_1H_0L_TEAM_agent2 with precision 15.000000
Aligning
['/home/eliranab/FDMAP/Resources/graphs/BP-2x1_2A_1H_0L_TEAM_agent2.dot', '/home/eliranab/FDMAP/Resources/graphs/BP-2x1_2A_1H_0L_TEAM_agent1.dot']
Took 0.111157
Simulating
===Start sim for horizon 200===
Won 506 out of 506 nonempty games, 100 percent
Won 1000 out of 1000 games, 100 percent
With empty states, avg accumulated discounted reward: 424.848886
Without empty states, avg accumulated discounted reward: 839.622304
Max steps in win: 18
Avg steps in win: 4
==================Pipeline Finished on ./pipeline_logs/BP-2x1_2A_1H_0L_TEAM-pipeline-2020-12-01 17:15:54.248551================
==================Pipeline Starts on ./pipeline_logs/BP-2x2_2A_0H_2L_TEAM-pipeline-2020-12-01 17:16:01.115690================
Solving team problem
Projecting team problem
{'/home/eliranab/FDMAP/Resources/problems/BP-2x2_2A_0H_2L_TEAM_agent1.pomdpx': 15, '/home/eliranab/FDMAP/Resources/problems/BP-2x2_2A_0H_2L_TEAM_agent2.pomdpx': 15}
Projection took 4.214301
Solving BP-2x2_2A_0H_2L_TEAM_agent1 with precision 15.000000
Solving BP-2x2_2A_0H_2L_TEAM_agent2 with precision 15.000000
Aligning
['/home/eliranab/FDMAP/Resources/graphs/BP-2x2_2A_0H_2L_TEAM_agent2.dot', '/home/eliranab/FDMAP/Resources/graphs/BP-2x2_2A_0H_2L_TEAM_agent1.dot']
Took 0.232545
Simulating
===Start sim for horizon 200===
Won 745 out of 745 nonempty games, 100 percent
Won 1000 out of 1000 games, 100 percent
With empty states, avg accumulated discounted reward: 348.557771
Without empty states, avg accumulated discounted reward: 467.862779
Max steps in win: 23
Avg steps in win: 9
==================Pipeline Finished on ./pipeline_logs/BP-2x2_2A_0H_2L_TEAM-pipeline-2020-12-01 17:16:01.115690================
==================Pipeline Starts on ./pipeline_logs/BP-2x2_2A_0H_3L_TEAM-pipeline-2020-12-01 17:16:22.962169================
Solving team problem
Projecting team problem
{'/home/eliranab/FDMAP/Resources/problems/BP-2x2_2A_0H_3L_TEAM_agent1.pomdpx': 15, '/home/eliranab/FDMAP/Resources/problems/BP-2x2_2A_0H_3L_TEAM_agent2.pomdpx': 15}
Projection took 5.037750
Solving BP-2x2_2A_0H_3L_TEAM_agent1 with precision 15.000000
Solving BP-2x2_2A_0H_3L_TEAM_agent2 with precision 15.000000
Aligning
['/home/eliranab/FDMAP/Resources/graphs/BP-2x2_2A_0H_3L_TEAM_agent2.dot', '/home/eliranab/FDMAP/Resources/graphs/BP-2x2_2A_0H_3L_TEAM_agent1.dot']
Took 0.551674
Simulating
===Start sim for horizon 200===
Won 879 out of 879 nonempty games, 100 percent
Won 1000 out of 1000 games, 100 percent
With empty states, avg accumulated discounted reward: 514.086234
Without empty states, avg accumulated discounted reward: 584.853509
Max steps in win: 35
Avg steps in win: 15
==================Pipeline Finished on ./pipeline_logs/BP-2x2_2A_0H_3L_TEAM-pipeline-2020-12-01 17:16:22.962169================
==================Pipeline Starts on ./pipeline_logs/BP-3x2_3A_0H_2L_TEAM-pipeline-2020-12-01 17:19:08.127439================
Solving team problem
Projecting team problem
{'/home/eliranab/FDMAP/Resources/problems/BP-3x2_3A_0H_2L_TEAM_agent1.pomdpx': 15, '/home/eliranab/FDMAP/Resources/problems/BP-3x2_3A_0H_2L_TEAM_agent2.pomdpx': 15, '/home/eliranab/FDMAP/Resources/problems/BP-3x2_3A_0H_2L_TEAM_agent3.pomdpx': 15}
Projection took 5.088713
Solving BP-3x2_3A_0H_2L_TEAM_agent1 with precision 15.000000
Solving BP-3x2_3A_0H_2L_TEAM_agent2 with precision 15.000000
Solving BP-3x2_3A_0H_2L_TEAM_agent3 with precision 15.000000
Aligning
['/home/eliranab/FDMAP/Resources/graphs/BP-3x2_3A_0H_2L_TEAM_agent3.dot', '/home/eliranab/FDMAP/Resources/graphs/BP-3x2_3A_0H_2L_TEAM_agent2.dot', '/home/eliranab/FDMAP/Resources/graphs/BP-3x2_3A_0H_2L_TEAM_agent1.dot']
Took 2.448135
Simulating
===Start sim for horizon 200===
Won 746 out of 746 nonempty games, 100 percent
Won 1000 out of 1000 games, 100 percent
With empty states, avg accumulated discounted reward: 275.763063
Without empty states, avg accumulated discounted reward: 369.655580
Max steps in win: 31
Avg steps in win: 12
==================Pipeline Finished on ./pipeline_logs/BP-3x2_3A_0H_2L_TEAM-pipeline-2020-12-01 17:19:08.127439================
==================Pipeline Starts on ./pipeline_logs/BP-3x1_2A_1H_1L_TEAM-pipeline-2020-12-01 17:23:06.437096================
Solving team problem
Projecting team problem
{'/home/eliranab/FDMAP/Resources/problems/BP-3x1_2A_1H_1L_TEAM_agent1.pomdpx': 15, '/home/eliranab/FDMAP/Resources/problems/BP-3x1_2A_1H_1L_TEAM_agent2.pomdpx': 15}
Projection took 3.969733
Solving BP-3x1_2A_1H_1L_TEAM_agent1 with precision 15.000000
Solving BP-3x1_2A_1H_1L_TEAM_agent2 with precision 15.000000
Aligning
['/home/eliranab/FDMAP/Resources/graphs/BP-3x1_2A_1H_1L_TEAM_agent2.dot', '/home/eliranab/FDMAP/Resources/graphs/BP-3x1_2A_1H_1L_TEAM_agent1.dot']
Took 0.292938
Simulating
===Start sim for horizon 200===
Won 770 out of 770 nonempty games, 100 percent
Won 1000 out of 1000 games, 100 percent
With empty states, avg accumulated discounted reward: 613.982710
Without empty states, avg accumulated discounted reward: 797.380143
Max steps in win: 56
Avg steps in win: 15
==================Pipeline Finished on ./pipeline_logs/BP-3x1_2A_1H_1L_TEAM-pipeline-2020-12-01 17:23:06.437096================
==================Pipeline Starts on ./pipeline_logs/BPPEN-3x1_2A_1H_1L_TEAM-pipeline-2020-12-01 17:23:27.690788================
Solving team problem
Projecting team problem
{'/home/eliranab/FDMAP/Resources/problems/BPPEN-3x1_2A_1H_1L_TEAM_agent1.pomdpx': 15, '/home/eliranab/FDMAP/Resources/problems/BPPEN-3x1_2A_1H_1L_TEAM_agent2.pomdpx': 15}
Projection took 6.576478
Solving BPPEN-3x1_2A_1H_1L_TEAM_agent1 with precision 15.000000
Solving BPPEN-3x1_2A_1H_1L_TEAM_agent2 with precision 15.000000
Aligning
['/home/eliranab/FDMAP/Resources/graphs/BPPEN-3x1_2A_1H_1L_TEAM_agent2.dot', '/home/eliranab/FDMAP/Resources/graphs/BPPEN-3x1_2A_1H_1L_TEAM_agent1.dot']
Took 0.407976
Simulating
===Start sim for horizon 200===
Won 362 out of 761 nonempty games, 47 percent
Won 601 out of 1000 games, 60 percent
With empty states, avg accumulated discounted reward: -316.456478
Without empty states, avg accumulated discounted reward: -415.842940
Max steps in win: 58
Avg steps in win: 14
==================Pipeline Finished on ./pipeline_logs/BPPEN-3x1_2A_1H_1L_TEAM-pipeline-2020-12-01 17:23:27.690788================
==================Pipeline Starts on ./pipeline_logs/BPPEN-2x2_2A_0H_2L_TEAM-pipeline-2020-12-01 17:25:00.259803================
Solving team problem
Projecting team problem
{'/home/eliranab/FDMAP/Resources/problems/BPPEN-2x2_2A_0H_2L_TEAM_agent1.pomdpx': 15, '/home/eliranab/FDMAP/Resources/problems/BPPEN-2x2_2A_0H_2L_TEAM_agent2.pomdpx': 15}
Projection took 9.347221
Solving BPPEN-2x2_2A_0H_2L_TEAM_agent1 with precision 15.000000
Solving BPPEN-2x2_2A_0H_2L_TEAM_agent2 with precision 15.000000
Aligning
['/home/eliranab/FDMAP/Resources/graphs/BPPEN-2x2_2A_0H_2L_TEAM_agent2.dot', '/home/eliranab/FDMAP/Resources/graphs/BPPEN-2x2_2A_0H_2L_TEAM_agent1.dot']
Took 0.282183
Simulating
===Start sim for horizon 200===
Won 721 out of 721 nonempty games, 100 percent
Won 1000 out of 1000 games, 100 percent
With empty states, avg accumulated discounted reward: 354.294214
Without empty states, avg accumulated discounted reward: 491.392807
Max steps in win: 28
Avg steps in win: 9
==================Pipeline Finished on ./pipeline_logs/BPPEN-2x2_2A_0H_2L_TEAM-pipeline-2020-12-01 17:25:00.259803================
