==================Pipeline Sequential INIT on ./pipeline_logs/BP-2x1_2A_1H_0L_TEAM-pipeline-2020-12-01 18:32:01.319234================
==================Pipeline Starts on ./pipeline_logs/BP-2x1_2A_1H_0L_TEAM-pipeline-2020-12-01 18:32:01.319312================
Projecting team problem
{'/home/eliranab/FDMAP/Resources/problems/BP-2x1_2A_1H_0L_TEAM_agent1.pomdpx': 15, '/home/eliranab/FDMAP/Resources/problems/BP-2x1_2A_1H_0L_TEAM_agent2.pomdpx': 15}
Projection took 2.794353
Aligning
['/home/eliranab/FDMAP/Resources/graphs/BP-2x1_2A_1H_0L_TEAM_agent2.dot', '/home/eliranab/FDMAP/Resources/graphs/BP-2x1_2A_1H_0L_TEAM_agent1.dot']
Took 0.106623
Simulating
===Start sim for horizon 3===
Won 0 out of 473 nonempty games, 0 percent
Won 527 out of 1000 games, 52 percent
With empty states, avg accumulated discounted reward: 200.663321
Without empty states, avg accumulated discounted reward: 424.235350
Max steps in win: 2
Avg steps in win: 2
===Start sim for horizon 4===
Won 0 out of 509 nonempty games, 0 percent
Won 491 out of 1000 games, 49 percent
With empty states, avg accumulated discounted reward: 306.621984
Without empty states, avg accumulated discounted reward: 602.400755
Max steps in win: 2
Avg steps in win: 2
===Start sim for horizon 5===
Won 0 out of 490 nonempty games, 0 percent
Won 510 out of 1000 games, 51 percent
With empty states, avg accumulated discounted reward: 301.562334
Without empty states, avg accumulated discounted reward: 615.433336
Max steps in win: 2
Avg steps in win: 2
===Start sim for horizon 6===
Won 364 out of 485 nonempty games, 75 percent
Won 879 out of 1000 games, 87 percent
With empty states, avg accumulated discounted reward: 357.439395
Without empty states, avg accumulated discounted reward: 736.988444
Max steps in win: 6
Avg steps in win: 3
===Start sim for horizon 7===
Won 374 out of 518 nonempty games, 72 percent
Won 856 out of 1000 games, 85 percent
With empty states, avg accumulated discounted reward: 412.543404
Without empty states, avg accumulated discounted reward: 796.415839
Max steps in win: 6
Avg steps in win: 3
===Start sim for horizon 8===
Won 358 out of 482 nonempty games, 74 percent
Won 876 out of 1000 games, 87 percent
With empty states, avg accumulated discounted reward: 376.016140
Without empty states, avg accumulated discounted reward: 780.116472
Max steps in win: 6
Avg steps in win: 3
==================Pipeline Finished on ./pipeline_logs/BP-2x1_2A_1H_0L_TEAM-pipeline-2020-12-01 18:32:01.319312================
