==================Pipeline Sequential INIT on ./pipeline_logs/BP-3x2_3A_0H_3L_TEAM-pipeline-2020-12-01 19:33:04.080191================
==================Pipeline Starts on ./pipeline_logs/BP-3x2_3A_0H_3L_TEAM-pipeline-2020-12-01 19:33:04.080266================
Solving team problem
Projecting team problem
{'/home/eliranab/FDMAP/Resources/problems/BP-3x2_3A_0H_3L_TEAM_agent1.pomdpx': 50, '/home/eliranab/FDMAP/Resources/problems/BP-3x2_3A_0H_3L_TEAM_agent2.pomdpx': 50, '/home/eliranab/FDMAP/Resources/problems/BP-3x2_3A_0H_3L_TEAM_agent3.pomdpx': 50}
Projection took 6.265541
Solving BP-3x2_3A_0H_3L_TEAM_agent1 with precision 50.000000
Solving BP-3x2_3A_0H_3L_TEAM_agent2 with precision 50.000000
Solving BP-3x2_3A_0H_3L_TEAM_agent3 with precision 50.000000
Aligning
['/home/eliranab/FDMAP/Resources/graphs/BP-3x2_3A_0H_3L_TEAM_agent3.dot', '/home/eliranab/FDMAP/Resources/graphs/BP-3x2_3A_0H_3L_TEAM_agent2.dot', '/home/eliranab/FDMAP/Resources/graphs/BP-3x2_3A_0H_3L_TEAM_agent1.dot']
Took 101.964893
Simulating
===Start sim for horizon 200===
Won 881 out of 881 nonempty games, 100 percent
Won 1000 out of 1000 games, 100 percent
With empty states, avg accumulated discounted reward: 406.223015
Without empty states, avg accumulated discounted reward: 461.093093
Max steps in win: 45
Avg steps in win: 18
==================Pipeline Finished on ./pipeline_logs/BP-3x2_3A_0H_3L_TEAM-pipeline-2020-12-01 19:33:04.080266================
