==================Pipeline Sequential INIT on ./pipeline_logs/BP-2x2_2A_0H_2L_TEAM-pipeline-2020-11-30 20:17:08.256104================
==================Pipeline Sequential INIT on ./pipeline_logs/BP-2x2_3A_0H_2L_TEAM-pipeline-2020-11-30 20:17:08.256216================
==================Pipeline Sequential INIT on ./pipeline_logs/BP-3x2_3A_0H_2L_TEAM-pipeline-2020-11-30 20:17:08.256230================
==================Pipeline Sequential INIT on ./pipeline_logs/BP-3x2_3A_0H_3L_TEAM-pipeline-2020-11-30 20:17:08.256240================
==================Pipeline Sequential INIT on ./pipeline_logs/BP-3x1_2A_1H_1L_TEAM-pipeline-2020-11-30 20:17:08.256250================
==================Pipeline Sequential INIT on ./pipeline_logs/BPPEN-3x1_2A_1H_1L_TEAM-pipeline-2020-11-30 20:17:08.256259================
==================Pipeline Sequential INIT on ./pipeline_logs/BPPEN-2x2_2A_0H_2L_TEAM-pipeline-2020-11-30 20:17:08.256269================
==================Pipeline Sequential INIT on ./pipeline_logs/BPPEN-2x2_2A_0H_3L_TEAM-pipeline-2020-11-30 20:17:08.256279================
==================Pipeline Starts on ./pipeline_logs/BP-2x2_2A_0H_2L_TEAM-pipeline-2020-11-30 20:17:08.256292================
Solving team problem
Projecting team problem
{'/home/eliranab/FDMAP/Resources/problems/BP-2x2_2A_0H_2L_TEAM_agent1.pomdpx': 10, '/home/eliranab/FDMAP/Resources/problems/BP-2x2_2A_0H_2L_TEAM_agent2.pomdpx': 10}
Projection took 3.882782
Solving BP-2x2_2A_0H_2L_TEAM_agent1 with precision 10.000000
Solving BP-2x2_2A_0H_2L_TEAM_agent2 with precision 10.000000
Aligning
['/home/eliranab/FDMAP/Resources/graphs/BP-2x2_2A_0H_2L_TEAM_agent2.dot', '/home/eliranab/FDMAP/Resources/graphs/BP-2x2_2A_0H_2L_TEAM_agent1.dot']
Took 0.257549
Simulating
===Start sim for horizon 200===
Won 754 out of 754 nonempty games, 100 percent
Won 1000 out of 1000 games, 100 percent
With empty states, avg accumulated discounted reward: 360.632200
Without empty states, avg accumulated discounted reward: 478.292042
Max steps in win: 24
Avg steps in win: 9
==================Pipeline Finished on ./pipeline_logs/BP-2x2_2A_0H_2L_TEAM-pipeline-2020-11-30 20:17:08.256292================
==================Pipeline Starts on ./pipeline_logs/BP-2x2_3A_0H_2L_TEAM-pipeline-2020-11-30 20:17:28.659382================
Solving team problem
==================Pipeline ERROR on ./pipeline_logs/BP-2x2_3A_0H_2L_TEAM-pipeline-2020-11-30 20:17:28.659382: ================
==================Pipeline Starts on ./pipeline_logs/BP-3x2_3A_0H_2L_TEAM-pipeline-2020-11-30 20:17:28.675593================
Solving team problem
Projecting team problem
{'/home/eliranab/FDMAP/Resources/problems/BP-3x2_3A_0H_2L_TEAM_agent1.pomdpx': 10, '/home/eliranab/FDMAP/Resources/problems/BP-3x2_3A_0H_2L_TEAM_agent2.pomdpx': 10, '/home/eliranab/FDMAP/Resources/problems/BP-3x2_3A_0H_2L_TEAM_agent3.pomdpx': 10}
Projection took 5.129610
Solving BP-3x2_3A_0H_2L_TEAM_agent1 with precision 10.000000
Solving BP-3x2_3A_0H_2L_TEAM_agent2 with precision 10.000000
Solving BP-3x2_3A_0H_2L_TEAM_agent3 with precision 10.000000
Aligning
['/home/eliranab/FDMAP/Resources/graphs/BP-3x2_3A_0H_2L_TEAM_agent3.dot', '/home/eliranab/FDMAP/Resources/graphs/BP-3x2_3A_0H_2L_TEAM_agent2.dot', '/home/eliranab/FDMAP/Resources/graphs/BP-3x2_3A_0H_2L_TEAM_agent1.dot']
Took 2.126702
Simulating
===Start sim for horizon 200===
Won 735 out of 735 nonempty games, 100 percent
Won 1000 out of 1000 games, 100 percent
With empty states, avg accumulated discounted reward: 267.057115
Without empty states, avg accumulated discounted reward: 363.343014
Max steps in win: 38
Avg steps in win: 12
==================Pipeline Finished on ./pipeline_logs/BP-3x2_3A_0H_2L_TEAM-pipeline-2020-11-30 20:17:28.675593================
==================Pipeline Starts on ./pipeline_logs/BP-3x2_3A_0H_3L_TEAM-pipeline-2020-11-30 20:21:24.523499================
Solving team problem
Projecting team problem
{'/home/eliranab/FDMAP/Resources/problems/BP-3x2_3A_0H_3L_TEAM_agent1.pomdpx': 10, '/home/eliranab/FDMAP/Resources/problems/BP-3x2_3A_0H_3L_TEAM_agent2.pomdpx': 10, '/home/eliranab/FDMAP/Resources/problems/BP-3x2_3A_0H_3L_TEAM_agent3.pomdpx': 10}
Projection took 15.088366
Solving BP-3x2_3A_0H_3L_TEAM_agent1 with precision 10.000000
Solving BP-3x2_3A_0H_3L_TEAM_agent2 with precision 10.000000
Solving BP-3x2_3A_0H_3L_TEAM_agent3 with precision 10.000000
Aligning
['/home/eliranab/FDMAP/Resources/graphs/BP-3x2_3A_0H_3L_TEAM_agent3.dot', '/home/eliranab/FDMAP/Resources/graphs/BP-3x2_3A_0H_3L_TEAM_agent2.dot', '/home/eliranab/FDMAP/Resources/graphs/BP-3x2_3A_0H_3L_TEAM_agent1.dot']
Took 118.550709
Simulating
===Start sim for horizon 200===
Won 764 out of 873 nonempty games, 87 percent
Won 891 out of 1000 games, 89 percent
With empty states, avg accumulated discounted reward: 317.252169
Without empty states, avg accumulated discounted reward: 363.404546
Max steps in win: 39
Avg steps in win: 17
==================Pipeline Finished on ./pipeline_logs/BP-3x2_3A_0H_3L_TEAM-pipeline-2020-11-30 20:21:24.523499================
==================Pipeline Starts on ./pipeline_logs/BP-3x1_2A_1H_1L_TEAM-pipeline-2020-11-30 22:34:46.777231================
Solving team problem
==================Pipeline ERROR on ./pipeline_logs/BP-3x1_2A_1H_1L_TEAM-pipeline-2020-11-30 22:34:46.777231: ================
==================Pipeline Starts on ./pipeline_logs/BPPEN-3x1_2A_1H_1L_TEAM-pipeline-2020-11-30 22:34:47.110768================
Solving team problem
Projecting team problem
{'/home/eliranab/FDMAP/Resources/problems/BPPEN-3x1_2A_1H_1L_TEAM_agent1.pomdpx': 10, '/home/eliranab/FDMAP/Resources/problems/BPPEN-3x1_2A_1H_1L_TEAM_agent2.pomdpx': 10}
Projection took 10.930708
Solving BPPEN-3x1_2A_1H_1L_TEAM_agent1 with precision 10.000000
Solving BPPEN-3x1_2A_1H_1L_TEAM_agent2 with precision 10.000000
Aligning
['/home/eliranab/FDMAP/Resources/graphs/BPPEN-3x1_2A_1H_1L_TEAM_agent2.dot', '/home/eliranab/FDMAP/Resources/graphs/BPPEN-3x1_2A_1H_1L_TEAM_agent1.dot']
Took 0.421755
Simulating
===Start sim for horizon 200===
Won 720 out of 751 nonempty games, 95 percent
Won 969 out of 1000 games, 96 percent
With empty states, avg accumulated discounted reward: 558.286516
Without empty states, avg accumulated discounted reward: 743.390834
Max steps in win: 46
Avg steps in win: 14
==================Pipeline Finished on ./pipeline_logs/BPPEN-3x1_2A_1H_1L_TEAM-pipeline-2020-11-30 22:34:47.110768================
==================Pipeline Starts on ./pipeline_logs/BPPEN-2x2_2A_0H_2L_TEAM-pipeline-2020-11-30 22:35:36.192003================
Solving team problem
Projecting team problem
{'/home/eliranab/FDMAP/Resources/problems/BPPEN-2x2_2A_0H_2L_TEAM_agent1.pomdpx': 10, '/home/eliranab/FDMAP/Resources/problems/BPPEN-2x2_2A_0H_2L_TEAM_agent2.pomdpx': 10}
Projection took 14.720944
Solving BPPEN-2x2_2A_0H_2L_TEAM_agent1 with precision 10.000000
Solving BPPEN-2x2_2A_0H_2L_TEAM_agent2 with precision 10.000000
Aligning
['/home/eliranab/FDMAP/Resources/graphs/BPPEN-2x2_2A_0H_2L_TEAM_agent2.dot', '/home/eliranab/FDMAP/Resources/graphs/BPPEN-2x2_2A_0H_2L_TEAM_agent1.dot']
Took 0.380210
Simulating
===Start sim for horizon 200===
Won 760 out of 760 nonempty games, 100 percent
Won 1000 out of 1000 games, 100 percent
With empty states, avg accumulated discounted reward: 369.473213
Without empty states, avg accumulated discounted reward: 486.148964
Max steps in win: 27
Avg steps in win: 9
==================Pipeline Finished on ./pipeline_logs/BPPEN-2x2_2A_0H_2L_TEAM-pipeline-2020-11-30 22:35:36.192003================
==================Pipeline Starts on ./pipeline_logs/BPPEN-2x2_2A_0H_3L_TEAM-pipeline-2020-11-30 22:36:23.221737================
Solving team problem
Projecting team problem
{'/home/eliranab/FDMAP/Resources/problems/BPPEN-2x2_2A_0H_3L_TEAM_agent1.pomdpx': 10, '/home/eliranab/FDMAP/Resources/problems/BPPEN-2x2_2A_0H_3L_TEAM_agent2.pomdpx': 10}
Projection took 25.785165
Solving BPPEN-2x2_2A_0H_3L_TEAM_agent1 with precision 10.000000
Solving BPPEN-2x2_2A_0H_3L_TEAM_agent2 with precision 10.000000
Aligning
['/home/eliranab/FDMAP/Resources/graphs/BPPEN-2x2_2A_0H_3L_TEAM_agent2.dot', '/home/eliranab/FDMAP/Resources/graphs/BPPEN-2x2_2A_0H_3L_TEAM_agent1.dot']
Took 0.908416
Simulating
===Start sim for horizon 200===
Won 904 out of 904 nonempty games, 100 percent
Won 1000 out of 1000 games, 100 percent
With empty states, avg accumulated discounted reward: 550.467050
Without empty states, avg accumulated discounted reward: 608.923728
Max steps in win: 32
Avg steps in win: 15
==================Pipeline Finished on ./pipeline_logs/BPPEN-2x2_2A_0H_3L_TEAM-pipeline-2020-11-30 22:36:23.221737================
