==================Pipeline Sequential INIT on ./pipeline_logs/BP-2x1_2A_1H_0L_TEAM-pipeline-2020-11-30 20:31:04.070030================
==================Pipeline Sequential INIT on ./pipeline_logs/BP-2x2_2A_0H_2L_TEAM-pipeline-2020-11-30 20:31:04.070119================
==================Pipeline Sequential INIT on ./pipeline_logs/BP-2x2_3A_0H_2L_TEAM-pipeline-2020-11-30 20:31:04.070139================
==================Pipeline Sequential INIT on ./pipeline_logs/BP-3x2_3A_0H_2L_TEAM-pipeline-2020-11-30 20:31:04.070154================
==================Pipeline Sequential INIT on ./pipeline_logs/BP-3x2_3A_0H_3L_TEAM-pipeline-2020-11-30 20:31:04.070170================
==================Pipeline Sequential INIT on ./pipeline_logs/BP-3x1_2A_1H_1L_TEAM-pipeline-2020-11-30 20:31:04.070185================
==================Pipeline Sequential INIT on ./pipeline_logs/BPPEN-3x1_2A_1H_1L_TEAM-pipeline-2020-11-30 20:31:04.070201================
==================Pipeline Sequential INIT on ./pipeline_logs/BPPEN-2x2_2A_0H_2L_TEAM-pipeline-2020-11-30 20:31:04.070217================
==================Pipeline Sequential INIT on ./pipeline_logs/BPPEN-2x2_2A_0H_3L_TEAM-pipeline-2020-11-30 20:31:04.070232================
==================Pipeline Starts on ./pipeline_logs/BP-2x1_2A_1H_0L_TEAM-pipeline-2020-11-30 20:31:04.070252================
Solving team problem
Projecting team problem
{'/home/eliranab/FDMAP/Resources/problems/BP-2x1_2A_1H_0L_TEAM_agent1.pomdpx': 10, '/home/eliranab/FDMAP/Resources/problems/BP-2x1_2A_1H_0L_TEAM_agent2.pomdpx': 10}
Projection took 4.688427
Solving BP-2x1_2A_1H_0L_TEAM_agent1 with precision 10.000000
Solving BP-2x1_2A_1H_0L_TEAM_agent2 with precision 10.000000
Aligning
['/home/eliranab/FDMAP/Resources/graphs/BP-2x1_2A_1H_0L_TEAM_agent2.dot', '/home/eliranab/FDMAP/Resources/graphs/BP-2x1_2A_1H_0L_TEAM_agent1.dot']
Took 0.147459
Simulating
===Start sim for horizon 200===
Won 473 out of 473 nonempty games, 100 percent
Won 1000 out of 1000 games, 100 percent
With empty states, avg accumulated discounted reward: 408.953079
Without empty states, avg accumulated discounted reward: 864.594247
Max steps in win: 19
Avg steps in win: 4
==================Pipeline Finished on ./pipeline_logs/BP-2x1_2A_1H_0L_TEAM-pipeline-2020-11-30 20:31:04.070252================
==================Pipeline Starts on ./pipeline_logs/BP-2x2_2A_0H_2L_TEAM-pipeline-2020-11-30 20:31:15.055761================
Solving team problem
Projecting team problem
{'/home/eliranab/FDMAP/Resources/problems/BP-2x2_2A_0H_2L_TEAM_agent1.pomdpx': 10, '/home/eliranab/FDMAP/Resources/problems/BP-2x2_2A_0H_2L_TEAM_agent2.pomdpx': 10}
Projection took 6.382386
Solving BP-2x2_2A_0H_2L_TEAM_agent1 with precision 10.000000
Solving BP-2x2_2A_0H_2L_TEAM_agent2 with precision 10.000000
Aligning
['/home/eliranab/FDMAP/Resources/graphs/BP-2x2_2A_0H_2L_TEAM_agent2.dot', '/home/eliranab/FDMAP/Resources/graphs/BP-2x2_2A_0H_2L_TEAM_agent1.dot']
Took 0.374515
Simulating
===Start sim for horizon 200===
Won 768 out of 768 nonempty games, 100 percent
Won 1000 out of 1000 games, 100 percent
With empty states, avg accumulated discounted reward: 365.640634
Without empty states, avg accumulated discounted reward: 476.094575
Max steps in win: 24
Avg steps in win: 10
==================Pipeline Finished on ./pipeline_logs/BP-2x2_2A_0H_2L_TEAM-pipeline-2020-11-30 20:31:15.055761================
==================Pipeline Starts on ./pipeline_logs/BP-2x2_3A_0H_2L_TEAM-pipeline-2020-11-30 20:31:49.751148================
Solving team problem
==================Pipeline ERROR on ./pipeline_logs/BP-2x2_3A_0H_2L_TEAM-pipeline-2020-11-30 20:31:49.751148: ================
==================Pipeline Starts on ./pipeline_logs/BP-3x2_3A_0H_2L_TEAM-pipeline-2020-11-30 20:31:49.772315================
Solving team problem
Projecting team problem
{'/home/eliranab/FDMAP/Resources/problems/BP-3x2_3A_0H_2L_TEAM_agent1.pomdpx': 10, '/home/eliranab/FDMAP/Resources/problems/BP-3x2_3A_0H_2L_TEAM_agent2.pomdpx': 10, '/home/eliranab/FDMAP/Resources/problems/BP-3x2_3A_0H_2L_TEAM_agent3.pomdpx': 10}
Projection took 9.713871
Solving BP-3x2_3A_0H_2L_TEAM_agent1 with precision 10.000000
Solving BP-3x2_3A_0H_2L_TEAM_agent2 with precision 10.000000
Solving BP-3x2_3A_0H_2L_TEAM_agent3 with precision 10.000000
Aligning
['/home/eliranab/FDMAP/Resources/graphs/BP-3x2_3A_0H_2L_TEAM_agent3.dot', '/home/eliranab/FDMAP/Resources/graphs/BP-3x2_3A_0H_2L_TEAM_agent2.dot', '/home/eliranab/FDMAP/Resources/graphs/BP-3x2_3A_0H_2L_TEAM_agent1.dot']
Took 3.854964
Simulating
===Start sim for horizon 200===
Won 747 out of 747 nonempty games, 100 percent
Won 1000 out of 1000 games, 100 percent
With empty states, avg accumulated discounted reward: 274.494878
Without empty states, avg accumulated discounted reward: 367.463022
Max steps in win: 32
Avg steps in win: 13
==================Pipeline Finished on ./pipeline_logs/BP-3x2_3A_0H_2L_TEAM-pipeline-2020-11-30 20:31:49.772315================
==================Pipeline Starts on ./pipeline_logs/BP-3x2_3A_0H_3L_TEAM-pipeline-2020-11-30 20:39:03.956084================
Solving team problem
Projecting team problem
{'/home/eliranab/FDMAP/Resources/problems/BP-3x2_3A_0H_3L_TEAM_agent1.pomdpx': 10, '/home/eliranab/FDMAP/Resources/problems/BP-3x2_3A_0H_3L_TEAM_agent2.pomdpx': 10, '/home/eliranab/FDMAP/Resources/problems/BP-3x2_3A_0H_3L_TEAM_agent3.pomdpx': 10}
Projection took 11.480546
Solving BP-3x2_3A_0H_3L_TEAM_agent1 with precision 10.000000
Solving BP-3x2_3A_0H_3L_TEAM_agent2 with precision 10.000000
Solving BP-3x2_3A_0H_3L_TEAM_agent3 with precision 10.000000
Aligning
['/home/eliranab/FDMAP/Resources/graphs/BP-3x2_3A_0H_3L_TEAM_agent3.dot', '/home/eliranab/FDMAP/Resources/graphs/BP-3x2_3A_0H_3L_TEAM_agent2.dot', '/home/eliranab/FDMAP/Resources/graphs/BP-3x2_3A_0H_3L_TEAM_agent1.dot']
Took 67.155642
Simulating
===Start sim for horizon 200===
Won 749 out of 862 nonempty games, 86 percent
Won 887 out of 1000 games, 88 percent
With empty states, avg accumulated discounted reward: 311.440195
Without empty states, avg accumulated discounted reward: 361.299531
Max steps in win: 39
Avg steps in win: 16
==================Pipeline Finished on ./pipeline_logs/BP-3x2_3A_0H_3L_TEAM-pipeline-2020-11-30 20:39:03.956084================
==================Pipeline Starts on ./pipeline_logs/BP-3x1_2A_1H_1L_TEAM-pipeline-2020-11-30 22:49:33.719611================
Solving team problem
==================Pipeline ERROR on ./pipeline_logs/BP-3x1_2A_1H_1L_TEAM-pipeline-2020-11-30 22:49:33.719611: ================
==================Pipeline Starts on ./pipeline_logs/BPPEN-3x1_2A_1H_1L_TEAM-pipeline-2020-11-30 22:49:33.739757================
Solving team problem
Projecting team problem
{'/home/eliranab/FDMAP/Resources/problems/BPPEN-3x1_2A_1H_1L_TEAM_agent1.pomdpx': 10, '/home/eliranab/FDMAP/Resources/problems/BPPEN-3x1_2A_1H_1L_TEAM_agent2.pomdpx': 10}
Projection took 6.467638
Solving BPPEN-3x1_2A_1H_1L_TEAM_agent1 with precision 10.000000
Solving BPPEN-3x1_2A_1H_1L_TEAM_agent2 with precision 10.000000
Aligning
['/home/eliranab/FDMAP/Resources/graphs/BPPEN-3x1_2A_1H_1L_TEAM_agent2.dot', '/home/eliranab/FDMAP/Resources/graphs/BPPEN-3x1_2A_1H_1L_TEAM_agent1.dot']
Took 0.264247
Simulating
===Start sim for horizon 200===
Won 693 out of 738 nonempty games, 93 percent
Won 955 out of 1000 games, 95 percent
With empty states, avg accumulated discounted reward: 498.515098
Without empty states, avg accumulated discounted reward: 675.494713
Max steps in win: 52
Avg steps in win: 13
==================Pipeline Finished on ./pipeline_logs/BPPEN-3x1_2A_1H_1L_TEAM-pipeline-2020-11-30 22:49:33.739757================
==================Pipeline Starts on ./pipeline_logs/BPPEN-2x2_2A_0H_2L_TEAM-pipeline-2020-11-30 22:50:03.902684================
Solving team problem
Projecting team problem
{'/home/eliranab/FDMAP/Resources/problems/BPPEN-2x2_2A_0H_2L_TEAM_agent1.pomdpx': 10, '/home/eliranab/FDMAP/Resources/problems/BPPEN-2x2_2A_0H_2L_TEAM_agent2.pomdpx': 10}
Projection took 8.750175
Solving BPPEN-2x2_2A_0H_2L_TEAM_agent1 with precision 10.000000
Solving BPPEN-2x2_2A_0H_2L_TEAM_agent2 with precision 10.000000
Aligning
['/home/eliranab/FDMAP/Resources/graphs/BPPEN-2x2_2A_0H_2L_TEAM_agent2.dot', '/home/eliranab/FDMAP/Resources/graphs/BPPEN-2x2_2A_0H_2L_TEAM_agent1.dot']
Took 0.245826
Simulating
===Start sim for horizon 200===
Won 746 out of 746 nonempty games, 100 percent
Won 1000 out of 1000 games, 100 percent
With empty states, avg accumulated discounted reward: 364.607899
Without empty states, avg accumulated discounted reward: 488.750535
Max steps in win: 25
Avg steps in win: 9
==================Pipeline Finished on ./pipeline_logs/BPPEN-2x2_2A_0H_2L_TEAM-pipeline-2020-11-30 22:50:03.902684================
==================Pipeline Starts on ./pipeline_logs/BPPEN-2x2_2A_0H_3L_TEAM-pipeline-2020-11-30 22:50:30.760423================
Solving team problem
Projecting team problem
{'/home/eliranab/FDMAP/Resources/problems/BPPEN-2x2_2A_0H_3L_TEAM_agent1.pomdpx': 10, '/home/eliranab/FDMAP/Resources/problems/BPPEN-2x2_2A_0H_3L_TEAM_agent2.pomdpx': 10}
Projection took 15.173729
Solving BPPEN-2x2_2A_0H_3L_TEAM_agent1 with precision 10.000000
Solving BPPEN-2x2_2A_0H_3L_TEAM_agent2 with precision 10.000000
Aligning
['/home/eliranab/FDMAP/Resources/graphs/BPPEN-2x2_2A_0H_3L_TEAM_agent2.dot', '/home/eliranab/FDMAP/Resources/graphs/BPPEN-2x2_2A_0H_3L_TEAM_agent1.dot']
Took 0.565416
Simulating
===Start sim for horizon 200===
Won 873 out of 873 nonempty games, 100 percent
Won 1000 out of 1000 games, 100 percent
With empty states, avg accumulated discounted reward: 525.566641
Without empty states, avg accumulated discounted reward: 602.023644
Max steps in win: 32
Avg steps in win: 14
==================Pipeline Finished on ./pipeline_logs/BPPEN-2x2_2A_0H_3L_TEAM-pipeline-2020-11-30 22:50:30.760423================
