Solving team problem
Projecting team problem
Metadata not stated!
Metadata not stated!
Metadata not stated!
{'/home/eliranab/FDMAP/Resources/problems/DT-2x1_2A_agent1.pomdpx': 0.01, '/home/eliranab/FDMAP/Resources/problems/DT-2x1_2A_agent2.pomdpx': 0.01}
Projection took 3.392492
Solving DT-2x1_2A_agent1 with precision 0.010000
Solving DT-2x1_2A_agent2 with precision 0.010000
Aligning
['/home/eliranab/FDMAP/Resources/graphs/DT-2x1_2A_agent2.dot', '/home/eliranab/FDMAP/Resources/graphs/DT-2x1_2A_agent1.dot']
Metadata not stated!
Took 0.185979
Simulating
===Start sim for horizon 1===
Won 0 out of 1000 nonempty games, 0 percent
Won 0 out of 1000 games, 0 percent
With empty states, avg accumulated discounted reward: -2.000000
Without empty states, avg accumulated discounted reward: -2.000000
Max steps in win: 0
Avg steps in win: 0
===Start sim for horizon 2===
Won 0 out of 1000 nonempty games, 0 percent
Won 0 out of 1000 games, 0 percent
With empty states, avg accumulated discounted reward: -2.009514
Without empty states, avg accumulated discounted reward: -2.009514
Max steps in win: 0
Avg steps in win: 0
===Start sim for horizon 3===
Won 0 out of 1000 nonempty games, 0 percent
Won 0 out of 1000 games, 0 percent
With empty states, avg accumulated discounted reward: 10.487032
Without empty states, avg accumulated discounted reward: 10.487032
Max steps in win: 0
Avg steps in win: 0
===Start sim for horizon 4===
Won 0 out of 1000 nonempty games, 0 percent
Won 0 out of 1000 games, 0 percent
With empty states, avg accumulated discounted reward: 9.173245
Without empty states, avg accumulated discounted reward: 9.173245
Max steps in win: 0
Avg steps in win: 0
===Start sim for horizon 5===
Won 0 out of 1000 nonempty games, 0 percent
Won 0 out of 1000 games, 0 percent
With empty states, avg accumulated discounted reward: 8.194828
Without empty states, avg accumulated discounted reward: 8.194828
Max steps in win: 0
Avg steps in win: 0
===Start sim for horizon 6===
Won 0 out of 1000 nonempty games, 0 percent
Won 0 out of 1000 games, 0 percent
With empty states, avg accumulated discounted reward: 6.561236
Without empty states, avg accumulated discounted reward: 6.561236
Max steps in win: 0
Avg steps in win: 0
===Start sim for horizon 7===
Won 0 out of 1000 nonempty games, 0 percent
Won 0 out of 1000 games, 0 percent
With empty states, avg accumulated discounted reward: 7.884934
Without empty states, avg accumulated discounted reward: 7.884934
Max steps in win: 0
Avg steps in win: 0
===Start sim for horizon 8===
Won 0 out of 1000 nonempty games, 0 percent
Won 0 out of 1000 games, 0 percent
With empty states, avg accumulated discounted reward: 7.714585
Without empty states, avg accumulated discounted reward: 7.714585
Max steps in win: 0
Avg steps in win: 0
===Start sim for horizon 9===
Won 0 out of 1000 nonempty games, 0 percent
Won 0 out of 1000 games, 0 percent
With empty states, avg accumulated discounted reward: 8.692868
Without empty states, avg accumulated discounted reward: 8.692868
Max steps in win: 0
Avg steps in win: 0
===Start sim for horizon 10===
Won 0 out of 1000 nonempty games, 0 percent
Won 0 out of 1000 games, 0 percent
With empty states, avg accumulated discounted reward: 7.762731
Without empty states, avg accumulated discounted reward: 7.762731
Max steps in win: 0
Avg steps in win: 0
===Start sim for horizon 11===
Won 0 out of 1000 nonempty games, 0 percent
Won 0 out of 1000 games, 0 percent
With empty states, avg accumulated discounted reward: 6.980088
Without empty states, avg accumulated discounted reward: 6.980088
Max steps in win: 0
Avg steps in win: 0
===Start sim for horizon 12===
Won 0 out of 1000 nonempty games, 0 percent
Won 0 out of 1000 games, 0 percent
With empty states, avg accumulated discounted reward: 8.406775
Without empty states, avg accumulated discounted reward: 8.406775
Max steps in win: 0
Avg steps in win: 0
===Start sim for horizon 13===
Won 0 out of 1000 nonempty games, 0 percent
Won 0 out of 1000 games, 0 percent
With empty states, avg accumulated discounted reward: 5.581810
Without empty states, avg accumulated discounted reward: 5.581810
Max steps in win: 0
Avg steps in win: 0
===Start sim for horizon 14===
Won 0 out of 1000 nonempty games, 0 percent
Won 0 out of 1000 games, 0 percent
With empty states, avg accumulated discounted reward: 3.205924
Without empty states, avg accumulated discounted reward: 3.205924
Max steps in win: 0
Avg steps in win: 0
===Start sim for horizon 15===
Won 0 out of 1000 nonempty games, 0 percent
Won 0 out of 1000 games, 0 percent
With empty states, avg accumulated discounted reward: 4.615209
Without empty states, avg accumulated discounted reward: 4.615209
Max steps in win: 0
Avg steps in win: 0
===Start sim for horizon 16===
Won 0 out of 1000 nonempty games, 0 percent
Won 0 out of 1000 games, 0 percent
With empty states, avg accumulated discounted reward: 2.439888
Without empty states, avg accumulated discounted reward: 2.439888
Max steps in win: 0
Avg steps in win: 0
===Start sim for horizon 17===
Won 0 out of 1000 nonempty games, 0 percent
Won 0 out of 1000 games, 0 percent
With empty states, avg accumulated discounted reward: 3.423088
Without empty states, avg accumulated discounted reward: 3.423088
Max steps in win: 0
Avg steps in win: 0
===Start sim for horizon 18===
Won 0 out of 1000 nonempty games, 0 percent
Won 0 out of 1000 games, 0 percent
With empty states, avg accumulated discounted reward: 3.659166
Without empty states, avg accumulated discounted reward: 3.659166
Max steps in win: 0
Avg steps in win: 0
===Start sim for horizon 19===
Won 0 out of 1000 nonempty games, 0 percent
Won 0 out of 1000 games, 0 percent
With empty states, avg accumulated discounted reward: 1.930566
Without empty states, avg accumulated discounted reward: 1.930566
Max steps in win: 0
Avg steps in win: 0
===Start sim for horizon 20===
Won 0 out of 1000 nonempty games, 0 percent
Won 0 out of 1000 games, 0 percent
With empty states, avg accumulated discounted reward: 1.106618
Without empty states, avg accumulated discounted reward: 1.106618
Max steps in win: 0
Avg steps in win: 0
===Start sim for horizon 21===
Won 0 out of 1000 nonempty games, 0 percent
Won 0 out of 1000 games, 0 percent
With empty states, avg accumulated discounted reward: -0.901616
Without empty states, avg accumulated discounted reward: -0.901616
Max steps in win: 0
Avg steps in win: 0
===Start sim for horizon 22===
Won 0 out of 1000 nonempty games, 0 percent
Won 0 out of 1000 games, 0 percent
With empty states, avg accumulated discounted reward: 1.974850
Without empty states, avg accumulated discounted reward: 1.974850
Max steps in win: 0
Avg steps in win: 0
===Start sim for horizon 23===
Won 0 out of 1000 nonempty games, 0 percent
Won 0 out of 1000 games, 0 percent
With empty states, avg accumulated discounted reward: -1.606942
Without empty states, avg accumulated discounted reward: -1.606942
Max steps in win: 0
Avg steps in win: 0
===Start sim for horizon 24===
Won 0 out of 1000 nonempty games, 0 percent
Won 0 out of 1000 games, 0 percent
With empty states, avg accumulated discounted reward: -4.177770
Without empty states, avg accumulated discounted reward: -4.177770
Max steps in win: 0
Avg steps in win: 0
===Start sim for horizon 25===
Won 0 out of 1000 nonempty games, 0 percent
Won 0 out of 1000 games, 0 percent
With empty states, avg accumulated discounted reward: -4.038801
Without empty states, avg accumulated discounted reward: -4.038801
Max steps in win: 0
Avg steps in win: 0
===Start sim for horizon 26===
Won 0 out of 1000 nonempty games, 0 percent
Won 0 out of 1000 games, 0 percent
With empty states, avg accumulated discounted reward: -2.197618
Without empty states, avg accumulated discounted reward: -2.197618
Max steps in win: 0
Avg steps in win: 0
===Start sim for horizon 27===
Won 0 out of 1000 nonempty games, 0 percent
Won 0 out of 1000 games, 0 percent
With empty states, avg accumulated discounted reward: -3.509029
Without empty states, avg accumulated discounted reward: -3.509029
Max steps in win: 0
Avg steps in win: 0
===Start sim for horizon 28===
Won 0 out of 1000 nonempty games, 0 percent
Won 0 out of 1000 games, 0 percent
With empty states, avg accumulated discounted reward: -6.216100
Without empty states, avg accumulated discounted reward: -6.216100
Max steps in win: 0
Avg steps in win: 0
===Start sim for horizon 29===
Won 0 out of 1000 nonempty games, 0 percent
Won 0 out of 1000 games, 0 percent
With empty states, avg accumulated discounted reward: -5.262470
Without empty states, avg accumulated discounted reward: -5.262470
Max steps in win: 0
Avg steps in win: 0
===Start sim for horizon 30===
Won 0 out of 1000 nonempty games, 0 percent
Won 0 out of 1000 games, 0 percent
With empty states, avg accumulated discounted reward: -6.089065
Without empty states, avg accumulated discounted reward: -6.089065
Max steps in win: 0
Avg steps in win: 0
===Start sim for horizon 31===
Won 0 out of 1000 nonempty games, 0 percent
Won 0 out of 1000 games, 0 percent
With empty states, avg accumulated discounted reward: -8.288306
Without empty states, avg accumulated discounted reward: -8.288306
Max steps in win: 0
Avg steps in win: 0
===Start sim for horizon 32===
Won 0 out of 1000 nonempty games, 0 percent
Won 0 out of 1000 games, 0 percent
With empty states, avg accumulated discounted reward: -6.765317
Without empty states, avg accumulated discounted reward: -6.765317
Max steps in win: 0
Avg steps in win: 0
===Start sim for horizon 33===
Won 0 out of 1000 nonempty games, 0 percent
Won 0 out of 1000 games, 0 percent
With empty states, avg accumulated discounted reward: -8.307478
Without empty states, avg accumulated discounted reward: -8.307478
Max steps in win: 0
Avg steps in win: 0
===Start sim for horizon 34===
Won 0 out of 1000 nonempty games, 0 percent
Won 0 out of 1000 games, 0 percent
With empty states, avg accumulated discounted reward: -6.483371
Without empty states, avg accumulated discounted reward: -6.483371
Max steps in win: 0
Avg steps in win: 0
===Start sim for horizon 35===
Won 0 out of 1000 nonempty games, 0 percent
Won 0 out of 1000 games, 0 percent
With empty states, avg accumulated discounted reward: -8.113518
Without empty states, avg accumulated discounted reward: -8.113518
Max steps in win: 0
Avg steps in win: 0
===Start sim for horizon 36===
Won 0 out of 1000 nonempty games, 0 percent
Won 0 out of 1000 games, 0 percent
With empty states, avg accumulated discounted reward: -8.143974
Without empty states, avg accumulated discounted reward: -8.143974
Max steps in win: 0
Avg steps in win: 0
===Start sim for horizon 37===
Won 0 out of 1000 nonempty games, 0 percent
Won 0 out of 1000 games, 0 percent
With empty states, avg accumulated discounted reward: -11.549758
Without empty states, avg accumulated discounted reward: -11.549758
Max steps in win: 0
Avg steps in win: 0
===Start sim for horizon 38===
Won 0 out of 1000 nonempty games, 0 percent
Won 0 out of 1000 games, 0 percent
With empty states, avg accumulated discounted reward: -7.980651
Without empty states, avg accumulated discounted reward: -7.980651
Max steps in win: 0
Avg steps in win: 0
===Start sim for horizon 39===
Won 0 out of 1000 nonempty games, 0 percent
Won 0 out of 1000 games, 0 percent
With empty states, avg accumulated discounted reward: -10.411169
Without empty states, avg accumulated discounted reward: -10.411169
Max steps in win: 0
Avg steps in win: 0
===Start sim for horizon 40===
Won 0 out of 1000 nonempty games, 0 percent
Won 0 out of 1000 games, 0 percent
With empty states, avg accumulated discounted reward: -9.804996
Without empty states, avg accumulated discounted reward: -9.804996
Max steps in win: 0
Avg steps in win: 0
===Start sim for horizon 41===
Won 0 out of 1000 nonempty games, 0 percent
Won 0 out of 1000 games, 0 percent
With empty states, avg accumulated discounted reward: -12.717391
Without empty states, avg accumulated discounted reward: -12.717391
Max steps in win: 0
Avg steps in win: 0
===Start sim for horizon 42===
Won 0 out of 1000 nonempty games, 0 percent
Won 0 out of 1000 games, 0 percent
With empty states, avg accumulated discounted reward: -11.498003
Without empty states, avg accumulated discounted reward: -11.498003
Max steps in win: 0
Avg steps in win: 0
===Start sim for horizon 43===
Won 0 out of 1000 nonempty games, 0 percent
Won 0 out of 1000 games, 0 percent
With empty states, avg accumulated discounted reward: -10.810498
Without empty states, avg accumulated discounted reward: -10.810498
Max steps in win: 0
Avg steps in win: 0
===Start sim for horizon 44===
Won 0 out of 1000 nonempty games, 0 percent
Won 0 out of 1000 games, 0 percent
With empty states, avg accumulated discounted reward: -14.136153
Without empty states, avg accumulated discounted reward: -14.136153
Max steps in win: 0
Avg steps in win: 0
===Start sim for horizon 45===
Won 0 out of 1000 nonempty games, 0 percent
Won 0 out of 1000 games, 0 percent
With empty states, avg accumulated discounted reward: -16.446566
Without empty states, avg accumulated discounted reward: -16.446566
Max steps in win: 0
Avg steps in win: 0
===Start sim for horizon 46===
Won 0 out of 1000 nonempty games, 0 percent
Won 0 out of 1000 games, 0 percent
With empty states, avg accumulated discounted reward: -15.821862
Without empty states, avg accumulated discounted reward: -15.821862
Max steps in win: 0
Avg steps in win: 0
===Start sim for horizon 47===
Won 0 out of 1000 nonempty games, 0 percent
Won 0 out of 1000 games, 0 percent
With empty states, avg accumulated discounted reward: -13.897900
Without empty states, avg accumulated discounted reward: -13.897900
Max steps in win: 0
Avg steps in win: 0
===Start sim for horizon 48===
Won 0 out of 1000 nonempty games, 0 percent
Won 0 out of 1000 games, 0 percent
With empty states, avg accumulated discounted reward: -15.047266
Without empty states, avg accumulated discounted reward: -15.047266
Max steps in win: 0
Avg steps in win: 0
===Start sim for horizon 49===
Won 0 out of 1000 nonempty games, 0 percent
Won 0 out of 1000 games, 0 percent
With empty states, avg accumulated discounted reward: -16.996774
Without empty states, avg accumulated discounted reward: -16.996774
Max steps in win: 0
Avg steps in win: 0
