/home/eliranab/FDMAP/POMDPX/POMDPX.py:483: FutureWarning: elementwise comparison failed; returning scalar instead, but in the future will perform elementwise comparison
  if cur_entry.table == "uniform":
Solving team problem
Projecting team problem
Metadata not stated!
Metadata not stated!
Metadata not stated!
{'/home/eliranab/FDMAP/Resources/problems/DT-2x1_2A_agent1.pomdpx': 0.1, '/home/eliranab/FDMAP/Resources/problems/DT-2x1_2A_agent2.pomdpx': 0.1}
Projection took 3.384967
Solving DT-2x1_2A_agent1 with precision 0.100000
Solving DT-2x1_2A_agent2 with precision 0.100000
Aligning
['/home/eliranab/FDMAP/Resources/graphs/DT-2x1_2A_agent2.dot', '/home/eliranab/FDMAP/Resources/graphs/DT-2x1_2A_agent1.dot']
Metadata not stated!
Took 0.193210
Simulating
===Start sim for horizon 1===
Won 0 out of 1000 nonempty games, 0 percent
Won 0 out of 1000 games, 0 percent
With empty states, avg accumulated discounted reward: -2.000000
Without empty states, avg accumulated discounted reward: -2.000000
Max steps in win: 0
Avg steps in win: 0
===Start sim for horizon 2===
Won 0 out of 1000 nonempty games, 0 percent
Won 0 out of 1000 games, 0 percent
With empty states, avg accumulated discounted reward: -2.009702
Without empty states, avg accumulated discounted reward: -2.009702
Max steps in win: 0
Avg steps in win: 0
===Start sim for horizon 3===
Won 0 out of 1000 nonempty games, 0 percent
Won 0 out of 1000 games, 0 percent
With empty states, avg accumulated discounted reward: 10.878964
Without empty states, avg accumulated discounted reward: 10.878964
Max steps in win: 0
Avg steps in win: 0
===Start sim for horizon 4===
Won 0 out of 1000 nonempty games, 0 percent
Won 0 out of 1000 games, 0 percent
With empty states, avg accumulated discounted reward: 9.163532
Without empty states, avg accumulated discounted reward: 9.163532
Max steps in win: 0
Avg steps in win: 0
===Start sim for horizon 5===
Won 0 out of 1000 nonempty games, 0 percent
Won 0 out of 1000 games, 0 percent
With empty states, avg accumulated discounted reward: 8.376252
Without empty states, avg accumulated discounted reward: 8.376252
Max steps in win: 0
Avg steps in win: 0
===Start sim for horizon 6===
Won 0 out of 1000 nonempty games, 0 percent
Won 0 out of 1000 games, 0 percent
With empty states, avg accumulated discounted reward: 7.206101
Without empty states, avg accumulated discounted reward: 7.206101
Max steps in win: 0
Avg steps in win: 0
===Start sim for horizon 7===
Won 0 out of 1000 nonempty games, 0 percent
Won 0 out of 1000 games, 0 percent
With empty states, avg accumulated discounted reward: 7.492790
Without empty states, avg accumulated discounted reward: 7.492790
Max steps in win: 0
Avg steps in win: 0
===Start sim for horizon 8===
Won 0 out of 1000 nonempty games, 0 percent
Won 0 out of 1000 games, 0 percent
With empty states, avg accumulated discounted reward: 7.123888
Without empty states, avg accumulated discounted reward: 7.123888
Max steps in win: 0
Avg steps in win: 0
===Start sim for horizon 9===
Won 0 out of 1000 nonempty games, 0 percent
Won 0 out of 1000 games, 0 percent
With empty states, avg accumulated discounted reward: 8.356110
Without empty states, avg accumulated discounted reward: 8.356110
Max steps in win: 0
Avg steps in win: 0
===Start sim for horizon 10===
Won 0 out of 1000 nonempty games, 0 percent
Won 0 out of 1000 games, 0 percent
With empty states, avg accumulated discounted reward: 6.645573
Without empty states, avg accumulated discounted reward: 6.645573
Max steps in win: 0
Avg steps in win: 0
===Start sim for horizon 11===
Won 0 out of 1000 nonempty games, 0 percent
Won 0 out of 1000 games, 0 percent
With empty states, avg accumulated discounted reward: 8.569235
Without empty states, avg accumulated discounted reward: 8.569235
Max steps in win: 0
Avg steps in win: 0
===Start sim for horizon 12===
Won 0 out of 1000 nonempty games, 0 percent
Won 0 out of 1000 games, 0 percent
With empty states, avg accumulated discounted reward: 5.935092
Without empty states, avg accumulated discounted reward: 5.935092
Max steps in win: 0
Avg steps in win: 0
===Start sim for horizon 13===
Won 0 out of 1000 nonempty games, 0 percent
Won 0 out of 1000 games, 0 percent
With empty states, avg accumulated discounted reward: 7.401684
Without empty states, avg accumulated discounted reward: 7.401684
Max steps in win: 0
Avg steps in win: 0
===Start sim for horizon 14===
Won 0 out of 1000 nonempty games, 0 percent
Won 0 out of 1000 games, 0 percent
With empty states, avg accumulated discounted reward: 5.236248
Without empty states, avg accumulated discounted reward: 5.236248
Max steps in win: 0
Avg steps in win: 0
===Start sim for horizon 15===
Won 0 out of 1000 nonempty games, 0 percent
Won 0 out of 1000 games, 0 percent
With empty states, avg accumulated discounted reward: 4.197202
Without empty states, avg accumulated discounted reward: 4.197202
Max steps in win: 0
Avg steps in win: 0
===Start sim for horizon 16===
Won 0 out of 1000 nonempty games, 0 percent
Won 0 out of 1000 games, 0 percent
With empty states, avg accumulated discounted reward: 1.760412
Without empty states, avg accumulated discounted reward: 1.760412
Max steps in win: 0
Avg steps in win: 0
===Start sim for horizon 17===
Won 0 out of 1000 nonempty games, 0 percent
Won 0 out of 1000 games, 0 percent
With empty states, avg accumulated discounted reward: 3.779369
Without empty states, avg accumulated discounted reward: 3.779369
Max steps in win: 0
Avg steps in win: 0
===Start sim for horizon 18===
Won 0 out of 1000 nonempty games, 0 percent
Won 0 out of 1000 games, 0 percent
With empty states, avg accumulated discounted reward: 3.148018
Without empty states, avg accumulated discounted reward: 3.148018
Max steps in win: 0
Avg steps in win: 0
===Start sim for horizon 19===
Won 0 out of 1000 nonempty games, 0 percent
Won 0 out of 1000 games, 0 percent
With empty states, avg accumulated discounted reward: 1.661198
Without empty states, avg accumulated discounted reward: 1.661198
Max steps in win: 0
Avg steps in win: 0
