Projecting team problem
Metadata not stated!
Metadata not stated!
Metadata not stated!
{'/home/eliranab/FDMAP/Resources/problems/DT-2x1_2A_agent1.pomdpx': 0.1, '/home/eliranab/FDMAP/Resources/problems/DT-2x1_2A_agent2.pomdpx': 0.1}
Projection took 3.353205
Aligning
['/home/eliranab/FDMAP/Resources/graphs/DT-2x1_2A_agent2.dot', '/home/eliranab/FDMAP/Resources/graphs/DT-2x1_2A_agent1.dot']
Metadata not stated!
Took 0.180581
Simulating
===Start sim for horizon 10===
Won 0 out of 10000 nonempty games, 0 percent
Won 0 out of 10000 games, 0 percent
With empty states, avg accumulated discounted reward: 7.596139
Without empty states, avg accumulated discounted reward: 7.596139
Max steps in win: 0
Avg steps in win: 0
===Start sim for horizon 11===
Won 0 out of 10000 nonempty games, 0 percent
Won 0 out of 10000 games, 0 percent
With empty states, avg accumulated discounted reward: 8.394136
Without empty states, avg accumulated discounted reward: 8.394136
Max steps in win: 0
Avg steps in win: 0
===Start sim for horizon 12===
Won 0 out of 10000 nonempty games, 0 percent
Won 0 out of 10000 games, 0 percent
With empty states, avg accumulated discounted reward: 6.675549
Without empty states, avg accumulated discounted reward: 6.675549
Max steps in win: 0
Avg steps in win: 0
===Start sim for horizon 13===
Won 0 out of 10000 nonempty games, 0 percent
Won 0 out of 10000 games, 0 percent
With empty states, avg accumulated discounted reward: 5.790481
Without empty states, avg accumulated discounted reward: 5.790481
Max steps in win: 0
Avg steps in win: 0
===Start sim for horizon 14===
Won 0 out of 10000 nonempty games, 0 percent
Won 0 out of 10000 games, 0 percent
With empty states, avg accumulated discounted reward: 5.836300
Without empty states, avg accumulated discounted reward: 5.836300
Max steps in win: 0
Avg steps in win: 0
===Start sim for horizon 15===
Won 0 out of 10000 nonempty games, 0 percent
Won 0 out of 10000 games, 0 percent
With empty states, avg accumulated discounted reward: 4.721906
Without empty states, avg accumulated discounted reward: 4.721906
Max steps in win: 0
Avg steps in win: 0
===Start sim for horizon 16===
Won 0 out of 10000 nonempty games, 0 percent
Won 0 out of 10000 games, 0 percent
With empty states, avg accumulated discounted reward: 3.720704
Without empty states, avg accumulated discounted reward: 3.720704
Max steps in win: 0
Avg steps in win: 0
===Start sim for horizon 17===
Won 0 out of 10000 nonempty games, 0 percent
Won 0 out of 10000 games, 0 percent
With empty states, avg accumulated discounted reward: 3.307559
Without empty states, avg accumulated discounted reward: 3.307559
Max steps in win: 0
Avg steps in win: 0
===Start sim for horizon 18===
Won 0 out of 10000 nonempty games, 0 percent
Won 0 out of 10000 games, 0 percent
With empty states, avg accumulated discounted reward: 1.766999
Without empty states, avg accumulated discounted reward: 1.766999
Max steps in win: 0
Avg steps in win: 0
===Start sim for horizon 19===
Won 0 out of 10000 nonempty games, 0 percent
Won 0 out of 10000 games, 0 percent
With empty states, avg accumulated discounted reward: 2.114231
Without empty states, avg accumulated discounted reward: 2.114231
Max steps in win: 0
Avg steps in win: 0
===Start sim for horizon 20===
Won 0 out of 10000 nonempty games, 0 percent
Won 0 out of 10000 games, 0 percent
With empty states, avg accumulated discounted reward: 1.095932
Without empty states, avg accumulated discounted reward: 1.095932
Max steps in win: 0
Avg steps in win: 0
===Start sim for horizon 21===
Won 0 out of 10000 nonempty games, 0 percent
Won 0 out of 10000 games, 0 percent
With empty states, avg accumulated discounted reward: 0.389212
Without empty states, avg accumulated discounted reward: 0.389212
Max steps in win: 0
Avg steps in win: 0
===Start sim for horizon 22===
Won 0 out of 10000 nonempty games, 0 percent
Won 0 out of 10000 games, 0 percent
With empty states, avg accumulated discounted reward: -0.917175
Without empty states, avg accumulated discounted reward: -0.917175
Max steps in win: 0
Avg steps in win: 0
===Start sim for horizon 23===
Won 0 out of 10000 nonempty games, 0 percent
Won 0 out of 10000 games, 0 percent
With empty states, avg accumulated discounted reward: -1.795115
Without empty states, avg accumulated discounted reward: -1.795115
Max steps in win: 0
Avg steps in win: 0
===Start sim for horizon 24===
Won 0 out of 10000 nonempty games, 0 percent
Won 0 out of 10000 games, 0 percent
With empty states, avg accumulated discounted reward: -2.196232
Without empty states, avg accumulated discounted reward: -2.196232
Max steps in win: 0
Avg steps in win: 0
===Start sim for horizon 25===
Won 0 out of 10000 nonempty games, 0 percent
Won 0 out of 10000 games, 0 percent
With empty states, avg accumulated discounted reward: -3.292120
Without empty states, avg accumulated discounted reward: -3.292120
Max steps in win: 0
Avg steps in win: 0
===Start sim for horizon 26===
Won 0 out of 10000 nonempty games, 0 percent
Won 0 out of 10000 games, 0 percent
With empty states, avg accumulated discounted reward: -3.362311
Without empty states, avg accumulated discounted reward: -3.362311
Max steps in win: 0
Avg steps in win: 0
===Start sim for horizon 27===
Won 0 out of 10000 nonempty games, 0 percent
Won 0 out of 10000 games, 0 percent
With empty states, avg accumulated discounted reward: -4.249048
Without empty states, avg accumulated discounted reward: -4.249048
Max steps in win: 0
Avg steps in win: 0
===Start sim for horizon 28===
Won 0 out of 10000 nonempty games, 0 percent
Won 0 out of 10000 games, 0 percent
With empty states, avg accumulated discounted reward: -5.012291
Without empty states, avg accumulated discounted reward: -5.012291
Max steps in win: 0
Avg steps in win: 0
===Start sim for horizon 29===
Won 0 out of 10000 nonempty games, 0 percent
Won 0 out of 10000 games, 0 percent
With empty states, avg accumulated discounted reward: -5.589048
Without empty states, avg accumulated discounted reward: -5.589048
Max steps in win: 0
Avg steps in win: 0
===Start sim for horizon 30===
Won 0 out of 10000 nonempty games, 0 percent
Won 0 out of 10000 games, 0 percent
With empty states, avg accumulated discounted reward: -6.263873
Without empty states, avg accumulated discounted reward: -6.263873
Max steps in win: 0
Avg steps in win: 0
===Start sim for horizon 31===
Won 0 out of 10000 nonempty games, 0 percent
Won 0 out of 10000 games, 0 percent
With empty states, avg accumulated discounted reward: -6.850950
Without empty states, avg accumulated discounted reward: -6.850950
Max steps in win: 0
Avg steps in win: 0
===Start sim for horizon 32===
Won 0 out of 10000 nonempty games, 0 percent
Won 0 out of 10000 games, 0 percent
With empty states, avg accumulated discounted reward: -7.277861
Without empty states, avg accumulated discounted reward: -7.277861
Max steps in win: 0
Avg steps in win: 0
===Start sim for horizon 33===
Won 0 out of 10000 nonempty games, 0 percent
Won 0 out of 10000 games, 0 percent
With empty states, avg accumulated discounted reward: -7.883456
Without empty states, avg accumulated discounted reward: -7.883456
Max steps in win: 0
Avg steps in win: 0
===Start sim for horizon 34===
Won 0 out of 10000 nonempty games, 0 percent
Won 0 out of 10000 games, 0 percent
With empty states, avg accumulated discounted reward: -7.881400
Without empty states, avg accumulated discounted reward: -7.881400
Max steps in win: 0
Avg steps in win: 0
===Start sim for horizon 35===
Won 0 out of 10000 nonempty games, 0 percent
Won 0 out of 10000 games, 0 percent
With empty states, avg accumulated discounted reward: -9.163167
Without empty states, avg accumulated discounted reward: -9.163167
Max steps in win: 0
Avg steps in win: 0
===Start sim for horizon 36===
Won 0 out of 10000 nonempty games, 0 percent
Won 0 out of 10000 games, 0 percent
With empty states, avg accumulated discounted reward: -9.489993
Without empty states, avg accumulated discounted reward: -9.489993
Max steps in win: 0
Avg steps in win: 0
===Start sim for horizon 37===
Won 0 out of 10000 nonempty games, 0 percent
Won 0 out of 10000 games, 0 percent
With empty states, avg accumulated discounted reward: -10.370225
Without empty states, avg accumulated discounted reward: -10.370225
Max steps in win: 0
Avg steps in win: 0
===Start sim for horizon 38===
Won 0 out of 10000 nonempty games, 0 percent
Won 0 out of 10000 games, 0 percent
With empty states, avg accumulated discounted reward: -10.627256
Without empty states, avg accumulated discounted reward: -10.627256
Max steps in win: 0
Avg steps in win: 0
===Start sim for horizon 39===
Won 0 out of 10000 nonempty games, 0 percent
Won 0 out of 10000 games, 0 percent
With empty states, avg accumulated discounted reward: -11.214810
Without empty states, avg accumulated discounted reward: -11.214810
Max steps in win: 0
Avg steps in win: 0
===Start sim for horizon 40===
Won 0 out of 10000 nonempty games, 0 percent
Won 0 out of 10000 games, 0 percent
With empty states, avg accumulated discounted reward: -11.620226
Without empty states, avg accumulated discounted reward: -11.620226
Max steps in win: 0
Avg steps in win: 0
