Solving team problem
Projecting team problem
Metadata not stated!
Metadata not stated!
Metadata not stated!
{'/home/eliranab/FDMAP/Resources/problems/DT-2x1_2A_agent1.pomdpx': 0.1, '/home/eliranab/FDMAP/Resources/problems/DT-2x1_2A_agent2.pomdpx': 0.1}
Projection took 3.380599
Solving DT-2x1_2A_agent1 with precision 0.100000
Solving DT-2x1_2A_agent2 with precision 0.100000
Aligning
['/home/eliranab/FDMAP/Resources/graphs/DT-2x1_2A_agent2.dot', '/home/eliranab/FDMAP/Resources/graphs/DT-2x1_2A_agent1.dot']
Metadata not stated!
Took 0.138458
Simulating
===Start sim for horizon 1===
Won 0 out of 1000 nonempty games, 0 percent
Won 0 out of 1000 games, 0 percent
With empty states, avg accumulated discounted reward: -2.000000
Without empty states, avg accumulated discounted reward: -2.000000
Max steps in win: 0
Avg steps in win: 0
===Start sim for horizon 2===
Won 0 out of 1000 nonempty games, 0 percent
Won 0 out of 1000 games, 0 percent
With empty states, avg accumulated discounted reward: -2.009841
Without empty states, avg accumulated discounted reward: -2.009841
Max steps in win: 0
Avg steps in win: 0
===Start sim for horizon 3===
Won 0 out of 1000 nonempty games, 0 percent
Won 0 out of 1000 games, 0 percent
With empty states, avg accumulated discounted reward: 4.116305
Without empty states, avg accumulated discounted reward: 4.116305
Max steps in win: 0
Avg steps in win: 0
===Start sim for horizon 4===
Won 0 out of 1000 nonempty games, 0 percent
Won 0 out of 1000 games, 0 percent
With empty states, avg accumulated discounted reward: 2.561500
Without empty states, avg accumulated discounted reward: 2.561500
Max steps in win: 0
Avg steps in win: 0
===Start sim for horizon 5===
Won 0 out of 1000 nonempty games, 0 percent
Won 0 out of 1000 games, 0 percent
With empty states, avg accumulated discounted reward: 2.389399
Without empty states, avg accumulated discounted reward: 2.389399
Max steps in win: 0
Avg steps in win: 0
===Start sim for horizon 6===
Won 0 out of 1000 nonempty games, 0 percent
Won 0 out of 1000 games, 0 percent
With empty states, avg accumulated discounted reward: 1.806203
Without empty states, avg accumulated discounted reward: 1.806203
Max steps in win: 0
Avg steps in win: 0
===Start sim for horizon 7===
Won 0 out of 1000 nonempty games, 0 percent
Won 0 out of 1000 games, 0 percent
With empty states, avg accumulated discounted reward: 1.534519
Without empty states, avg accumulated discounted reward: 1.534519
Max steps in win: 0
Avg steps in win: 0
===Start sim for horizon 8===
Won 0 out of 1000 nonempty games, 0 percent
Won 0 out of 1000 games, 0 percent
With empty states, avg accumulated discounted reward: -1.533176
Without empty states, avg accumulated discounted reward: -1.533176
Max steps in win: 0
Avg steps in win: 0
===Start sim for horizon 9===
Won 0 out of 1000 nonempty games, 0 percent
Won 0 out of 1000 games, 0 percent
With empty states, avg accumulated discounted reward: -0.913380
Without empty states, avg accumulated discounted reward: -0.913380
Max steps in win: 0
Avg steps in win: 0
===Start sim for horizon 10===
Won 0 out of 1000 nonempty games, 0 percent
Won 0 out of 1000 games, 0 percent
With empty states, avg accumulated discounted reward: -2.273676
Without empty states, avg accumulated discounted reward: -2.273676
Max steps in win: 0
Avg steps in win: 0
===Start sim for horizon 11===
Won 0 out of 1000 nonempty games, 0 percent
Won 0 out of 1000 games, 0 percent
With empty states, avg accumulated discounted reward: -3.474598
Without empty states, avg accumulated discounted reward: -3.474598
Max steps in win: 0
Avg steps in win: 0
===Start sim for horizon 12===
Won 0 out of 1000 nonempty games, 0 percent
Won 0 out of 1000 games, 0 percent
With empty states, avg accumulated discounted reward: -3.323313
Without empty states, avg accumulated discounted reward: -3.323313
Max steps in win: 0
Avg steps in win: 0
===Start sim for horizon 13===
Won 0 out of 1000 nonempty games, 0 percent
Won 0 out of 1000 games, 0 percent
With empty states, avg accumulated discounted reward: -5.532734
Without empty states, avg accumulated discounted reward: -5.532734
Max steps in win: 0
Avg steps in win: 0
===Start sim for horizon 14===
Won 0 out of 1000 nonempty games, 0 percent
Won 0 out of 1000 games, 0 percent
With empty states, avg accumulated discounted reward: -6.933511
Without empty states, avg accumulated discounted reward: -6.933511
Max steps in win: 0
Avg steps in win: 0
===Start sim for horizon 15===
Won 0 out of 1000 nonempty games, 0 percent
Won 0 out of 1000 games, 0 percent
With empty states, avg accumulated discounted reward: -5.010519
Without empty states, avg accumulated discounted reward: -5.010519
Max steps in win: 0
Avg steps in win: 0
===Start sim for horizon 16===
Won 0 out of 1000 nonempty games, 0 percent
Won 0 out of 1000 games, 0 percent
With empty states, avg accumulated discounted reward: -7.126685
Without empty states, avg accumulated discounted reward: -7.126685
Max steps in win: 0
Avg steps in win: 0
===Start sim for horizon 17===
Won 0 out of 1000 nonempty games, 0 percent
Won 0 out of 1000 games, 0 percent
With empty states, avg accumulated discounted reward: -8.381526
Without empty states, avg accumulated discounted reward: -8.381526
Max steps in win: 0
Avg steps in win: 0
===Start sim for horizon 18===
Won 0 out of 1000 nonempty games, 0 percent
Won 0 out of 1000 games, 0 percent
With empty states, avg accumulated discounted reward: -7.752405
Without empty states, avg accumulated discounted reward: -7.752405
Max steps in win: 0
Avg steps in win: 0
===Start sim for horizon 19===
Won 0 out of 1000 nonempty games, 0 percent
Won 0 out of 1000 games, 0 percent
With empty states, avg accumulated discounted reward: -7.685102
Without empty states, avg accumulated discounted reward: -7.685102
Max steps in win: 0
Avg steps in win: 0
===Start sim for horizon 20===
Won 0 out of 1000 nonempty games, 0 percent
Won 0 out of 1000 games, 0 percent
With empty states, avg accumulated discounted reward: -8.520596
Without empty states, avg accumulated discounted reward: -8.520596
Max steps in win: 0
Avg steps in win: 0
===Start sim for horizon 21===
Won 0 out of 1000 nonempty games, 0 percent
Won 0 out of 1000 games, 0 percent
With empty states, avg accumulated discounted reward: -10.597429
Without empty states, avg accumulated discounted reward: -10.597429
Max steps in win: 0
Avg steps in win: 0
===Start sim for horizon 22===
Won 0 out of 1000 nonempty games, 0 percent
Won 0 out of 1000 games, 0 percent
With empty states, avg accumulated discounted reward: -12.443252
Without empty states, avg accumulated discounted reward: -12.443252
Max steps in win: 0
Avg steps in win: 0
===Start sim for horizon 23===
Won 0 out of 1000 nonempty games, 0 percent
Won 0 out of 1000 games, 0 percent
With empty states, avg accumulated discounted reward: -12.724796
Without empty states, avg accumulated discounted reward: -12.724796
Max steps in win: 0
Avg steps in win: 0
===Start sim for horizon 24===
Won 0 out of 1000 nonempty games, 0 percent
Won 0 out of 1000 games, 0 percent
With empty states, avg accumulated discounted reward: -13.643806
Without empty states, avg accumulated discounted reward: -13.643806
Max steps in win: 0
Avg steps in win: 0
===Start sim for horizon 25===
Won 0 out of 1000 nonempty games, 0 percent
Won 0 out of 1000 games, 0 percent
With empty states, avg accumulated discounted reward: -14.495038
Without empty states, avg accumulated discounted reward: -14.495038
Max steps in win: 0
Avg steps in win: 0
===Start sim for horizon 26===
Won 0 out of 1000 nonempty games, 0 percent
Won 0 out of 1000 games, 0 percent
With empty states, avg accumulated discounted reward: -14.797465
Without empty states, avg accumulated discounted reward: -14.797465
Max steps in win: 0
Avg steps in win: 0
===Start sim for horizon 27===
Won 0 out of 1000 nonempty games, 0 percent
Won 0 out of 1000 games, 0 percent
With empty states, avg accumulated discounted reward: -14.896897
Without empty states, avg accumulated discounted reward: -14.896897
Max steps in win: 0
Avg steps in win: 0
===Start sim for horizon 28===
Won 0 out of 1000 nonempty games, 0 percent
Won 0 out of 1000 games, 0 percent
With empty states, avg accumulated discounted reward: -16.656607
Without empty states, avg accumulated discounted reward: -16.656607
Max steps in win: 0
Avg steps in win: 0
===Start sim for horizon 29===
Won 0 out of 1000 nonempty games, 0 percent
Won 0 out of 1000 games, 0 percent
With empty states, avg accumulated discounted reward: -18.536468
Without empty states, avg accumulated discounted reward: -18.536468
Max steps in win: 0
Avg steps in win: 0
===Start sim for horizon 30===
Won 0 out of 1000 nonempty games, 0 percent
Won 0 out of 1000 games, 0 percent
With empty states, avg accumulated discounted reward: -17.089393
Without empty states, avg accumulated discounted reward: -17.089393
Max steps in win: 0
Avg steps in win: 0
===Start sim for horizon 31===
Won 0 out of 1000 nonempty games, 0 percent
Won 0 out of 1000 games, 0 percent
With empty states, avg accumulated discounted reward: -17.777282
Without empty states, avg accumulated discounted reward: -17.777282
Max steps in win: 0
Avg steps in win: 0
===Start sim for horizon 32===
Won 0 out of 1000 nonempty games, 0 percent
Won 0 out of 1000 games, 0 percent
With empty states, avg accumulated discounted reward: -20.240853
Without empty states, avg accumulated discounted reward: -20.240853
Max steps in win: 0
Avg steps in win: 0
===Start sim for horizon 33===
Won 0 out of 1000 nonempty games, 0 percent
Won 0 out of 1000 games, 0 percent
With empty states, avg accumulated discounted reward: -19.173894
Without empty states, avg accumulated discounted reward: -19.173894
Max steps in win: 0
Avg steps in win: 0
===Start sim for horizon 34===
Won 0 out of 1000 nonempty games, 0 percent
Won 0 out of 1000 games, 0 percent
With empty states, avg accumulated discounted reward: -19.510938
Without empty states, avg accumulated discounted reward: -19.510938
Max steps in win: 0
Avg steps in win: 0
===Start sim for horizon 35===
Won 0 out of 1000 nonempty games, 0 percent
Won 0 out of 1000 games, 0 percent
With empty states, avg accumulated discounted reward: -22.712784
Without empty states, avg accumulated discounted reward: -22.712784
Max steps in win: 0
Avg steps in win: 0
===Start sim for horizon 36===
Won 0 out of 1000 nonempty games, 0 percent
Won 0 out of 1000 games, 0 percent
With empty states, avg accumulated discounted reward: -21.816367
Without empty states, avg accumulated discounted reward: -21.816367
Max steps in win: 0
Avg steps in win: 0
===Start sim for horizon 37===
Won 0 out of 1000 nonempty games, 0 percent
Won 0 out of 1000 games, 0 percent
With empty states, avg accumulated discounted reward: -23.581812
Without empty states, avg accumulated discounted reward: -23.581812
Max steps in win: 0
Avg steps in win: 0
===Start sim for horizon 38===
Won 0 out of 1000 nonempty games, 0 percent
Won 0 out of 1000 games, 0 percent
With empty states, avg accumulated discounted reward: -21.775632
Without empty states, avg accumulated discounted reward: -21.775632
Max steps in win: 0
Avg steps in win: 0
===Start sim for horizon 39===
Won 0 out of 1000 nonempty games, 0 percent
Won 0 out of 1000 games, 0 percent
With empty states, avg accumulated discounted reward: -23.831670
Without empty states, avg accumulated discounted reward: -23.831670
Max steps in win: 0
Avg steps in win: 0
===Start sim for horizon 40===
Won 0 out of 1000 nonempty games, 0 percent
Won 0 out of 1000 games, 0 percent
With empty states, avg accumulated discounted reward: -23.275170
Without empty states, avg accumulated discounted reward: -23.275170
Max steps in win: 0
Avg steps in win: 0
===Start sim for horizon 41===
Won 0 out of 1000 nonempty games, 0 percent
Won 0 out of 1000 games, 0 percent
With empty states, avg accumulated discounted reward: -24.895616
Without empty states, avg accumulated discounted reward: -24.895616
Max steps in win: 0
Avg steps in win: 0
===Start sim for horizon 42===
Won 0 out of 1000 nonempty games, 0 percent
Won 0 out of 1000 games, 0 percent
With empty states, avg accumulated discounted reward: -24.912574
Without empty states, avg accumulated discounted reward: -24.912574
Max steps in win: 0
Avg steps in win: 0
===Start sim for horizon 43===
Won 0 out of 1000 nonempty games, 0 percent
Won 0 out of 1000 games, 0 percent
With empty states, avg accumulated discounted reward: -26.464037
Without empty states, avg accumulated discounted reward: -26.464037
Max steps in win: 0
Avg steps in win: 0
===Start sim for horizon 44===
Won 0 out of 1000 nonempty games, 0 percent
Won 0 out of 1000 games, 0 percent
With empty states, avg accumulated discounted reward: -29.728162
Without empty states, avg accumulated discounted reward: -29.728162
Max steps in win: 0
Avg steps in win: 0
===Start sim for horizon 45===
Won 0 out of 1000 nonempty games, 0 percent
Won 0 out of 1000 games, 0 percent
With empty states, avg accumulated discounted reward: -27.229881
Without empty states, avg accumulated discounted reward: -27.229881
Max steps in win: 0
Avg steps in win: 0
===Start sim for horizon 46===
Won 0 out of 1000 nonempty games, 0 percent
Won 0 out of 1000 games, 0 percent
With empty states, avg accumulated discounted reward: -25.610439
Without empty states, avg accumulated discounted reward: -25.610439
Max steps in win: 0
Avg steps in win: 0
===Start sim for horizon 47===
Won 0 out of 1000 nonempty games, 0 percent
Won 0 out of 1000 games, 0 percent
With empty states, avg accumulated discounted reward: -28.386595
Without empty states, avg accumulated discounted reward: -28.386595
Max steps in win: 0
Avg steps in win: 0
===Start sim for horizon 48===
Won 0 out of 1000 nonempty games, 0 percent
Won 0 out of 1000 games, 0 percent
With empty states, avg accumulated discounted reward: -28.658214
Without empty states, avg accumulated discounted reward: -28.658214
Max steps in win: 0
Avg steps in win: 0
===Start sim for horizon 49===
Won 0 out of 1000 nonempty games, 0 percent
Won 0 out of 1000 games, 0 percent
With empty states, avg accumulated discounted reward: -27.792356
Without empty states, avg accumulated discounted reward: -27.792356
Max steps in win: 0
Avg steps in win: 0
===Start sim for horizon 50===
Won 0 out of 1000 nonempty games, 0 percent
Won 0 out of 1000 games, 0 percent
With empty states, avg accumulated discounted reward: -30.460470
Without empty states, avg accumulated discounted reward: -30.460470
Max steps in win: 0
Avg steps in win: 0
===Start sim for horizon 51===
Won 0 out of 1000 nonempty games, 0 percent
Won 0 out of 1000 games, 0 percent
With empty states, avg accumulated discounted reward: -26.567308
Without empty states, avg accumulated discounted reward: -26.567308
Max steps in win: 0
Avg steps in win: 0
===Start sim for horizon 52===
Won 0 out of 1000 nonempty games, 0 percent
Won 0 out of 1000 games, 0 percent
With empty states, avg accumulated discounted reward: -28.075646
Without empty states, avg accumulated discounted reward: -28.075646
Max steps in win: 0
Avg steps in win: 0
===Start sim for horizon 53===
Won 0 out of 1000 nonempty games, 0 percent
Won 0 out of 1000 games, 0 percent
With empty states, avg accumulated discounted reward: -30.654693
Without empty states, avg accumulated discounted reward: -30.654693
Max steps in win: 0
Avg steps in win: 0
===Start sim for horizon 54===
Won 0 out of 1000 nonempty games, 0 percent
Won 0 out of 1000 games, 0 percent
With empty states, avg accumulated discounted reward: -31.335236
Without empty states, avg accumulated discounted reward: -31.335236
Max steps in win: 0
Avg steps in win: 0
===Start sim for horizon 55===
Won 0 out of 1000 nonempty games, 0 percent
Won 0 out of 1000 games, 0 percent
With empty states, avg accumulated discounted reward: -31.481499
Without empty states, avg accumulated discounted reward: -31.481499
Max steps in win: 0
Avg steps in win: 0
===Start sim for horizon 56===
Won 0 out of 1000 nonempty games, 0 percent
Won 0 out of 1000 games, 0 percent
With empty states, avg accumulated discounted reward: -31.461870
Without empty states, avg accumulated discounted reward: -31.461870
Max steps in win: 0
Avg steps in win: 0
===Start sim for horizon 57===
Won 0 out of 1000 nonempty games, 0 percent/home/eliranab/FDMAP/POMDPX/POMDPX.py:483: FutureWarning: elementwise comparison failed; returning scalar instead, but in the future will perform elementwise comparison
  if cur_entry.table == "uniform":

Won 0 out of 1000 games, 0 percent
With empty states, avg accumulated discounted reward: -35.328321
Without empty states, avg accumulated discounted reward: -35.328321
Max steps in win: 0
Avg steps in win: 0
===Start sim for horizon 58===
Won 0 out of 1000 nonempty games, 0 percent
Won 0 out of 1000 games, 0 percent
With empty states, avg accumulated discounted reward: -34.236682
Without empty states, avg accumulated discounted reward: -34.236682
Max steps in win: 0
Avg steps in win: 0
===Start sim for horizon 59===
Won 0 out of 1000 nonempty games, 0 percent
Won 0 out of 1000 games, 0 percent
With empty states, avg accumulated discounted reward: -32.107090
Without empty states, avg accumulated discounted reward: -32.107090
Max steps in win: 0
Avg steps in win: 0
