Solving team problem
Projecting team problem
Metadata not stated!
Metadata not stated!
Metadata not stated!
{'/home/eliranab/FDMAP/Resources/problems/DT-2x1_2A_agent1.pomdpx': 0.1, '/home/eliranab/FDMAP/Resources/problems/DT-2x1_2A_agent2.pomdpx': 0.1}
Projection took 3.385416
Solving DT-2x1_2A_agent1 with precision 0.100000
Solving DT-2x1_2A_agent2 with precision 0.100000
Aligning
['/home/eliranab/FDMAP/Resources/graphs/DT-2x1_2A_agent2.dot', '/home/eliranab/FDMAP/Resources/graphs/DT-2x1_2A_agent1.dot']
Metadata not stated!
Took 0.140777
Simulating
===Start sim for horizon 1===
Won 0 out of 1000 nonempty games, 0 percent
Won 0 out of 1000 games, 0 percent
With empty states, avg accumulated discounted reward: -2.000000
Without empty states, avg accumulated discounted reward: -2.000000
Max steps in win: 0
Avg steps in win: 0
===Start sim for horizon 2===
Won 0 out of 1000 nonempty games, 0 percent
Won 0 out of 1000 games, 0 percent
With empty states, avg accumulated discounted reward: -2.010128
Without empty states, avg accumulated discounted reward: -2.010128
Max steps in win: 0
Avg steps in win: 0
===Start sim for horizon 3===
Won 0 out of 1000 nonempty games, 0 percent
Won 0 out of 1000 games, 0 percent
With empty states, avg accumulated discounted reward: 4.145293
Without empty states, avg accumulated discounted reward: 4.145293
Max steps in win: 0
Avg steps in win: 0
===Start sim for horizon 4===
Won 0 out of 1000 nonempty games, 0 percent
Won 0 out of 1000 games, 0 percent
With empty states, avg accumulated discounted reward: 2.622680
Without empty states, avg accumulated discounted reward: 2.622680
Max steps in win: 0
Avg steps in win: 0
===Start sim for horizon 5===
Won 0 out of 1000 nonempty games, 0 percent
Won 0 out of 1000 games, 0 percent
With empty states, avg accumulated discounted reward: 1.474593
Without empty states, avg accumulated discounted reward: 1.474593
Max steps in win: 0
Avg steps in win: 0
===Start sim for horizon 6===
Won 0 out of 1000 nonempty games, 0 percent
Won 0 out of 1000 games, 0 percent
With empty states, avg accumulated discounted reward: 1.372166
Without empty states, avg accumulated discounted reward: 1.372166
Max steps in win: 0
Avg steps in win: 0
===Start sim for horizon 7===
Won 0 out of 1000 nonempty games, 0 percent
Won 0 out of 1000 games, 0 percent
With empty states, avg accumulated discounted reward: 0.565325
Without empty states, avg accumulated discounted reward: 0.565325
Max steps in win: 0
Avg steps in win: 0
===Start sim for horizon 8===
Won 0 out of 1000 nonempty games, 0 percent
Won 0 out of 1000 games, 0 percent
With empty states, avg accumulated discounted reward: -1.322016
Without empty states, avg accumulated discounted reward: -1.322016
Max steps in win: 0
Avg steps in win: 0
===Start sim for horizon 9===
Won 0 out of 1000 nonempty games, 0 percent
Won 0 out of 1000 games, 0 percent
With empty states, avg accumulated discounted reward: -2.131206
Without empty states, avg accumulated discounted reward: -2.131206
Max steps in win: 0
Avg steps in win: 0
===Start sim for horizon 10===
Won 0 out of 1000 nonempty games, 0 percent
Won 0 out of 1000 games, 0 percent
With empty states, avg accumulated discounted reward: -0.979170
Without empty states, avg accumulated discounted reward: -0.979170
Max steps in win: 0
Avg steps in win: 0
===Start sim for horizon 11===
Won 0 out of 1000 nonempty games, 0 percent
Won 0 out of 1000 games, 0 percent
With empty states, avg accumulated discounted reward: -4.151097
Without empty states, avg accumulated discounted reward: -4.151097
Max steps in win: 0
Avg steps in win: 0
===Start sim for horizon 12===
Won 0 out of 1000 nonempty games, 0 percent
Won 0 out of 1000 games, 0 percent
With empty states, avg accumulated discounted reward: -3.795945
Without empty states, avg accumulated discounted reward: -3.795945
Max steps in win: 0
Avg steps in win: 0
===Start sim for horizon 13===
Won 0 out of 1000 nonempty games, 0 percent
Won 0 out of 1000 games, 0 percent
With empty states, avg accumulated discounted reward: -4.332677
Without empty states, avg accumulated discounted reward: -4.332677
Max steps in win: 0
Avg steps in win: 0
===Start sim for horizon 14===
Won 0 out of 1000 nonempty games, 0 percent
Won 0 out of 1000 games, 0 percent
With empty states, avg accumulated discounted reward: -4.756902
Without empty states, avg accumulated discounted reward: -4.756902
Max steps in win: 0
Avg steps in win: 0
===Start sim for horizon 15===
Won 0 out of 1000 nonempty games, 0 percent
Won 0 out of 1000 games, 0 percent
With empty states, avg accumulated discounted reward: -6.895697
Without empty states, avg accumulated discounted reward: -6.895697
Max steps in win: 0
Avg steps in win: 0
===Start sim for horizon 16===
Won 0 out of 1000 nonempty games, 0 percent
Won 0 out of 1000 games, 0 percent
With empty states, avg accumulated discounted reward: -7.587304
Without empty states, avg accumulated discounted reward: -7.587304
Max steps in win: 0
Avg steps in win: 0
===Start sim for horizon 17===
Won 0 out of 1000 nonempty games, 0 percent
Won 0 out of 1000 games, 0 percent
With empty states, avg accumulated discounted reward: -8.720568
Without empty states, avg accumulated discounted reward: -8.720568
Max steps in win: 0
Avg steps in win: 0
===Start sim for horizon 18===
Won 0 out of 1000 nonempty games, 0 percent
Won 0 out of 1000 games, 0 percent
With empty states, avg accumulated discounted reward: -9.401889
Without empty states, avg accumulated discounted reward: -9.401889
Max steps in win: 0
Avg steps in win: 0
===Start sim for horizon 19===
Won 0 out of 1000 nonempty games, 0 percent
Won 0 out of 1000 games, 0 percent
With empty states, avg accumulated discounted reward: -9.958584
Without empty states, avg accumulated discounted reward: -9.958584
Max steps in win: 0
Avg steps in win: 0
===Start sim for horizon 20===
Won 0 out of 1000 nonempty games, 0 percent
Won 0 out of 1000 games, 0 percent
With empty states, avg accumulated discounted reward: -8.044532
Without empty states, avg accumulated discounted reward: -8.044532
Max steps in win: 0
Avg steps in win: 0
===Start sim for horizon 21===
Won 0 out of 1000 nonempty games, 0 percent
Won 0 out of 1000 games, 0 percent
With empty states, avg accumulated discounted reward: -9.967743
Without empty states, avg accumulated discounted reward: -9.967743
Max steps in win: 0
Avg steps in win: 0
===Start sim for horizon 22===
Won 0 out of 1000 nonempty games, 0 percent
Won 0 out of 1000 games, 0 percent
With empty states, avg accumulated discounted reward: -10.038164
Without empty states, avg accumulated discounted reward: -10.038164
Max steps in win: 0
Avg steps in win: 0
===Start sim for horizon 23===
Won 0 out of 1000 nonempty games, 0 percent
Won 0 out of 1000 games, 0 percent
With empty states, avg accumulated discounted reward: -12.865018
Without empty states, avg accumulated discounted reward: -12.865018
Max steps in win: 0
Avg steps in win: 0
===Start sim for horizon 24===
Won 0 out of 1000 nonempty games, 0 percent
Won 0 out of 1000 games, 0 percent
With empty states, avg accumulated discounted reward: -12.899673
Without empty states, avg accumulated discounted reward: -12.899673
Max steps in win: 0
Avg steps in win: 0
===Start sim for horizon 25===
Won 0 out of 1000 nonempty games, 0 percent
Won 0 out of 1000 games, 0 percent
With empty states, avg accumulated discounted reward: -12.602671
Without empty states, avg accumulated discounted reward: -12.602671
Max steps in win: 0
Avg steps in win: 0
===Start sim for horizon 26===
Won 0 out of 1000 nonempty games, 0 percent
Won 0 out of 1000 games, 0 percent
With empty states, avg accumulated discounted reward: -14.776274
Without empty states, avg accumulated discounted reward: -14.776274
Max steps in win: 0
Avg steps in win: 0
===Start sim for horizon 27===
Won 0 out of 1000 nonempty games, 0 percent
Won 0 out of 1000 games, 0 percent
With empty states, avg accumulated discounted reward: -15.903922
Without empty states, avg accumulated discounted reward: -15.903922
Max steps in win: 0
Avg steps in win: 0
===Start sim for horizon 28===
Won 0 out of 1000 nonempty games, 0 percent
Won 0 out of 1000 games, 0 percent
With empty states, avg accumulated discounted reward: -17.173922
Without empty states, avg accumulated discounted reward: -17.173922
Max steps in win: 0
Avg steps in win: 0
===Start sim for horizon 29===
Won 0 out of 1000 nonempty games, 0 percent
Won 0 out of 1000 games, 0 percent
With empty states, avg accumulated discounted reward: -16.177923
Without empty states, avg accumulated discounted reward: -16.177923
Max steps in win: 0
Avg steps in win: 0
===Start sim for horizon 30===
Won 0 out of 1000 nonempty games, 0 percent
Won 0 out of 1000 games, 0 percent
With empty states, avg accumulated discounted reward: -17.659385
Without empty states, avg accumulated discounted reward: -17.659385
Max steps in win: 0
Avg steps in win: 0
===Start sim for horizon 31===
Won 0 out of 1000 nonempty games, 0 percent
Won 0 out of 1000 games, 0 percent
With empty states, avg accumulated discounted reward: -15.226780
Without empty states, avg accumulated discounted reward: -15.226780
Max steps in win: 0
Avg steps in win: 0
===Start sim for horizon 32===
Won 0 out of 1000 nonempty games, 0 percent
Won 0 out of 1000 games, 0 percent
With empty states, avg accumulated discounted reward: -18.074834
Without empty states, avg accumulated discounted reward: -18.074834
Max steps in win: 0
Avg steps in win: 0
===Start sim for horizon 33===
Won 0 out of 1000 nonempty games, 0 percent
Won 0 out of 1000 games, 0 percent
With empty states, avg accumulated discounted reward: -18.605492
Without empty states, avg accumulated discounted reward: -18.605492
Max steps in win: 0
Avg steps in win: 0
===Start sim for horizon 34===
Won 0 out of 1000 nonempty games, 0 percent
Won 0 out of 1000 games, 0 percent
With empty states, avg accumulated discounted reward: -19.742570
Without empty states, avg accumulated discounted reward: -19.742570
Max steps in win: 0
Avg steps in win: 0
===Start sim for horizon 35===
Won 0 out of 1000 nonempty games, 0 percent
Won 0 out of 1000 games, 0 percent
With empty states, avg accumulated discounted reward: -23.237900
Without empty states, avg accumulated discounted reward: -23.237900
Max steps in win: 0
Avg steps in win: 0
===Start sim for horizon 36===
Won 0 out of 1000 nonempty games, 0 percent
Won 0 out of 1000 games, 0 percent
With empty states, avg accumulated discounted reward: -21.148093
Without empty states, avg accumulated discounted reward: -21.148093
Max steps in win: 0
Avg steps in win: 0
===Start sim for horizon 37===
Won 0 out of 1000 nonempty games, 0 percent
Won 0 out of 1000 games, 0 percent
With empty states, avg accumulated discounted reward: -21.077869
Without empty states, avg accumulated discounted reward: -21.077869
Max steps in win: 0
Avg steps in win: 0
===Start sim for horizon 38===
Won 0 out of 1000 nonempty games, 0 percent
Won 0 out of 1000 games, 0 percent
With empty states, avg accumulated discounted reward: -21.924525
Without empty states, avg accumulated discounted reward: -21.924525
Max steps in win: 0
Avg steps in win: 0
===Start sim for horizon 39===
Won 0 out of 1000 nonempty games, 0 percent
Won 0 out of 1000 games, 0 percent
With empty states, avg accumulated discounted reward: -22.785123
Without empty states, avg accumulated discounted reward: -22.785123
Max steps in win: 0
Avg steps in win: 0
===Start sim for horizon 40===
Won 0 out of 1000 nonempty games, 0 percent
Won 0 out of 1000 games, 0 percent
With empty states, avg accumulated discounted reward: -22.604979
Without empty states, avg accumulated discounted reward: -22.604979
Max steps in win: 0
Avg steps in win: 0
===Start sim for horizon 41===
Won 0 out of 1000 nonempty games, 0 percent
Won 0 out of 1000 games, 0 percent
With empty states, avg accumulated discounted reward: -23.824596
Without empty states, avg accumulated discounted reward: -23.824596
Max steps in win: 0
Avg steps in win: 0
===Start sim for horizon 42===
Won 0 out of 1000 nonempty games, 0 percent
Won 0 out of 1000 games, 0 percent
With empty states, avg accumulated discounted reward: -24.545834
Without empty states, avg accumulated discounted reward: -24.545834
Max steps in win: 0
Avg steps in win: 0
===Start sim for horizon 43===
Won 0 out of 1000 nonempty games, 0 percent
Won 0 out of 1000 games, 0 percent
With empty states, avg accumulated discounted reward: -25.563688
Without empty states, avg accumulated discounted reward: -25.563688
Max steps in win: 0
Avg steps in win: 0
===Start sim for horizon 44===
Won 0 out of 1000 nonempty games, 0 percent
Won 0 out of 1000 games, 0 percent
With empty states, avg accumulated discounted reward: -27.304285
Without empty states, avg accumulated discounted reward: -27.304285
Max steps in win: 0
Avg steps in win: 0
===Start sim for horizon 45===
Won 0 out of 1000 nonempty games, 0 percent
Won 0 out of 1000 games, 0 percent
With empty states, avg accumulated discounted reward: -25.819486
Without empty states, avg accumulated discounted reward: -25.819486
Max steps in win: 0
Avg steps in win: 0
===Start sim for horizon 46===
Won 0 out of 1000 nonempty games, 0 percent
Won 0 out of 1000 games, 0 percent
With empty states, avg accumulated discounted reward: -26.627634
Without empty states, avg accumulated discounted reward: -26.627634
Max steps in win: 0
Avg steps in win: 0
===Start sim for horizon 47===
Won 0 out of 1000 nonempty games, 0 percent
Won 0 out of 1000 games, 0 percent
With empty states, avg accumulated discounted reward: -29.734022
Without empty states, avg accumulated discounted reward: -29.734022
Max steps in win: 0
Avg steps in win: 0
===Start sim for horizon 48===
Won 0 out of 1000 nonempty games, 0 percent
Won 0 out of 1000 games, 0 percent
With empty states, avg accumulated discounted reward: -27.925815
Without empty states, avg accumulated discounted reward: -27.925815
Max steps in win: 0
Avg steps in win: 0
===Start sim for horizon 49===
Won 0 out of 1000 nonempty games, 0 percent
Won 0 out of 1000 games, 0 percent
With empty states, avg accumulated discounted reward: -28.620190
Without empty states, avg accumulated discounted reward: -28.620190
Max steps in win: 0
Avg steps in win: 0
===Start sim for horizon 50===
Won 0 out of 1000 nonempty games, 0 percent
Won 0 out of 1000 games, 0 percent
With empty states, avg accumulated discounted reward: -28.607209
Without empty states, avg accumulated discounted reward: -28.607209
Max steps in win: 0
Avg steps in win: 0
===Start sim for horizon 51===
Won 0 out of 1000 nonempty games, 0 percent
Won 0 out of 1000 games, 0 percent
With empty states, avg accumulated discounted reward: -31.645706
Without empty states, avg accumulated discounted reward: -31.645706
Max steps in win: 0
Avg steps in win: 0
===Start sim for horizon 52===
Won 0 out of 1000 nonempty games, 0 percent
Won 0 out of 1000 games, 0 percent
With empty states, avg accumulated discounted reward: -30.069037
Without empty states, avg accumulated discounted reward: -30.069037
Max steps in win: 0
Avg steps in win: 0
===Start sim for horizon 53===
Won 0 out of 1000 nonempty games, 0 percent
Won 0 out of 1000 games, 0 percent
With empty states, avg accumulated discounted reward: -30.368922
Without empty states, avg accumulated discounted reward: -30.368922
Max steps in win: 0
Avg steps in win: 0
===Start sim for horizon 54===
Won 0 out of 1000 nonempty games, 0 percent
Won 0 out of 1000 games, 0 percent
With empty states, avg accumulated discounted reward: -31.990108
Without empty states, avg accumulated discounted reward: -31.990108
Max steps in win: 0
Avg steps in win: 0
===Start sim for horizon 55===
Won 0 out of 1000 nonempty games, 0 percent
Won 0 out of 1000 games, 0 percent
With empty states, avg accumulated discounted reward: -31.451559
Without empty states, avg accumulated discounted reward: -31.451559
Max steps in win: 0
Avg steps in win: 0
===Start sim for horizon 56===
Won 0 out of 1000 nonempty games, 0 percent
Won 0 out of 1000 games, 0 percent
With empty states, avg accumulated discounted reward: -33.251878
Without empty states, avg accumulated discounted reward: -33.251878
Max steps in win: 0
Avg steps in win: 0
===Start sim for horizon 57===
Won 0 out of 1000 nonempty games, 0 percent/home/eliranab/FDMAP/POMDPX/POMDPX.py:483: FutureWarning: elementwise comparison failed; returning scalar instead, but in the future will perform elementwise comparison
  if cur_entry.table == "uniform":

Won 0 out of 1000 games, 0 percent
With empty states, avg accumulated discounted reward: -31.828528
Without empty states, avg accumulated discounted reward: -31.828528
Max steps in win: 0
Avg steps in win: 0
===Start sim for horizon 58===
Won 0 out of 1000 nonempty games, 0 percent
Won 0 out of 1000 games, 0 percent
With empty states, avg accumulated discounted reward: -35.229112
Without empty states, avg accumulated discounted reward: -35.229112
Max steps in win: 0
Avg steps in win: 0
===Start sim for horizon 59===
Won 0 out of 1000 nonempty games, 0 percent
Won 0 out of 1000 games, 0 percent
With empty states, avg accumulated discounted reward: -35.366046
Without empty states, avg accumulated discounted reward: -35.366046
Max steps in win: 0
Avg steps in win: 0
