Solving team problem
Projecting team problem
Metadata not stated!
Metadata not stated!
Metadata not stated!
{'/home/eliranab/FDMAP/Resources/problems/DT-2x1_2A_agent1.pomdpx': 0.5, '/home/eliranab/FDMAP/Resources/problems/DT-2x1_2A_agent2.pomdpx': 0.5}
Projection took 5.346904
Solving DT-2x1_2A_agent1 with precision 0.500000
Solving DT-2x1_2A_agent2 with precision 0.500000
Aligning
['/home/eliranab/FDMAP/Resources/graphs/DT-2x1_2A_agent2.dot', '/home/eliranab/FDMAP/Resources/graphs/DT-2x1_2A_agent1.dot']
Metadata not stated!
Took 0.179866
Simulating
===Start sim for horizon 1===
Won 0 out of 1000 nonempty games, 0 percent
Won 0 out of 1000 games, 0 percent
With empty states, avg accumulated discounted reward: -2.000000
Without empty states, avg accumulated discounted reward: -2.000000
Max steps in win: 0
Avg steps in win: 0
===Start sim for horizon 2===
Won 0 out of 1000 nonempty games, 0 percent
Won 0 out of 1000 games, 0 percent
With empty states, avg accumulated discounted reward: -2.009672
Without empty states, avg accumulated discounted reward: -2.009672
Max steps in win: 0
Avg steps in win: 0
===Start sim for horizon 3===
Won 0 out of 1000 nonempty games, 0 percent
Won 0 out of 1000 games, 0 percent
With empty states, avg accumulated discounted reward: 11.173084
Without empty states, avg accumulated discounted reward: 11.173084
Max steps in win: 0
Avg steps in win: 0
===Start sim for horizon 4===
Won 0 out of 1000 nonempty games, 0 percent
Won 0 out of 1000 games, 0 percent
With empty states, avg accumulated discounted reward: 8.242337
Without empty states, avg accumulated discounted reward: 8.242337
Max steps in win: 0
Avg steps in win: 0
===Start sim for horizon 5===
Won 0 out of 1000 nonempty games, 0 percent
Won 0 out of 1000 games, 0 percent
With empty states, avg accumulated discounted reward: 8.421733
Without empty states, avg accumulated discounted reward: 8.421733
Max steps in win: 0
Avg steps in win: 0
===Start sim for horizon 6===
Won 0 out of 1000 nonempty games, 0 percent
Won 0 out of 1000 games, 0 percent
With empty states, avg accumulated discounted reward: 9.435106
Without empty states, avg accumulated discounted reward: 9.435106
Max steps in win: 0
Avg steps in win: 0
===Start sim for horizon 7===
Won 0 out of 1000 nonempty games, 0 percent
Won 0 out of 1000 games, 0 percent
With empty states, avg accumulated discounted reward: 8.587670
Without empty states, avg accumulated discounted reward: 8.587670
Max steps in win: 0
Avg steps in win: 0
===Start sim for horizon 8===
Won 0 out of 1000 nonempty games, 0 percent
Won 0 out of 1000 games, 0 percent
With empty states, avg accumulated discounted reward: 7.951653
Without empty states, avg accumulated discounted reward: 7.951653
Max steps in win: 0
Avg steps in win: 0
===Start sim for horizon 9===
Won 0 out of 1000 nonempty games, 0 percent
Won 0 out of 1000 games, 0 percent
With empty states, avg accumulated discounted reward: 8.449812
Without empty states, avg accumulated discounted reward: 8.449812
Max steps in win: 0
Avg steps in win: 0
===Start sim for horizon 10===
Won 0 out of 1000 nonempty games, 0 percent
Won 0 out of 1000 games, 0 percent
With empty states, avg accumulated discounted reward: 10.962304
Without empty states, avg accumulated discounted reward: 10.962304
Max steps in win: 0
Avg steps in win: 0
===Start sim for horizon 11===
Won 0 out of 1000 nonempty games, 0 percent
Won 0 out of 1000 games, 0 percent
With empty states, avg accumulated discounted reward: 8.967479
Without empty states, avg accumulated discounted reward: 8.967479
Max steps in win: 0
Avg steps in win: 0
===Start sim for horizon 12===
Won 0 out of 1000 nonempty games, 0 percent
Won 0 out of 1000 games, 0 percent
With empty states, avg accumulated discounted reward: 9.918323
Without empty states, avg accumulated discounted reward: 9.918323
Max steps in win: 0
Avg steps in win: 0
===Start sim for horizon 13===
Won 0 out of 1000 nonempty games, 0 percent
Won 0 out of 1000 games, 0 percent
With empty states, avg accumulated discounted reward: 13.924241
Without empty states, avg accumulated discounted reward: 13.924241
Max steps in win: 0
Avg steps in win: 0
===Start sim for horizon 14===
Won 0 out of 1000 nonempty games, 0 percent
Won 0 out of 1000 games, 0 percent
With empty states, avg accumulated discounted reward: 11.311031
Without empty states, avg accumulated discounted reward: 11.311031
Max steps in win: 0
Avg steps in win: 0
===Start sim for horizon 15===
Won 0 out of 1000 nonempty games, 0 percent
Won 0 out of 1000 games, 0 percent
With empty states, avg accumulated discounted reward: 15.189942
Without empty states, avg accumulated discounted reward: 15.189942
Max steps in win: 0
Avg steps in win: 0
===Start sim for horizon 16===
Won 0 out of 1000 nonempty games, 0 percent
Won 0 out of 1000 games, 0 percent
With empty states, avg accumulated discounted reward: 12.773302
Without empty states, avg accumulated discounted reward: 12.773302
Max steps in win: 0
Avg steps in win: 0
===Start sim for horizon 17===
Won 0 out of 1000 nonempty games, 0 percent
Won 0 out of 1000 games, 0 percent
With empty states, avg accumulated discounted reward: 14.306382
Without empty states, avg accumulated discounted reward: 14.306382
Max steps in win: 0
Avg steps in win: 0
===Start sim for horizon 18===
Won 0 out of 1000 nonempty games, 0 percent
Won 0 out of 1000 games, 0 percent
With empty states, avg accumulated discounted reward: 13.638038
Without empty states, avg accumulated discounted reward: 13.638038
Max steps in win: 0
Avg steps in win: 0
===Start sim for horizon 19===
Won 0 out of 1000 nonempty games, 0 percent
Won 0 out of 1000 games, 0 percent
With empty states, avg accumulated discounted reward: 16.944412
Without empty states, avg accumulated discounted reward: 16.944412
Max steps in win: 0
Avg steps in win: 0
===Start sim for horizon 20===
Won 0 out of 1000 nonempty games, 0 percent
Won 0 out of 1000 games, 0 percent
With empty states, avg accumulated discounted reward: 14.420536
Without empty states, avg accumulated discounted reward: 14.420536
Max steps in win: 0
Avg steps in win: 0
===Start sim for horizon 21===
Won 0 out of 1000 nonempty games, 0 percent
Won 0 out of 1000 games, 0 percent
With empty states, avg accumulated discounted reward: 17.030934
Without empty states, avg accumulated discounted reward: 17.030934
Max steps in win: 0
Avg steps in win: 0
===Start sim for horizon 22===
Won 0 out of 1000 nonempty games, 0 percent
Won 0 out of 1000 games, 0 percent
With empty states, avg accumulated discounted reward: 16.255893
Without empty states, avg accumulated discounted reward: 16.255893
Max steps in win: 0
Avg steps in win: 0
===Start sim for horizon 23===
Won 0 out of 1000 nonempty games, 0 percent
Won 0 out of 1000 games, 0 percent
With empty states, avg accumulated discounted reward: 15.966974
Without empty states, avg accumulated discounted reward: 15.966974
Max steps in win: 0
Avg steps in win: 0
===Start sim for horizon 24===
Won 0 out of 1000 nonempty games, 0 percent
Won 0 out of 1000 games, 0 percent
With empty states, avg accumulated discounted reward: 18.193279
Without empty states, avg accumulated discounted reward: 18.193279
Max steps in win: 0
Avg steps in win: 0
===Start sim for horizon 25===
Won 0 out of 1000 nonempty games, 0 percent
Won 0 out of 1000 games, 0 percent
With empty states, avg accumulated discounted reward: 18.339082
Without empty states, avg accumulated discounted reward: 18.339082
Max steps in win: 0
Avg steps in win: 0
===Start sim for horizon 26===
Won 0 out of 1000 nonempty games, 0 percent
Won 0 out of 1000 games, 0 percent
With empty states, avg accumulated discounted reward: 16.723254
Without empty states, avg accumulated discounted reward: 16.723254
Max steps in win: 0
Avg steps in win: 0
===Start sim for horizon 27===
Won 0 out of 1000 nonempty games, 0 percent
Won 0 out of 1000 games, 0 percent
With empty states, avg accumulated discounted reward: 22.289613
Without empty states, avg accumulated discounted reward: 22.289613
Max steps in win: 0
Avg steps in win: 0
===Start sim for horizon 28===
Won 0 out of 1000 nonempty games, 0 percent
/home/eliranab/FDMAP/POMDPX/POMDPX.py:483: FutureWarning: elementwise comparison failed; returning scalar instead, but in the future will perform elementwise comparison
  if cur_entry.table == "uniform":
Won 0 out of 1000 games, 0 percent
With empty states, avg accumulated discounted reward: 22.650755
Without empty states, avg accumulated discounted reward: 22.650755
Max steps in win: 0
Avg steps in win: 0
===Start sim for horizon 29===
Won 0 out of 1000 nonempty games, 0 percent
Won 0 out of 1000 games, 0 percent
With empty states, avg accumulated discounted reward: 22.250323
Without empty states, avg accumulated discounted reward: 22.250323
Max steps in win: 0
Avg steps in win: 0
===Start sim for horizon 30===
Won 0 out of 1000 nonempty games, 0 percent
Won 0 out of 1000 games, 0 percent
With empty states, avg accumulated discounted reward: 20.169717
Without empty states, avg accumulated discounted reward: 20.169717
Max steps in win: 0
Avg steps in win: 0
===Start sim for horizon 31===
Won 0 out of 1000 nonempty games, 0 percent
Won 0 out of 1000 games, 0 percent
With empty states, avg accumulated discounted reward: 19.239823
Without empty states, avg accumulated discounted reward: 19.239823
Max steps in win: 0
Avg steps in win: 0
===Start sim for horizon 32===
Won 0 out of 1000 nonempty games, 0 percent
Won 0 out of 1000 games, 0 percent
With empty states, avg accumulated discounted reward: 20.185579
Without empty states, avg accumulated discounted reward: 20.185579
Max steps in win: 0
Avg steps in win: 0
===Start sim for horizon 33===
Won 0 out of 1000 nonempty games, 0 percent
Won 0 out of 1000 games, 0 percent
With empty states, avg accumulated discounted reward: 24.059801
Without empty states, avg accumulated discounted reward: 24.059801
Max steps in win: 0
Avg steps in win: 0
===Start sim for horizon 34===
Won 0 out of 1000 nonempty games, 0 percent
Won 0 out of 1000 games, 0 percent
With empty states, avg accumulated discounted reward: 22.966051
Without empty states, avg accumulated discounted reward: 22.966051
Max steps in win: 0
Avg steps in win: 0
===Start sim for horizon 35===
Won 0 out of 1000 nonempty games, 0 percent
Won 0 out of 1000 games, 0 percent
With empty states, avg accumulated discounted reward: 19.643849
Without empty states, avg accumulated discounted reward: 19.643849
Max steps in win: 0
Avg steps in win: 0
===Start sim for horizon 36===
Won 0 out of 1000 nonempty games, 0 percent
Won 0 out of 1000 games, 0 percent
With empty states, avg accumulated discounted reward: 23.451764
Without empty states, avg accumulated discounted reward: 23.451764
Max steps in win: 0
Avg steps in win: 0
===Start sim for horizon 37===
Won 0 out of 1000 nonempty games, 0 percent
Won 0 out of 1000 games, 0 percent
With empty states, avg accumulated discounted reward: 23.651778
Without empty states, avg accumulated discounted reward: 23.651778
Max steps in win: 0
Avg steps in win: 0
===Start sim for horizon 38===
Won 0 out of 1000 nonempty games, 0 percent
Won 0 out of 1000 games, 0 percent
With empty states, avg accumulated discounted reward: 25.538022
Without empty states, avg accumulated discounted reward: 25.538022
Max steps in win: 0
Avg steps in win: 0
===Start sim for horizon 39===
Won 0 out of 1000 nonempty games, 0 percent
Won 0 out of 1000 games, 0 percent
With empty states, avg accumulated discounted reward: 24.000748
Without empty states, avg accumulated discounted reward: 24.000748
Max steps in win: 0
Avg steps in win: 0
===Start sim for horizon 40===
Won 0 out of 1000 nonempty games, 0 percent
Won 0 out of 1000 games, 0 percent
With empty states, avg accumulated discounted reward: 23.168134
Without empty states, avg accumulated discounted reward: 23.168134
Max steps in win: 0
Avg steps in win: 0
===Start sim for horizon 41===
Won 0 out of 1000 nonempty games, 0 percent
Won 0 out of 1000 games, 0 percent
With empty states, avg accumulated discounted reward: 21.056940
Without empty states, avg accumulated discounted reward: 21.056940
Max steps in win: 0
Avg steps in win: 0
===Start sim for horizon 42===
Won 0 out of 1000 nonempty games, 0 percent
Won 0 out of 1000 games, 0 percent
With empty states, avg accumulated discounted reward: 22.012216
Without empty states, avg accumulated discounted reward: 22.012216
Max steps in win: 0
Avg steps in win: 0
===Start sim for horizon 43===
Won 0 out of 1000 nonempty games, 0 percent
Won 0 out of 1000 games, 0 percent
With empty states, avg accumulated discounted reward: 24.986493
Without empty states, avg accumulated discounted reward: 24.986493
Max steps in win: 0
Avg steps in win: 0
===Start sim for horizon 44===
Won 0 out of 1000 nonempty games, 0 percent
Won 0 out of 1000 games, 0 percent
With empty states, avg accumulated discounted reward: 26.589155
Without empty states, avg accumulated discounted reward: 26.589155
Max steps in win: 0
Avg steps in win: 0
===Start sim for horizon 45===
Won 0 out of 1000 nonempty games, 0 percent
Won 0 out of 1000 games, 0 percent
With empty states, avg accumulated discounted reward: 26.456525
Without empty states, avg accumulated discounted reward: 26.456525
Max steps in win: 0
Avg steps in win: 0
===Start sim for horizon 46===
Won 0 out of 1000 nonempty games, 0 percent
Won 0 out of 1000 games, 0 percent
With empty states, avg accumulated discounted reward: 27.904939
Without empty states, avg accumulated discounted reward: 27.904939
Max steps in win: 0
Avg steps in win: 0
===Start sim for horizon 47===
Won 0 out of 1000 nonempty games, 0 percent
Won 0 out of 1000 games, 0 percent
With empty states, avg accumulated discounted reward: 27.402592
Without empty states, avg accumulated discounted reward: 27.402592
Max steps in win: 0
Avg steps in win: 0
===Start sim for horizon 48===
Won 0 out of 1000 nonempty games, 0 percent
Won 0 out of 1000 games, 0 percent
With empty states, avg accumulated discounted reward: 24.924954
Without empty states, avg accumulated discounted reward: 24.924954
Max steps in win: 0
Avg steps in win: 0
===Start sim for horizon 49===
Won 0 out of 1000 nonempty games, 0 percent
Won 0 out of 1000 games, 0 percent
With empty states, avg accumulated discounted reward: 30.455477
Without empty states, avg accumulated discounted reward: 30.455477
Max steps in win: 0
Avg steps in win: 0
