Solving team problem
Projecting team problem
Metadata not stated!
Metadata not stated!
Metadata not stated!
{'/home/eliranab/FDMAP/Resources/problems/DT-2x1_2A_agent1.pomdpx': 0.5, '/home/eliranab/FDMAP/Resources/problems/DT-2x1_2A_agent2.pomdpx': 0.5}
Projection took 5.231903
Solving DT-2x1_2A_agent1 with precision 0.500000
Solving DT-2x1_2A_agent2 with precision 0.500000
Aligning
['/home/eliranab/FDMAP/Resources/graphs/DT-2x1_2A_agent2.dot', '/home/eliranab/FDMAP/Resources/graphs/DT-2x1_2A_agent1.dot']
Metadata not stated!
Took 0.161210
Simulating
===Start sim for horizon 1===
Won 0 out of 10000 nonempty games, 0 percent
Won 0 out of 10000 games, 0 percent
With empty states, avg accumulated discounted reward: -2.000000
Without empty states, avg accumulated discounted reward: -2.000000
Max steps in win: 0
Avg steps in win: 0
===Start sim for horizon 2===
Won 0 out of 10000 nonempty games, 0 percent
Won 0 out of 10000 games, 0 percent
With empty states, avg accumulated discounted reward: -2.009940
Without empty states, avg accumulated discounted reward: -2.009940
Max steps in win: 0
Avg steps in win: 0
===Start sim for horizon 3===
Won 0 out of 10000 nonempty games, 0 percent
Won 0 out of 10000 games, 0 percent
With empty states, avg accumulated discounted reward: 11.102291
Without empty states, avg accumulated discounted reward: 11.102291
Max steps in win: 0
Avg steps in win: 0
===Start sim for horizon 4===
Won 0 out of 10000 nonempty games, 0 percent
Won 0 out of 10000 games, 0 percent
With empty states, avg accumulated discounted reward: 9.121568
Without empty states, avg accumulated discounted reward: 9.121568
Max steps in win: 0
Avg steps in win: 0
===Start sim for horizon 5===
Won 0 out of 10000 nonempty games, 0 percent
Won 0 out of 10000 games, 0 percent
With empty states, avg accumulated discounted reward: 8.563143
Without empty states, avg accumulated discounted reward: 8.563143
Max steps in win: 0
Avg steps in win: 0
===Start sim for horizon 6===
Won 0 out of 10000 nonempty games, 0 percent
Won 0 out of 10000 games, 0 percent
With empty states, avg accumulated discounted reward: 9.049256
Without empty states, avg accumulated discounted reward: 9.049256
Max steps in win: 0
Avg steps in win: 0
===Start sim for horizon 7===
Won 0 out of 10000 nonempty games, 0 percent
Won 0 out of 10000 games, 0 percent
With empty states, avg accumulated discounted reward: 8.300325
Without empty states, avg accumulated discounted reward: 8.300325
Max steps in win: 0
Avg steps in win: 0
===Start sim for horizon 8===
Won 0 out of 10000 nonempty games, 0 percent
Won 0 out of 10000 games, 0 percent
With empty states, avg accumulated discounted reward: 9.150638
Without empty states, avg accumulated discounted reward: 9.150638
Max steps in win: 0
Avg steps in win: 0
===Start sim for horizon 9===
Won 0 out of 10000 nonempty games, 0 percent
Won 0 out of 10000 games, 0 percent
With empty states, avg accumulated discounted reward: 8.597414
Without empty states, avg accumulated discounted reward: 8.597414
Max steps in win: 0
Avg steps in win: 0
===Start sim for horizon 10===
Won 0 out of 10000 nonempty games, 0 percent
Won 0 out of 10000 games, 0 percent
With empty states, avg accumulated discounted reward: 10.192951
Without empty states, avg accumulated discounted reward: 10.192951
Max steps in win: 0
Avg steps in win: 0
===Start sim for horizon 11===
Won 0 out of 10000 nonempty games, 0 percent
Won 0 out of 10000 games, 0 percent
With empty states, avg accumulated discounted reward: 9.043888
Without empty states, avg accumulated discounted reward: 9.043888
Max steps in win: 0
Avg steps in win: 0
===Start sim for horizon 12===
Won 0 out of 10000 nonempty games, 0 percent
Won 0 out of 10000 games, 0 percent
With empty states, avg accumulated discounted reward: 10.680980
Without empty states, avg accumulated discounted reward: 10.680980
Max steps in win: 0
Avg steps in win: 0
===Start sim for horizon 13===
Won 0 out of 10000 nonempty games, 0 percent
Won 0 out of 10000 games, 0 percent
With empty states, avg accumulated discounted reward: 12.298844
Without empty states, avg accumulated discounted reward: 12.298844
Max steps in win: 0
Avg steps in win: 0
===Start sim for horizon 14===
Won 0 out of 10000 nonempty games, 0 percent
Won 0 out of 10000 games, 0 percent
With empty states, avg accumulated discounted reward: 12.688550
Without empty states, avg accumulated discounted reward: 12.688550
Max steps in win: 0
Avg steps in win: 0
===Start sim for horizon 15===
Won 0 out of 10000 nonempty games, 0 percent
Won 0 out of 10000 games, 0 percent
With empty states, avg accumulated discounted reward: 14.125079
Without empty states, avg accumulated discounted reward: 14.125079
Max steps in win: 0
Avg steps in win: 0
===Start sim for horizon 16===
Won 0 out of 10000 nonempty games, 0 percent
Won 0 out of 10000 games, 0 percent
With empty states, avg accumulated discounted reward: 14.137389
Without empty states, avg accumulated discounted reward: 14.137389
Max steps in win: 0
Avg steps in win: 0
===Start sim for horizon 17===
Won 0 out of 10000 nonempty games, 0 percent
Won 0 out of 10000 games, 0 percent
With empty states, avg accumulated discounted reward: 15.149112
Without empty states, avg accumulated discounted reward: 15.149112
Max steps in win: 0
Avg steps in win: 0
===Start sim for horizon 18===
Won 0 out of 10000 nonempty games, 0 percent
Won 0 out of 10000 games, 0 percent
With empty states, avg accumulated discounted reward: 14.504789
Without empty states, avg accumulated discounted reward: 14.504789
Max steps in win: 0
Avg steps in win: 0
===Start sim for horizon 19===
Won 0 out of 10000 nonempty games, 0 percent
Won 0 out of 10000 games, 0 percent
With empty states, avg accumulated discounted reward: 15.236715
Without empty states, avg accumulated discounted reward: 15.236715
Max steps in win: 0
Avg steps in win: 0
===Start sim for horizon 20===
Won 0 out of 10000 nonempty games, 0 percent
Won 0 out of 10000 games, 0 percent
With empty states, avg accumulated discounted reward: 16.422617
Without empty states, avg accumulated discounted reward: 16.422617
Max steps in win: 0
Avg steps in win: 0
===Start sim for horizon 21===
Won 0 out of 10000 nonempty games, 0 percent
Won 0 out of 10000 games, 0 percent
With empty states, avg accumulated discounted reward: 15.672443
Without empty states, avg accumulated discounted reward: 15.672443
Max steps in win: 0
Avg steps in win: 0
===Start sim for horizon 22===
Won 0 out of 10000 nonempty games, 0 percent
Won 0 out of 10000 games, 0 percent
With empty states, avg accumulated discounted reward: 16.111151
Without empty states, avg accumulated discounted reward: 16.111151
Max steps in win: 0
Avg steps in win: 0
===Start sim for horizon 23===
Won 0 out of 10000 nonempty games, 0 percent
Won 0 out of 10000 games, 0 percent
With empty states, avg accumulated discounted reward: 16.625419
Without empty states, avg accumulated discounted reward: 16.625419
Max steps in win: 0
Avg steps in win: 0
===Start sim for horizon 24===
Won 0 out of 10000 nonempty games, 0 percent
Won 0 out of 10000 games, 0 percent
With empty states, avg accumulated discounted reward: 18.307721
Without empty states, avg accumulated discounted reward: 18.307721
Max steps in win: 0
Avg steps in win: 0
===Start sim for horizon 25===
Won 0 out of 10000 nonempty games, 0 percent
Won 0 out of 10000 games, 0 percent
With empty states, avg accumulated discounted reward: 17.642265
Without empty states, avg accumulated discounted reward: 17.642265
Max steps in win: 0
Avg steps in win: 0
===Start sim for horizon 26===
Won 0 out of 10000 nonempty games, 0 percent
Won 0 out of 10000 games, 0 percent
With empty states, avg accumulated discounted reward: 18.316782
Without empty states, avg accumulated discounted reward: 18.316782
Max steps in win: 0
Avg steps in win: 0
===Start sim for horizon 27===
Won 0 out of 10000 nonempty games, 0 percent
Won 0 out of 10000 games, 0 percent
With empty states, avg accumulated discounted reward: 18.710510
Without empty states, avg accumulated discounted reward: 18.710510
Max steps in win: 0
Avg steps in win: 0
===Start sim for horizon 28===/home/eliranab/FDMAP/POMDPX/POMDPX.py:483: FutureWarning: elementwise comparison failed; returning scalar instead, but in the future will perform elementwise comparison
  if cur_entry.table == "uniform":

Won 0 out of 10000 nonempty games, 0 percent
Won 0 out of 10000 games, 0 percent
With empty states, avg accumulated discounted reward: 19.919090
Without empty states, avg accumulated discounted reward: 19.919090
Max steps in win: 0
Avg steps in win: 0
===Start sim for horizon 29===
Won 0 out of 10000 nonempty games, 0 percent
Won 0 out of 10000 games, 0 percent
With empty states, avg accumulated discounted reward: 19.781093
Without empty states, avg accumulated discounted reward: 19.781093
Max steps in win: 0
Avg steps in win: 0
===Start sim for horizon 30===
Won 0 out of 10000 nonempty games, 0 percent
Won 0 out of 10000 games, 0 percent
With empty states, avg accumulated discounted reward: 20.103886
Without empty states, avg accumulated discounted reward: 20.103886
Max steps in win: 0
Avg steps in win: 0
===Start sim for horizon 31===
Won 0 out of 10000 nonempty games, 0 percent
Won 0 out of 10000 games, 0 percent
With empty states, avg accumulated discounted reward: 20.083560
Without empty states, avg accumulated discounted reward: 20.083560
Max steps in win: 0
Avg steps in win: 0
===Start sim for horizon 32===
Won 0 out of 10000 nonempty games, 0 percent
Won 0 out of 10000 games, 0 percent
With empty states, avg accumulated discounted reward: 20.144838
Without empty states, avg accumulated discounted reward: 20.144838
Max steps in win: 0
Avg steps in win: 0
===Start sim for horizon 33===
Won 0 out of 10000 nonempty games, 0 percent
Won 0 out of 10000 games, 0 percent
With empty states, avg accumulated discounted reward: 21.749546
Without empty states, avg accumulated discounted reward: 21.749546
Max steps in win: 0
Avg steps in win: 0
===Start sim for horizon 34===
Won 0 out of 10000 nonempty games, 0 percent
Won 0 out of 10000 games, 0 percent
With empty states, avg accumulated discounted reward: 21.897806
Without empty states, avg accumulated discounted reward: 21.897806
Max steps in win: 0
Avg steps in win: 0
===Start sim for horizon 35===
Won 0 out of 10000 nonempty games, 0 percent
Won 0 out of 10000 games, 0 percent
With empty states, avg accumulated discounted reward: 22.802619
Without empty states, avg accumulated discounted reward: 22.802619
Max steps in win: 0
Avg steps in win: 0
===Start sim for horizon 36===
Won 0 out of 10000 nonempty games, 0 percent
Won 0 out of 10000 games, 0 percent
With empty states, avg accumulated discounted reward: 22.881483
Without empty states, avg accumulated discounted reward: 22.881483
Max steps in win: 0
Avg steps in win: 0
===Start sim for horizon 37===
Won 0 out of 10000 nonempty games, 0 percent
Won 0 out of 10000 games, 0 percent
With empty states, avg accumulated discounted reward: 23.272817
Without empty states, avg accumulated discounted reward: 23.272817
Max steps in win: 0
Avg steps in win: 0
===Start sim for horizon 38===
Won 0 out of 10000 nonempty games, 0 percent
Won 0 out of 10000 games, 0 percent
With empty states, avg accumulated discounted reward: 24.119580
Without empty states, avg accumulated discounted reward: 24.119580
Max steps in win: 0
Avg steps in win: 0
===Start sim for horizon 39===
Won 0 out of 10000 nonempty games, 0 percent
Won 0 out of 10000 games, 0 percent
With empty states, avg accumulated discounted reward: 24.204537
Without empty states, avg accumulated discounted reward: 24.204537
Max steps in win: 0
Avg steps in win: 0
===Start sim for horizon 40===
Won 0 out of 10000 nonempty games, 0 percent
Won 0 out of 10000 games, 0 percent
With empty states, avg accumulated discounted reward: 24.617763
Without empty states, avg accumulated discounted reward: 24.617763
Max steps in win: 0
Avg steps in win: 0
===Start sim for horizon 41===
Won 0 out of 10000 nonempty games, 0 percent
Won 0 out of 10000 games, 0 percent
With empty states, avg accumulated discounted reward: 25.128666
Without empty states, avg accumulated discounted reward: 25.128666
Max steps in win: 0
Avg steps in win: 0
===Start sim for horizon 42===
Won 0 out of 10000 nonempty games, 0 percent
Won 0 out of 10000 games, 0 percent
With empty states, avg accumulated discounted reward: 25.231985
Without empty states, avg accumulated discounted reward: 25.231985
Max steps in win: 0
Avg steps in win: 0
===Start sim for horizon 43===
Won 0 out of 10000 nonempty games, 0 percent
Won 0 out of 10000 games, 0 percent
With empty states, avg accumulated discounted reward: 25.710524
Without empty states, avg accumulated discounted reward: 25.710524
Max steps in win: 0
Avg steps in win: 0
===Start sim for horizon 44===
Won 0 out of 10000 nonempty games, 0 percent
Won 0 out of 10000 games, 0 percent
With empty states, avg accumulated discounted reward: 25.636532
Without empty states, avg accumulated discounted reward: 25.636532
Max steps in win: 0
Avg steps in win: 0
===Start sim for horizon 45===
Won 0 out of 10000 nonempty games, 0 percent
Won 0 out of 10000 games, 0 percent
With empty states, avg accumulated discounted reward: 25.806980
Without empty states, avg accumulated discounted reward: 25.806980
Max steps in win: 0
Avg steps in win: 0
===Start sim for horizon 46===
Won 0 out of 10000 nonempty games, 0 percent
Won 0 out of 10000 games, 0 percent
With empty states, avg accumulated discounted reward: 25.836517
Without empty states, avg accumulated discounted reward: 25.836517
Max steps in win: 0
Avg steps in win: 0
===Start sim for horizon 47===
Won 0 out of 10000 nonempty games, 0 percent
Won 0 out of 10000 games, 0 percent
With empty states, avg accumulated discounted reward: 27.734312
Without empty states, avg accumulated discounted reward: 27.734312
Max steps in win: 0
Avg steps in win: 0
===Start sim for horizon 48===
Won 0 out of 10000 nonempty games, 0 percent
Won 0 out of 10000 games, 0 percent
With empty states, avg accumulated discounted reward: 27.465098
Without empty states, avg accumulated discounted reward: 27.465098
Max steps in win: 0
Avg steps in win: 0
===Start sim for horizon 49===
Won 0 out of 10000 nonempty games, 0 percent
Won 0 out of 10000 games, 0 percent
With empty states, avg accumulated discounted reward: 29.249236
Without empty states, avg accumulated discounted reward: 29.249236
Max steps in win: 0
Avg steps in win: 0
