==================Pipeline Sequential INIT on ./pipeline_logs/BP-2x1_2A_1H_0L_TEAM-pipeline-2020-12-01 05:00:05.178978================
==================Pipeline Sequential INIT on ./pipeline_logs/BP-2x2_2A_0H_2L_TEAM-pipeline-2020-12-01 05:00:05.179072================
==================Pipeline Sequential INIT on ./pipeline_logs/BP-2x2_3A_0H_2L_TEAM-pipeline-2020-12-01 05:00:05.179087================
==================Pipeline Sequential INIT on ./pipeline_logs/BP-3x2_3A_0H_2L_TEAM-pipeline-2020-12-01 05:00:05.179098================
==================Pipeline Sequential INIT on ./pipeline_logs/BP-3x2_3A_0H_3L_TEAM-pipeline-2020-12-01 05:00:05.179108================
==================Pipeline Sequential INIT on ./pipeline_logs/BP-3x1_2A_1H_1L_TEAM-pipeline-2020-12-01 05:00:05.179118================
==================Pipeline Sequential INIT on ./pipeline_logs/BPPEN-3x1_2A_1H_1L_TEAM-pipeline-2020-12-01 05:00:05.179127================
==================Pipeline Sequential INIT on ./pipeline_logs/BPPEN-2x2_2A_0H_2L_TEAM-pipeline-2020-12-01 05:00:05.179137================
==================Pipeline Sequential INIT on ./pipeline_logs/BPPEN-2x2_2A_0H_3L_TEAM-pipeline-2020-12-01 05:00:05.179146================
==================Pipeline Starts on ./pipeline_logs/BP-2x1_2A_1H_0L_TEAM-pipeline-2020-12-01 05:00:05.179160================
Solving team problem
Projecting team problem
{'/home/eliranab/FDMAP/Resources/problems/BP-2x1_2A_1H_0L_TEAM_agent1.pomdpx': 5, '/home/eliranab/FDMAP/Resources/problems/BP-2x1_2A_1H_0L_TEAM_agent2.pomdpx': 5}
Projection took 2.874003
Solving BP-2x1_2A_1H_0L_TEAM_agent1 with precision 5.000000
Solving BP-2x1_2A_1H_0L_TEAM_agent2 with precision 5.000000
Aligning
['/home/eliranab/FDMAP/Resources/graphs/BP-2x1_2A_1H_0L_TEAM_agent2.dot', '/home/eliranab/FDMAP/Resources/graphs/BP-2x1_2A_1H_0L_TEAM_agent1.dot']
Took 0.090339
Simulating
===Start sim for horizon 200===
Won 478 out of 478 nonempty games, 100 percent
Won 1000 out of 1000 games, 100 percent
With empty states, avg accumulated discounted reward: 409.396310
Without empty states, avg accumulated discounted reward: 856.477636
Max steps in win: 23
Avg steps in win: 4
==================Pipeline Finished on ./pipeline_logs/BP-2x1_2A_1H_0L_TEAM-pipeline-2020-12-01 05:00:05.179160================
==================Pipeline Starts on ./pipeline_logs/BP-2x2_2A_0H_2L_TEAM-pipeline-2020-12-01 05:00:11.905800================
Solving team problem
Projecting team problem
{'/home/eliranab/FDMAP/Resources/problems/BP-2x2_2A_0H_2L_TEAM_agent1.pomdpx': 5, '/home/eliranab/FDMAP/Resources/problems/BP-2x2_2A_0H_2L_TEAM_agent2.pomdpx': 5}
Projection took 3.821254
Solving BP-2x2_2A_0H_2L_TEAM_agent1 with precision 5.000000
Solving BP-2x2_2A_0H_2L_TEAM_agent2 with precision 5.000000
Aligning
['/home/eliranab/FDMAP/Resources/graphs/BP-2x2_2A_0H_2L_TEAM_agent2.dot', '/home/eliranab/FDMAP/Resources/graphs/BP-2x2_2A_0H_2L_TEAM_agent1.dot']
Took 0.256942
Simulating
===Start sim for horizon 200===
Won 720 out of 720 nonempty games, 100 percent
Won 1000 out of 1000 games, 100 percent
With empty states, avg accumulated discounted reward: 348.203905
Without empty states, avg accumulated discounted reward: 483.616534
Max steps in win: 25
Avg steps in win: 9
==================Pipeline Finished on ./pipeline_logs/BP-2x2_2A_0H_2L_TEAM-pipeline-2020-12-01 05:00:11.905800================
==================Pipeline Starts on ./pipeline_logs/BP-2x2_3A_0H_2L_TEAM-pipeline-2020-12-01 05:00:31.965921================
Solving team problem
==================Pipeline ERROR on ./pipeline_logs/BP-2x2_3A_0H_2L_TEAM-pipeline-2020-12-01 05:00:31.965921: ================
==================Pipeline Starts on ./pipeline_logs/BP-3x2_3A_0H_2L_TEAM-pipeline-2020-12-01 05:00:31.983837================
Solving team problem
Projecting team problem
{'/home/eliranab/FDMAP/Resources/problems/BP-3x2_3A_0H_2L_TEAM_agent1.pomdpx': 5, '/home/eliranab/FDMAP/Resources/problems/BP-3x2_3A_0H_2L_TEAM_agent2.pomdpx': 5, '/home/eliranab/FDMAP/Resources/problems/BP-3x2_3A_0H_2L_TEAM_agent3.pomdpx': 5}
Projection took 8.333529
Solving BP-3x2_3A_0H_2L_TEAM_agent1 with precision 5.000000
Solving BP-3x2_3A_0H_2L_TEAM_agent2 with precision 5.000000
Solving BP-3x2_3A_0H_2L_TEAM_agent3 with precision 5.000000
Aligning
['/home/eliranab/FDMAP/Resources/graphs/BP-3x2_3A_0H_2L_TEAM_agent3.dot', '/home/eliranab/FDMAP/Resources/graphs/BP-3x2_3A_0H_2L_TEAM_agent2.dot', '/home/eliranab/FDMAP/Resources/graphs/BP-3x2_3A_0H_2L_TEAM_agent1.dot']
Took 3.039411
Simulating
===Start sim for horizon 200===
Won 238 out of 738 nonempty games, 32 percent
Won 500 out of 1000 games, 50 percent
With empty states, avg accumulated discounted reward: 39.095836
Without empty states, avg accumulated discounted reward: 52.975388
Max steps in win: 22
Avg steps in win: 8
==================Pipeline Finished on ./pipeline_logs/BP-3x2_3A_0H_2L_TEAM-pipeline-2020-12-01 05:00:31.983837================
==================Pipeline Starts on ./pipeline_logs/BP-3x2_3A_0H_3L_TEAM-pipeline-2020-12-01 05:13:41.088773================
Solving team problem
Projecting team problem
{'/home/eliranab/FDMAP/Resources/problems/BP-3x2_3A_0H_3L_TEAM_agent1.pomdpx': 5, '/home/eliranab/FDMAP/Resources/problems/BP-3x2_3A_0H_3L_TEAM_agent2.pomdpx': 5, '/home/eliranab/FDMAP/Resources/problems/BP-3x2_3A_0H_3L_TEAM_agent3.pomdpx': 5}
Projection took 12.875187
Solving BP-3x2_3A_0H_3L_TEAM_agent1 with precision 5.000000
Solving BP-3x2_3A_0H_3L_TEAM_agent2 with precision 5.000000
Solving BP-3x2_3A_0H_3L_TEAM_agent3 with precision 5.000000
Aligning
['/home/eliranab/FDMAP/Resources/graphs/BP-3x2_3A_0H_3L_TEAM_agent3.dot', '/home/eliranab/FDMAP/Resources/graphs/BP-3x2_3A_0H_3L_TEAM_agent2.dot', '/home/eliranab/FDMAP/Resources/graphs/BP-3x2_3A_0H_3L_TEAM_agent1.dot']
Took 120.474145
Simulating
===Start sim for horizon 200===
Won 759 out of 879 nonempty games, 86 percent
Won 880 out of 1000 games, 88 percent
With empty states, avg accumulated discounted reward: 320.888055
Without empty states, avg accumulated discounted reward: 365.060358
Max steps in win: 44
Avg steps in win: 17
==================Pipeline Finished on ./pipeline_logs/BP-3x2_3A_0H_3L_TEAM-pipeline-2020-12-01 05:13:41.088773================
==================Pipeline Starts on ./pipeline_logs/BP-3x1_2A_1H_1L_TEAM-pipeline-2020-12-01 07:35:47.957897================
Solving team problem
Projecting team problem
{'/home/eliranab/FDMAP/Resources/problems/BP-3x1_2A_1H_1L_TEAM_agent1.pomdpx': 5, '/home/eliranab/FDMAP/Resources/problems/BP-3x1_2A_1H_1L_TEAM_agent2.pomdpx': 5}
Projection took 7.382560
Solving BP-3x1_2A_1H_1L_TEAM_agent1 with precision 5.000000
Solving BP-3x1_2A_1H_1L_TEAM_agent2 with precision 5.000000
Aligning
['/home/eliranab/FDMAP/Resources/graphs/BP-3x1_2A_1H_1L_TEAM_agent2.dot', '/home/eliranab/FDMAP/Resources/graphs/BP-3x1_2A_1H_1L_TEAM_agent1.dot']
Took 0.510437
Simulating
===Start sim for horizon 200===
Won 569 out of 753 nonempty games, 75 percent
Won 816 out of 1000 games, 81 percent
With empty states, avg accumulated discounted reward: -35.040999
Without empty states, avg accumulated discounted reward: -46.535191
Max steps in win: 53
Avg steps in win: 12
==================Pipeline Finished on ./pipeline_logs/BP-3x1_2A_1H_1L_TEAM-pipeline-2020-12-01 07:35:47.957897================
==================Pipeline Starts on ./pipeline_logs/BPPEN-3x1_2A_1H_1L_TEAM-pipeline-2020-12-01 07:37:01.148666================
Solving team problem
Projecting team problem
{'/home/eliranab/FDMAP/Resources/problems/BPPEN-3x1_2A_1H_1L_TEAM_agent1.pomdpx': 5, '/home/eliranab/FDMAP/Resources/problems/BPPEN-3x1_2A_1H_1L_TEAM_agent2.pomdpx': 5}
Projection took 11.615654
Solving BPPEN-3x1_2A_1H_1L_TEAM_agent1 with precision 5.000000
Solving BPPEN-3x1_2A_1H_1L_TEAM_agent2 with precision 5.000000
Aligning
['/home/eliranab/FDMAP/Resources/graphs/BPPEN-3x1_2A_1H_1L_TEAM_agent2.dot', '/home/eliranab/FDMAP/Resources/graphs/BPPEN-3x1_2A_1H_1L_TEAM_agent1.dot']
Took 0.533318
Simulating
===Start sim for horizon 200===
Won 584 out of 766 nonempty games, 76 percent
Won 818 out of 1000 games, 81 percent
With empty states, avg accumulated discounted reward: -19.214980
Without empty states, avg accumulated discounted reward: -25.084830
Max steps in win: 49
Avg steps in win: 13
==================Pipeline Finished on ./pipeline_logs/BPPEN-3x1_2A_1H_1L_TEAM-pipeline-2020-12-01 07:37:01.148666================
==================Pipeline Starts on ./pipeline_logs/BPPEN-2x2_2A_0H_2L_TEAM-pipeline-2020-12-01 07:38:28.897839================
Solving team problem
Projecting team problem
{'/home/eliranab/FDMAP/Resources/problems/BPPEN-2x2_2A_0H_2L_TEAM_agent1.pomdpx': 5, '/home/eliranab/FDMAP/Resources/problems/BPPEN-2x2_2A_0H_2L_TEAM_agent2.pomdpx': 5}
Projection took 15.572305
Solving BPPEN-2x2_2A_0H_2L_TEAM_agent1 with precision 5.000000
Solving BPPEN-2x2_2A_0H_2L_TEAM_agent2 with precision 5.000000
Aligning
['/home/eliranab/FDMAP/Resources/graphs/BPPEN-2x2_2A_0H_2L_TEAM_agent2.dot', '/home/eliranab/FDMAP/Resources/graphs/BPPEN-2x2_2A_0H_2L_TEAM_agent1.dot']
Took 0.381004
Simulating
===Start sim for horizon 200===
Won 757 out of 757 nonempty games, 100 percent
Won 1000 out of 1000 games, 100 percent
With empty states, avg accumulated discounted reward: 370.681564
Without empty states, avg accumulated discounted reward: 489.671815
Max steps in win: 27
Avg steps in win: 10
==================Pipeline Finished on ./pipeline_logs/BPPEN-2x2_2A_0H_2L_TEAM-pipeline-2020-12-01 07:38:28.897839================
==================Pipeline Starts on ./pipeline_logs/BPPEN-2x2_2A_0H_3L_TEAM-pipeline-2020-12-01 07:39:17.125573================
Solving team problem
Projecting team problem
{'/home/eliranab/FDMAP/Resources/problems/BPPEN-2x2_2A_0H_3L_TEAM_agent1.pomdpx': 5, '/home/eliranab/FDMAP/Resources/problems/BPPEN-2x2_2A_0H_3L_TEAM_agent2.pomdpx': 5}
Projection took 28.264511
Solving BPPEN-2x2_2A_0H_3L_TEAM_agent1 with precision 5.000000
Solving BPPEN-2x2_2A_0H_3L_TEAM_agent2 with precision 5.000000
Aligning
['/home/eliranab/FDMAP/Resources/graphs/BPPEN-2x2_2A_0H_3L_TEAM_agent2.dot', '/home/eliranab/FDMAP/Resources/graphs/BPPEN-2x2_2A_0H_3L_TEAM_agent1.dot']
Took 0.867308
Simulating
===Start sim for horizon 200===
Won 864 out of 864 nonempty games, 100 percent
Won 1000 out of 1000 games, 100 percent
With empty states, avg accumulated discounted reward: 519.381519
Without empty states, avg accumulated discounted reward: 601.136017
Max steps in win: 37
Avg steps in win: 15
==================Pipeline Finished on ./pipeline_logs/BPPEN-2x2_2A_0H_3L_TEAM-pipeline-2020-12-01 07:39:17.125573================
