==================Pipeline Sequential INIT on ./pipeline_logs/BPPEN-3x1_2A_1H_1L_TEAM-pipeline-2020-12-01 17:56:37.312331================
==================Pipeline Starts on ./pipeline_logs/BPPEN-3x1_2A_1H_1L_TEAM-pipeline-2020-12-01 17:56:37.312449================
Solving team problem
Projecting team problem
{'/home/eliranab/FDMAP/Resources/problems/BPPEN-3x1_2A_1H_1L_TEAM_agent1.pomdpx': 30, '/home/eliranab/FDMAP/Resources/problems/BPPEN-3x1_2A_1H_1L_TEAM_agent2.pomdpx': 30}
Projection took 6.725453
Solving BPPEN-3x1_2A_1H_1L_TEAM_agent1 with precision 30.000000
Solving BPPEN-3x1_2A_1H_1L_TEAM_agent2 with precision 30.000000
Aligning
['/home/eliranab/FDMAP/Resources/graphs/BPPEN-3x1_2A_1H_1L_TEAM_agent2.dot', '/home/eliranab/FDMAP/Resources/graphs/BPPEN-3x1_2A_1H_1L_TEAM_agent1.dot']
Took 0.281104
Simulating
===Start sim for horizon 200===
Won 735 out of 735 nonempty games, 100 percent
Won 1000 out of 1000 games, 100 percent
With empty states, avg accumulated discounted reward: 562.895536
Without empty states, avg accumulated discounted reward: 765.844266
Max steps in win: 54
Avg steps in win: 15
==================Pipeline Finished on ./pipeline_logs/BPPEN-3x1_2A_1H_1L_TEAM-pipeline-2020-12-01 17:56:37.312449================
