==================Pipeline Sequential INIT on ./pipeline_logs/BPPEN-2x2_2A_0H_3L_TEAM-pipeline-2020-12-01 18:17:14.571052================
==================Pipeline Starts on ./pipeline_logs/BPPEN-2x2_2A_0H_3L_TEAM-pipeline-2020-12-01 18:17:14.571123================
Solving team problem
Projecting team problem
{'/home/eliranab/FDMAP/Resources/problems/BPPEN-2x2_2A_0H_3L_TEAM_agent1.pomdpx': 15, '/home/eliranab/FDMAP/Resources/problems/BPPEN-2x2_2A_0H_3L_TEAM_agent2.pomdpx': 15}
Projection took 14.839094
Solving BPPEN-2x2_2A_0H_3L_TEAM_agent1 with precision 15.000000
Solving BPPEN-2x2_2A_0H_3L_TEAM_agent2 with precision 15.000000
Aligning
['/home/eliranab/FDMAP/Resources/graphs/BPPEN-2x2_2A_0H_3L_TEAM_agent2.dot', '/home/eliranab/FDMAP/Resources/graphs/BPPEN-2x2_2A_0H_3L_TEAM_agent1.dot']
Took 0.539194
Simulating
===Start sim for horizon 200===
Won 864 out of 864 nonempty games, 100 percent
Won 1000 out of 1000 games, 100 percent
With empty states, avg accumulated discounted reward: 510.193729
Without empty states, avg accumulated discounted reward: 590.502002
Max steps in win: 32
Avg steps in win: 15
==================Pipeline Finished on ./pipeline_logs/BPPEN-2x2_2A_0H_3L_TEAM-pipeline-2020-12-01 18:17:14.571123================
