==================Pipeline Sequential INIT on ./pipeline_logs/BP-3x3_2A_2H_1L_TEAM-pipeline-2020-12-01 19:00:40.747328================
==================Pipeline Starts on ./pipeline_logs/BP-3x3_2A_2H_1L_TEAM-pipeline-2020-12-01 19:00:40.761119================
Solving team problem
Projecting team problem
{'/home/eliranab/FDMAP/Resources/problems/BP-3x3_2A_2H_1L_TEAM_agent1.pomdpx': 200, '/home/eliranab/FDMAP/Resources/problems/BP-3x3_2A_2H_1L_TEAM_agent2.pomdpx': 200}
Projection took 6.827963
Solving BP-3x3_2A_2H_1L_TEAM_agent1 with precision 200.000000
Solving BP-3x3_2A_2H_1L_TEAM_agent2 with precision 200.000000
Aligning
['/home/eliranab/FDMAP/Resources/graphs/BP-3x3_2A_2H_1L_TEAM_agent2.dot', '/home/eliranab/FDMAP/Resources/graphs/BP-3x3_2A_2H_1L_TEAM_agent1.dot']
Took 1.870754
Simulating
===Start sim for horizon 200===
Won 868 out of 868 nonempty games, 100 percent
Won 1000 out of 1000 games, 100 percent
With empty states, avg accumulated discounted reward: 321.810674
Without empty states, avg accumulated discounted reward: 370.749624
Max steps in win: 121
Avg steps in win: 39
==================Pipeline Finished on ./pipeline_logs/BP-3x3_2A_2H_1L_TEAM-pipeline-2020-12-01 19:00:40.761119================
