==================Pipeline Sequential INIT on ./pipeline_logs/BP-2x2_2A_0H_2L_TEAM-pipeline-2020-11-30 19:36:10.690023================
==================Pipeline Sequential INIT on ./pipeline_logs/BP-3x2_3A_0H_2L_TEAM-pipeline-2020-11-30 19:36:10.690097================
==================Pipeline Starts on ./pipeline_logs/BP-2x2_2A_0H_2L_TEAM-pipeline-2020-11-30 19:36:10.690106================
Solving team problem
Projecting team problem
{'/home/eliranab/FDMAP/Resources/problems/BP-2x2_2A_0H_2L_TEAM_agent1.pomdpx': 0.5, '/home/eliranab/FDMAP/Resources/problems/BP-2x2_2A_0H_2L_TEAM_agent2.pomdpx': 0.5}
Projection took 3.867182
Solving BP-2x2_2A_0H_2L_TEAM_agent1 with precision 0.500000
Solving BP-2x2_2A_0H_2L_TEAM_agent2 with precision 0.500000
Aligning
['/home/eliranab/FDMAP/Resources/graphs/BP-2x2_2A_0H_2L_TEAM_agent2.dot', '/home/eliranab/FDMAP/Resources/graphs/BP-2x2_2A_0H_2L_TEAM_agent1.dot']
Took 0.226600
Simulating
===Start sim for horizon 200===
Won 754 out of 754 nonempty games, 100 percent
Won 1000 out of 1000 games, 100 percent
With empty states, avg accumulated discounted reward: 354.764405
Without empty states, avg accumulated discounted reward: 470.509822
Max steps in win: 25
Avg steps in win: 10
==================Pipeline Finished on ./pipeline_logs/BP-2x2_2A_0H_2L_TEAM-pipeline-2020-11-30 19:36:10.690106================
==================Pipeline Starts on ./pipeline_logs/BP-3x2_3A_0H_2L_TEAM-pipeline-2020-11-30 19:36:31.982685================
Solving team problem
Projecting team problem
{'/home/eliranab/FDMAP/Resources/problems/BP-3x2_3A_0H_2L_TEAM_agent1.pomdpx': 0.5, '/home/eliranab/FDMAP/Resources/problems/BP-3x2_3A_0H_2L_TEAM_agent2.pomdpx': 0.5, '/home/eliranab/FDMAP/Resources/problems/BP-3x2_3A_0H_2L_TEAM_agent3.pomdpx': 0.5}
Projection took 4.996148
Solving BP-3x2_3A_0H_2L_TEAM_agent1 with precision 0.500000
Solving BP-3x2_3A_0H_2L_TEAM_agent2 with precision 0.500000
Solving BP-3x2_3A_0H_2L_TEAM_agent3 with precision 0.500000
Aligning
['/home/eliranab/FDMAP/Resources/graphs/BP-3x2_3A_0H_2L_TEAM_agent3.dot', '/home/eliranab/FDMAP/Resources/graphs/BP-3x2_3A_0H_2L_TEAM_agent2.dot', '/home/eliranab/FDMAP/Resources/graphs/BP-3x2_3A_0H_2L_TEAM_agent1.dot']
Took 1.689728
Simulating
===Start sim for horizon 200===
Won 558 out of 760 nonempty games, 73 percent
Won 798 out of 1000 games, 79 percent
With empty states, avg accumulated discounted reward: 180.262417
Without empty states, avg accumulated discounted reward: 237.187391
Max steps in win: 28
Avg steps in win: 10
==================Pipeline Finished on ./pipeline_logs/BP-3x2_3A_0H_2L_TEAM-pipeline-2020-11-30 19:36:31.982685================
