==================Pipeline Sequential INIT on ./pipeline_logs/BP-2x2_2A_0H_2L_TEAM-pipeline-2020-11-30 19:43:17.284810================
==================Pipeline Sequential INIT on ./pipeline_logs/BP-3x2_3A_0H_2L_TEAM-pipeline-2020-11-30 19:43:17.284894================
==================Pipeline Starts on ./pipeline_logs/BP-2x2_2A_0H_2L_TEAM-pipeline-2020-11-30 19:43:17.284904================
Solving team problem
Projecting team problem
{'/home/eliranab/FDMAP/Resources/problems/BP-2x2_2A_0H_2L_TEAM_agent1.pomdpx': 10, '/home/eliranab/FDMAP/Resources/problems/BP-2x2_2A_0H_2L_TEAM_agent2.pomdpx': 10}
Projection took 3.764215
Solving BP-2x2_2A_0H_2L_TEAM_agent1 with precision 10.000000
Solving BP-2x2_2A_0H_2L_TEAM_agent2 with precision 10.000000
Aligning
['/home/eliranab/FDMAP/Resources/graphs/BP-2x2_2A_0H_2L_TEAM_agent2.dot', '/home/eliranab/FDMAP/Resources/graphs/BP-2x2_2A_0H_2L_TEAM_agent1.dot']
Took 0.258188
Simulating
===Start sim for horizon 200===
Won 739 out of 739 nonempty games, 100 percent
Won 1000 out of 1000 games, 100 percent
With empty states, avg accumulated discounted reward: 351.905408
Without empty states, avg accumulated discounted reward: 476.191351
Max steps in win: 24
Avg steps in win: 9
==================Pipeline Finished on ./pipeline_logs/BP-2x2_2A_0H_2L_TEAM-pipeline-2020-11-30 19:43:17.284904================
==================Pipeline Starts on ./pipeline_logs/BP-3x2_3A_0H_2L_TEAM-pipeline-2020-11-30 19:43:37.493707================
Solving team problem
Projecting team problem
{'/home/eliranab/FDMAP/Resources/problems/BP-3x2_3A_0H_2L_TEAM_agent1.pomdpx': 10, '/home/eliranab/FDMAP/Resources/problems/BP-3x2_3A_0H_2L_TEAM_agent2.pomdpx': 10, '/home/eliranab/FDMAP/Resources/problems/BP-3x2_3A_0H_2L_TEAM_agent3.pomdpx': 10}
Projection took 4.994223
Solving BP-3x2_3A_0H_2L_TEAM_agent1 with precision 10.000000
Solving BP-3x2_3A_0H_2L_TEAM_agent2 with precision 10.000000
Solving BP-3x2_3A_0H_2L_TEAM_agent3 with precision 10.000000
Aligning
['/home/eliranab/FDMAP/Resources/graphs/BP-3x2_3A_0H_2L_TEAM_agent3.dot', '/home/eliranab/FDMAP/Resources/graphs/BP-3x2_3A_0H_2L_TEAM_agent2.dot', '/home/eliranab/FDMAP/Resources/graphs/BP-3x2_3A_0H_2L_TEAM_agent1.dot']
Took 2.149470
Simulating
===Start sim for horizon 200===
Won 763 out of 763 nonempty games, 100 percent
Won 1000 out of 1000 games, 100 percent
With empty states, avg accumulated discounted reward: 285.682909
Without empty states, avg accumulated discounted reward: 374.420589
Max steps in win: 33
Avg steps in win: 13
==================Pipeline Finished on ./pipeline_logs/BP-3x2_3A_0H_2L_TEAM-pipeline-2020-11-30 19:43:37.493707================
