==================Pipeline Sequential INIT on ./pipeline_logs/BP-3x3_2A_2H_1L_TEAM-pipeline-2020-11-30 20:40:48.933636================
==================Pipeline Starts on ./pipeline_logs/BP-3x3_2A_2H_1L_TEAM-pipeline-2020-11-30 20:40:48.934656================
Solving team problem
Projecting team problem
{'/home/eliranab/FDMAP/Resources/problems/BP-3x3_2A_2H_1L_TEAM_agent1.pomdpx': 250, '/home/eliranab/FDMAP/Resources/problems/BP-3x3_2A_2H_1L_TEAM_agent2.pomdpx': 250}
Projection took 6.350007
Solving BP-3x3_2A_2H_1L_TEAM_agent1 with precision 250.000000
Solving BP-3x3_2A_2H_1L_TEAM_agent2 with precision 250.000000
Aligning
['/home/eliranab/FDMAP/Resources/graphs/BP-3x3_2A_2H_1L_TEAM_agent2.dot', '/home/eliranab/FDMAP/Resources/graphs/BP-3x3_2A_2H_1L_TEAM_agent1.dot']
Took 9.430889
Simulating
===Start sim for horizon 200===
Won 307 out of 875 nonempty games, 35 percent
Won 432 out of 1000 games, 43 percent
With empty states, avg accumulated discounted reward: -1409.771253
Without empty states, avg accumulated discounted reward: -1611.167146
Max steps in win: 89
Avg steps in win: 27
==================Pipeline Finished on ./pipeline_logs/BP-3x3_2A_2H_1L_TEAM-pipeline-2020-11-30 20:40:48.934656================
