==================Pipeline Sequential INIT on ./pipeline_logs/BP-3x3_2A_2H_1L_TEAM-pipeline-2020-12-01 21:11:53.459960================
==================Pipeline Starts on ./pipeline_logs/BP-3x3_2A_2H_1L_TEAM-pipeline-2020-12-01 21:11:53.460118================
Solving team problem
Projecting team problem
{'/home/eliranab/FDMAP/Resources/problems/BP-3x3_2A_2H_1L_TEAM_agent1.pomdpx': 200, '/home/eliranab/FDMAP/Resources/problems/BP-3x3_2A_2H_1L_TEAM_agent2.pomdpx': 200}
Projection took 6.239417
Solving BP-3x3_2A_2H_1L_TEAM_agent1 with precision 200.000000
Solving BP-3x3_2A_2H_1L_TEAM_agent2 with precision 200.000000
Aligning
['/home/eliranab/FDMAP/Resources/graphs/BP-3x3_2A_2H_1L_TEAM_agent2.dot', '/home/eliranab/FDMAP/Resources/graphs/BP-3x3_2A_2H_1L_TEAM_agent1.dot']
Took 10.654736
Simulating
===Start sim for horizon 200===
Won 685 out of 868 nonempty games, 78 percent
Won 817 out of 1000 games, 81 percent
With empty states, avg accumulated discounted reward: -154.504057
Without empty states, avg accumulated discounted reward: -178.000065
Max steps in win: 109
Avg steps in win: 43
==================Pipeline Finished on ./pipeline_logs/BP-3x3_2A_2H_1L_TEAM-pipeline-2020-12-01 21:11:53.460118================
